[35m[1mConsolidate compiler generated dependencies of target global_planning[0m
[ 50%] [32mBuilding CXX object CMakeFiles/global_planning.dir/src/global_planning.cpp.o[0m
In file included from [01m[K/home/kiki/Workspace/drone_monitor/gcopter/include/gcopter/geo_utils.hpp:5[m[K,
                 from [01m[K/home/kiki/Workspace/drone_monitor/gcopter/include/misc/visualizer.hpp:6[m[K,
                 from [01m[K/home/kiki/Workspace/drone_monitor/gcopter/src/global_planning.cpp:1[m[K:
[01m[K/home/kiki/Workspace/drone_monitor/gcopter/include/gcopter/sdlp.hpp:[m[K In function ‘[01m[Kint sdlp::linfracprog(const double*, int, int, const double*, const double*, double*, double*, int*, int*) [with int d = 1][m[K’:
[01m[K/home/kiki/Workspace/drone_monitor/gcopter/include/gcopter/sdlp.hpp:666:41:[m[K [01;35m[Kwarning: [m[Kunused parameter ‘[01m[Kmax_size[m[K’ [[01;35m[K]8;;https://gcc.gnu.org/onlinedocs/gcc/Warning-Options.html#index-Wunused-parameter-Wunused-parameter]8;;[m[K]
  666 |                               [01;35m[Kconst int max_size[m[K,
      |                               [01;35m[K~~~~~~~~~~^~~~~~~~[m[K
[01m[K/home/kiki/Workspace/drone_monitor/gcopter/include/gcopter/sdlp.hpp:671:39:[m[K [01;35m[Kwarning: [m[Kunused parameter ‘[01m[Kwork[m[K’ [[01;35m[K]8;;https://gcc.gnu.org/onlinedocs/gcc/Warning-Options.html#index-Wunused-parameter-Wunused-parameter]8;;[m[K]
  671 |                               [01;35m[Kdouble *work[m[K,
      |                               [01;35m[K~~~~~~~~^~~~[m[K
[01m[K/home/kiki/Workspace/drone_monitor/gcopter/src/global_planning.cpp:[m[K In function ‘[01m[Kint main(int, char**)[m[K’:
[01m[K/home/kiki/Workspace/drone_monitor/gcopter/src/global_planning.cpp:380:51:[m[K [01;31m[Kerror: [m[Kexpected ‘[01m[K)[m[K’ before ‘[01m[K;[m[K’ token
  380 |     rclcpp::spin[34m[K([m[Kstd::make_shared<GlobalPlanner>()[01;31m[K;[m[K
      |                 [34m[K~[m[K                                 [01;31m[K^[m[K
      |                                                   [32m[K)[m[K
gmake[2]: *** [CMakeFiles/global_planning.dir/build.make:76: CMakeFiles/global_planning.dir/src/global_planning.cpp.o] Error 1
gmake[1]: *** [CMakeFiles/Makefile2:137: CMakeFiles/global_planning.dir/all] Error 2
gmake: *** [Makefile:146: all] Error 2
