In file included from [01m[K/home/kiki/Workspace/drone_monitor/gcopter/include/gcopter/geo_utils.hpp:5[m[K,
                 from [01m[K/home/kiki/Workspace/drone_monitor/gcopter/include/misc/visualizer.hpp:6[m[K,
                 from [01m[K/home/kiki/Workspace/drone_monitor/gcopter/src/global_planning.cpp:1[m[K:
[01m[K/home/kiki/Workspace/drone_monitor/gcopter/include/gcopter/sdlp.hpp:[m[K In function ‘[01m[Kint sdlp::linfracprog(const double*, int, int, const double*, const double*, double*, double*, int*, int*) [with int d = 1][m[K’:
[01m[K/home/kiki/Workspace/drone_monitor/gcopter/include/gcopter/sdlp.hpp:666:41:[m[K [01;35m[Kwarning: [m[Kunused parameter ‘[01m[Kmax_size[m[K’ [[01;35m[K]8;;https://gcc.gnu.org/onlinedocs/gcc/Warning-Options.html#index-Wunused-parameter-Wunused-parameter]8;;[m[K]
  666 |                               [01;35m[Kconst int max_size[m[K,
      |                               [01;35m[K~~~~~~~~~~^~~~~~~~[m[K
[01m[K/home/kiki/Workspace/drone_monitor/gcopter/include/gcopter/sdlp.hpp:671:39:[m[K [01;35m[Kwarning: [m[Kunused parameter ‘[01m[Kwork[m[K’ [[01;35m[K]8;;https://gcc.gnu.org/onlinedocs/gcc/Warning-Options.html#index-Wunused-parameter-Wunused-parameter]8;;[m[K]
  671 |                               [01;35m[Kdouble *work[m[K,
      |                               [01;35m[K~~~~~~~~^~~~[m[K
[01m[K/home/kiki/Workspace/drone_monitor/gcopter/src/global_planning.cpp:[m[K In member function ‘[01m[Kvoid GlobalPlanner::mapCallBack(const PointCloud2&)[m[K’:
[01m[K/home/kiki/Workspace/drone_monitor/gcopter/src/global_planning.cpp:196:37:[m[K [01;31m[Kerror: [m[Kbase operand of ‘[01m[K->[m[K’ has non-pointer type ‘[01m[Kconst PointCloud2[m[K’ {aka ‘[01m[Kconst sensor_msgs::msg::PointCloud2_<std::allocator<void> >[m[K’}
  196 |             const size_t total = msg[01;31m[K->[m[Kdata.size() / msg->point_step;
      |                                     [01;31m[K^~[m[K
[01m[K/home/kiki/Workspace/drone_monitor/gcopter/src/global_planning.cpp:196:56:[m[K [01;31m[Kerror: [m[Kbase operand of ‘[01m[K->[m[K’ has non-pointer type ‘[01m[Kconst PointCloud2[m[K’ {aka ‘[01m[Kconst sensor_msgs::msg::PointCloud2_<std::allocator<void> >[m[K’}
  196 |             const size_t total = msg->data.size() / msg[01;31m[K->[m[Kpoint_step;
      |                                                        [01;31m[K^~[m[K
[01m[K/home/kiki/Workspace/drone_monitor/gcopter/src/global_planning.cpp:197:42:[m[K [01;31m[Kerror: [m[Kbase operand of ‘[01m[K->[m[K’ has non-pointer type ‘[01m[Kconst PointCloud2[m[K’ {aka ‘[01m[Kconst sensor_msgs::msg::PointCloud2_<std::allocator<void> >[m[K’}
  197 |             float *fdata = (float *)(&msg[01;31m[K->[m[Kdata[0]);
      |                                          [01;31m[K^~[m[K
[01m[K/home/kiki/Workspace/drone_monitor/gcopter/src/global_planning.cpp:200:26:[m[K [01;31m[Kerror: [m[Kbase operand of ‘[01m[K->[m[K’ has non-pointer type ‘[01m[Kconst PointCloud2[m[K’ {aka ‘[01m[Kconst sensor_msgs::msg::PointCloud2_<std::allocator<void> >[m[K’}
  200 |                 cur = msg[01;31m[K->[m[Kpoint_step / sizeof(float) * i;
      |                          [01;31m[K^~[m[K
gmake[2]: *** [CMakeFiles/global_planning.dir/build.make:76: CMakeFiles/global_planning.dir/src/global_planning.cpp.o] Error 1
gmake[1]: *** [CMakeFiles/Makefile2:137: CMakeFiles/global_planning.dir/all] Error 2
gmake: *** [Makefile:146: all] Error 2
