[0.005s] Invoking command in '/home/kiki/Workspace/drone_monitor/build/simulation': CMAKE_PREFIX_PATH=${CMAKE_PREFIX_PATH}:/opt/ros/humble /usr/bin/cmake --build /home/kiki/Workspace/drone_monitor/build/simulation -- -j32 -l32
[0.025s] [35m[1mConsolidate compiler generated dependencies of target simulation_node[0m
[0.034s] [100%] Built target simulation_node
[0.039s] Invoked command in '/home/kiki/Workspace/drone_monitor/build/simulation' returned '0': CMAKE_PREFIX_PATH=${CMAKE_PREFIX_PATH}:/opt/ros/humble /usr/bin/cmake --build /home/kiki/Workspace/drone_monitor/build/simulation -- -j32 -l32
[0.053s] Invoking command in '/home/kiki/Workspace/drone_monitor/build/simulation': CMAKE_PREFIX_PATH=${CMAKE_PREFIX_PATH}:/opt/ros/humble /usr/bin/cmake --install /home/kiki/Workspace/drone_monitor/build/simulation
[0.057s] -- Install configuration: ""
[0.057s] -- Up-to-date: /home/kiki/Workspace/drone_monitor/install/simulation/lib/simulation/simulation_node
[0.057s] -- Up-to-date: /home/kiki/Workspace/drone_monitor/install/simulation/share/ament_index/resource_index/package_run_dependencies/simulation
[0.057s] -- Up-to-date: /home/kiki/Workspace/drone_monitor/install/simulation/share/ament_index/resource_index/parent_prefix_path/simulation
[0.057s] -- Up-to-date: /home/kiki/Workspace/drone_monitor/install/simulation/share/simulation/environment/ament_prefix_path.sh
[0.057s] -- Up-to-date: /home/kiki/Workspace/drone_monitor/install/simulation/share/simulation/environment/ament_prefix_path.dsv
[0.057s] -- Up-to-date: /home/kiki/Workspace/drone_monitor/install/simulation/share/simulation/environment/path.sh
[0.057s] -- Up-to-date: /home/kiki/Workspace/drone_monitor/install/simulation/share/simulation/environment/path.dsv
[0.057s] -- Up-to-date: /home/kiki/Workspace/drone_monitor/install/simulation/share/simulation/local_setup.bash
[0.057s] -- Up-to-date: /home/kiki/Workspace/drone_monitor/install/simulation/share/simulation/local_setup.sh
[0.057s] -- Up-to-date: /home/kiki/Workspace/drone_monitor/install/simulation/share/simulation/local_setup.zsh
[0.058s] -- Up-to-date: /home/kiki/Workspace/drone_monitor/install/simulation/share/simulation/local_setup.dsv
[0.058s] -- Installing: /home/kiki/Workspace/drone_monitor/install/simulation/share/simulation/package.dsv
[0.058s] -- Up-to-date: /home/kiki/Workspace/drone_monitor/install/simulation/share/ament_index/resource_index/packages/simulation
[0.058s] -- Up-to-date: /home/kiki/Workspace/drone_monitor/install/simulation/share/simulation/cmake/simulationConfig.cmake
[0.058s] -- Up-to-date: /home/kiki/Workspace/drone_monitor/install/simulation/share/simulation/cmake/simulationConfig-version.cmake
[0.058s] -- Up-to-date: /home/kiki/Workspace/drone_monitor/install/simulation/share/simulation/package.xml
[0.060s] Invoked command in '/home/kiki/Workspace/drone_monitor/build/simulation' returned '0': CMAKE_PREFIX_PATH=${CMAKE_PREFIX_PATH}:/opt/ros/humble /usr/bin/cmake --install /home/kiki/Workspace/drone_monitor/build/simulation
