[0.008s] Invoking command in '/home/kiki/Workspace/drone_monitor/build/simulation': CMAKE_PREFIX_PATH=${CMAKE_PREFIX_PATH}:/opt/ros/humble /usr/bin/cmake --build /home/kiki/Workspace/drone_monitor/build/simulation -- -j32 -l32
[0.020s] -- Found ament_cmake: 1.3.8 (/opt/ros/humble/share/ament_cmake/cmake)
[0.085s] -- Found rclcpp: 16.0.8 (/opt/ros/humble/share/rclcpp/cmake)
[0.098s] -- Found rosidl_generator_c: 3.1.5 (/opt/ros/humble/share/rosidl_generator_c/cmake)
[0.099s] -- Found rosidl_adapter: 3.1.5 (/opt/ros/humble/share/rosidl_adapter/cmake)
[0.102s] -- Found rosidl_generator_cpp: 3.1.5 (/opt/ros/humble/share/rosidl_generator_cpp/cmake)
[0.107s] -- Using all available rosidl_typesupport_c: rosidl_typesupport_fastrtps_c;rosidl_typesupport_introspection_c
[0.113s] -- Using all available rosidl_typesupport_cpp: rosidl_typesupport_fastrtps_cpp;rosidl_typesupport_introspection_cpp
[0.139s] -- Found rmw_implementation_cmake: 6.1.1 (/opt/ros/humble/share/rmw_implementation_cmake/cmake)
[0.140s] -- Found rmw_fastrtps_cpp: 6.2.6 (/opt/ros/humble/share/rmw_fastrtps_cpp/cmake)
[0.203s] -- Using RMW implementation 'rmw_fastrtps_cpp' as default
[0.272s] -- Found geometry_msgs: 4.2.3 (/opt/ros/humble/share/geometry_msgs/cmake)
[0.290s] -- Found sensor_msgs: 4.2.3 (/opt/ros/humble/share/sensor_msgs/cmake)
[0.333s] -- Eigen found (include: /usr/include/eigen3, version: 3.4.0)
[0.343s] -- OpenNI found (version: 1.5.4.0, include: /usr/include/ni, lib: /usr/lib/libOpenNI.so;libusb::libusb)
[0.346s] -- OpenNI2 found (version: 2.2.0.33, include: /usr/include/openni2, lib: /usr/lib/x86_64-linux-gnu/libOpenNI2.so;libusb::libusb)
[0.346s] [0m** WARNING ** io features related to pcap will be disabled[0m
[0.346s] [0m** WARNING ** io features related to png will be disabled[0m
[0.492s] -- Eigen found (include: /usr/include/eigen3, version: 3.4.0)
[0.492s] -- looking for PCL_COMMON
[0.492s] -- looking for PCL_OCTREE
[0.492s] -- looking for PCL_IO
[0.492s] -- Found pcl_conversions: 2.4.0 (/opt/ros/humble/share/pcl_conversions/cmake)
[0.550s] -- Found visualization_msgs: 4.2.3 (/opt/ros/humble/share/visualization_msgs/cmake)
[0.651s] -- Configuring done
[0.671s] -- Generating done
[0.680s] -- Build files have been written to: /home/kiki/Workspace/drone_monitor/build/simulation
[0.695s] [35m[1mConsolidate compiler generated dependencies of target simulation_node[0m
[0.706s] [ 50%] [32mBuilding CXX object CMakeFiles/simulation_node.dir/src/fake_module.cpp.o[0m
[1.539s] In file included from [01m[K/home/kiki/Workspace/drone_monitor/gcopter/include/gcopter/geo_utils.hpp:5[m[K,
[1.539s]                  from [01m[K/home/kiki/Workspace/drone_monitor/gcopter/include/misc/visualizer.hpp:6[m[K,
[1.539s]                  from [01m[K/home/kiki/Workspace/drone_monitor/simulation/src/fake_module.cpp:1[m[K:
[1.539s] [01m[K/home/kiki/Workspace/drone_monitor/gcopter/include/gcopter/sdlp.hpp:[m[K In function ‘[01m[Kint sdlp::linfracprog(const double*, int, int, const double*, const double*, double*, double*, int*, int*) [with int d = 1][m[K’:
[1.539s] [01m[K/home/kiki/Workspace/drone_monitor/gcopter/include/gcopter/sdlp.hpp:666:41:[m[K [01;35m[Kwarning: [m[Kunused parameter ‘[01m[Kmax_size[m[K’ [[01;35m[K]8;;https://gcc.gnu.org/onlinedocs/gcc/Warning-Options.html#index-Wunused-parameter-Wunused-parameter]8;;[m[K]
[1.539s]   666 |                               [01;35m[Kconst int max_size[m[K,
[1.539s]       |                               [01;35m[K~~~~~~~~~~^~~~~~~~[m[K
[1.539s] [01m[K/home/kiki/Workspace/drone_monitor/gcopter/include/gcopter/sdlp.hpp:671:39:[m[K [01;35m[Kwarning: [m[Kunused parameter ‘[01m[Kwork[m[K’ [[01;35m[K]8;;https://gcc.gnu.org/onlinedocs/gcc/Warning-Options.html#index-Wunused-parameter-Wunused-parameter]8;;[m[K]
[1.539s]   671 |                               [01;35m[Kdouble *work[m[K,
[1.539s]       |                               [01;35m[K~~~~~~~~^~~~[m[K
[18.939s] [100%] [32m[1mLinking CXX executable simulation_node[0m
[19.862s] [100%] Built target simulation_node
[19.867s] Invoked command in '/home/kiki/Workspace/drone_monitor/build/simulation' returned '0': CMAKE_PREFIX_PATH=${CMAKE_PREFIX_PATH}:/opt/ros/humble /usr/bin/cmake --build /home/kiki/Workspace/drone_monitor/build/simulation -- -j32 -l32
[19.881s] Invoking command in '/home/kiki/Workspace/drone_monitor/build/simulation': CMAKE_PREFIX_PATH=${CMAKE_PREFIX_PATH}:/opt/ros/humble /usr/bin/cmake --install /home/kiki/Workspace/drone_monitor/build/simulation
[19.884s] -- Install configuration: ""
[19.884s] -- Installing: /home/kiki/Workspace/drone_monitor/install/simulation/lib/simulation/simulation_node
[19.892s] -- Set runtime path of "/home/kiki/Workspace/drone_monitor/install/simulation/lib/simulation/simulation_node" to ""
[19.893s] -- Up-to-date: /home/kiki/Workspace/drone_monitor/install/simulation/share/ament_index/resource_index/package_run_dependencies/simulation
[19.893s] -- Installing: /home/kiki/Workspace/drone_monitor/install/simulation/share/ament_index/resource_index/parent_prefix_path/simulation
[19.893s] -- Up-to-date: /home/kiki/Workspace/drone_monitor/install/simulation/share/simulation/environment/ament_prefix_path.sh
[19.893s] -- Installing: /home/kiki/Workspace/drone_monitor/install/simulation/share/simulation/environment/ament_prefix_path.dsv
[19.893s] -- Up-to-date: /home/kiki/Workspace/drone_monitor/install/simulation/share/simulation/environment/path.sh
[19.893s] -- Installing: /home/kiki/Workspace/drone_monitor/install/simulation/share/simulation/environment/path.dsv
[19.893s] -- Up-to-date: /home/kiki/Workspace/drone_monitor/install/simulation/share/simulation/local_setup.bash
[19.893s] -- Up-to-date: /home/kiki/Workspace/drone_monitor/install/simulation/share/simulation/local_setup.sh
[19.893s] -- Up-to-date: /home/kiki/Workspace/drone_monitor/install/simulation/share/simulation/local_setup.zsh
[19.893s] -- Installing: /home/kiki/Workspace/drone_monitor/install/simulation/share/simulation/local_setup.dsv
[19.893s] -- Installing: /home/kiki/Workspace/drone_monitor/install/simulation/share/simulation/package.dsv
[19.893s] -- Up-to-date: /home/kiki/Workspace/drone_monitor/install/simulation/share/ament_index/resource_index/packages/simulation
[19.893s] -- Up-to-date: /home/kiki/Workspace/drone_monitor/install/simulation/share/simulation/cmake/simulationConfig.cmake
[19.893s] -- Up-to-date: /home/kiki/Workspace/drone_monitor/install/simulation/share/simulation/cmake/simulationConfig-version.cmake
[19.893s] -- Up-to-date: /home/kiki/Workspace/drone_monitor/install/simulation/share/simulation/package.xml
[19.896s] Invoked command in '/home/kiki/Workspace/drone_monitor/build/simulation' returned '0': CMAKE_PREFIX_PATH=${CMAKE_PREFIX_PATH}:/opt/ros/humble /usr/bin/cmake --install /home/kiki/Workspace/drone_monitor/build/simulation
