Error parsing '/home/kiki/Workspace/drone_monitor/gcopter/package.xml':
Traceback (most recent call last):
  File "/home/kiki/ros2_humble/install/ament_cmake_core/share/ament_cmake_core/cmake/core/package_xml_2_cmake.py", line 150, in <module>
    main()
  File "/home/kiki/ros2_humble/install/ament_cmake_core/share/ament_cmake_core/cmake/core/package_xml_2_cmake.py", line 53, in main
    raise e
  File "/home/kiki/ros2_humble/install/ament_cmake_core/share/ament_cmake_core/cmake/core/package_xml_2_cmake.py", line 49, in main
    package = parse_package_string(
  File "/usr/lib/python3/dist-packages/catkin_pkg/package.py", line 786, in parse_package_string
    raise InvalidPackage('Error(s):%s' % (''.join(['\n- %s' % e for e in errors])), filename)
catkin_pkg.package.InvalidPackage: Error(s) in package '/home/kiki/Workspace/drone_monitor/gcopter/package.xml':
Error(s):
- The manifest of package "gcopter" (with format version 1) must not contain the following tags: depend
[31mCMake Error at /home/kiki/ros2_humble/install/ament_cmake_core/share/ament_cmake_core/cmake/core/ament_package_xml.cmake:95 (message):
  execute_process(/usr/bin/python3
  /home/kiki/ros2_humble/install/ament_cmake_core/share/ament_cmake_core/cmake/core/package_xml_2_cmake.py
  /home/kiki/Workspace/drone_monitor/gcopter/package.xml
  /home/kiki/Workspace/drone_monitor/gcopter/build/gcopter/ament_cmake_core/package.cmake)
  returned error code 1
Call Stack (most recent call first):
  /home/kiki/ros2_humble/install/ament_cmake_core/share/ament_cmake_core/cmake/core/ament_package_xml.cmake:49 (_ament_package_xml)
  /home/kiki/ros2_humble/install/ament_cmake_core/share/ament_cmake_core/cmake/core/ament_package.cmake:63 (ament_package_xml)
  CMakeLists.txt:35 (ament_package)

[0m
