[0.018s] Invoking command in '/home/kiki/Workspace/drone_monitor/gcopter/build/gcopter': /usr/bin/cmake /home/kiki/Workspace/drone_monitor/gcopter -DCMAKE_INSTALL_PREFIX=/home/kiki/Workspace/drone_monitor/gcopter/install/gcopter
[0.065s] -- The C compiler identification is GNU 11.4.0
[0.098s] -- The CXX compiler identification is GNU 11.4.0
[0.103s] -- Detecting C compiler ABI info
[0.158s] -- Detecting C compiler ABI info - done
[0.162s] -- Check for working C compiler: /usr/bin/cc - skipped
[0.162s] -- Detecting C compile features
[0.162s] -- Detecting C compile features - done
[0.163s] -- Detecting CXX compiler ABI info
[0.226s] -- Detecting CXX compiler ABI info - done
[0.229s] -- Check for working CXX compiler: /usr/bin/c++ - skipped
[0.229s] -- Detecting CXX compile features
[0.229s] -- Detecting CXX compile features - done
[0.237s] -- Found ament_cmake: 1.3.8 (/home/kiki/ros2_humble/install/ament_cmake/share/ament_cmake/cmake)
[0.492s] -- Found Python3: /usr/bin/python3 (found version "3.10.12") found components: Interpreter 
[0.688s] -- Found rclcpp: 16.0.8 (/home/kiki/ros2_humble/install/rclcpp/share/rclcpp/cmake)
[0.766s] -- Found rosidl_generator_c: 3.1.5 (/home/kiki/ros2_humble/install/rosidl_generator_c/share/rosidl_generator_c/cmake)
[0.778s] -- Found rosidl_adapter: 3.1.5 (/home/kiki/ros2_humble/install/rosidl_adapter/share/rosidl_adapter/cmake)
[0.792s] -- Found rosidl_generator_cpp: 3.1.5 (/home/kiki/ros2_humble/install/rosidl_generator_cpp/share/rosidl_generator_cpp/cmake)
[0.821s] -- Using all available rosidl_typesupport_c: rosidl_typesupport_introspection_c;rosidl_typesupport_fastrtps_c
[0.857s] -- Using all available rosidl_typesupport_cpp: rosidl_typesupport_introspection_cpp;rosidl_typesupport_fastrtps_cpp
[0.950s] -- Found rmw_implementation_cmake: 6.1.1 (/home/kiki/ros2_humble/install/rmw_implementation_cmake/share/rmw_implementation_cmake/cmake)
[0.968s] -- Found rmw_fastrtps_cpp: 6.2.6 (/home/kiki/ros2_humble/install/rmw_fastrtps_cpp/share/rmw_fastrtps_cpp/cmake)
[1.082s] -- Found OpenSSL: /usr/lib/x86_64-linux-gnu/libcrypto.so (found version "3.0.2")  
[1.108s] -- Found FastRTPS: /home/kiki/ros2_humble/install/fastrtps/include  
[1.164s] -- Using RMW implementation 'rmw_fastrtps_cpp' as default
[1.184s] -- Looking for pthread.h
[1.243s] -- Looking for pthread.h - found
[1.243s] -- Performing Test CMAKE_HAVE_LIBC_PTHREAD
[1.303s] -- Performing Test CMAKE_HAVE_LIBC_PTHREAD - Success
[1.303s] -- Found Threads: TRUE  
[1.401s] -- Found geometry_msgs: 4.2.3 (/home/kiki/ros2_humble/install/geometry_msgs/share/geometry_msgs/cmake)
[1.425s] -- Found sensor_msgs: 4.2.3 (/home/kiki/ros2_humble/install/sensor_msgs/share/sensor_msgs/cmake)
[1.467s] -- Found visualization_msgs: 4.2.3 (/home/kiki/ros2_humble/install/visualization_msgs/share/visualization_msgs/cmake)
[1.544s] -- Found ompl: /usr/local/include/ompl-1.6;/usr/local/include;/usr/local/include/eigen3;/usr/include  
[1.620s] Error parsing '/home/kiki/Workspace/drone_monitor/gcopter/package.xml':
[1.669s] Traceback (most recent call last):
[1.669s]   File "/home/kiki/ros2_humble/install/ament_cmake_core/share/ament_cmake_core/cmake/core/package_xml_2_cmake.py", line 150, in <module>
[1.669s]     main()
[1.669s]   File "/home/kiki/ros2_humble/install/ament_cmake_core/share/ament_cmake_core/cmake/core/package_xml_2_cmake.py", line 53, in main
[1.669s]     raise e
[1.669s]   File "/home/kiki/ros2_humble/install/ament_cmake_core/share/ament_cmake_core/cmake/core/package_xml_2_cmake.py", line 49, in main
[1.669s]     package = parse_package_string(
[1.669s]   File "/usr/lib/python3/dist-packages/catkin_pkg/package.py", line 786, in parse_package_string
[1.669s]     raise InvalidPackage('Error(s):%s' % (''.join(['\n- %s' % e for e in errors])), filename)
[1.669s] catkin_pkg.package.InvalidPackage: Error(s) in package '/home/kiki/Workspace/drone_monitor/gcopter/package.xml':
[1.669s] Error(s):
[1.669s] - The manifest of package "gcopter" (with format version 1) must not contain the following tags: depend
[1.676s] [31mCMake Error at /home/kiki/ros2_humble/install/ament_cmake_core/share/ament_cmake_core/cmake/core/ament_package_xml.cmake:95 (message):
[1.676s]   execute_process(/usr/bin/python3
[1.676s]   /home/kiki/ros2_humble/install/ament_cmake_core/share/ament_cmake_core/cmake/core/package_xml_2_cmake.py
[1.676s]   /home/kiki/Workspace/drone_monitor/gcopter/package.xml
[1.677s]   /home/kiki/Workspace/drone_monitor/gcopter/build/gcopter/ament_cmake_core/package.cmake)
[1.677s]   returned error code 1
[1.677s] Call Stack (most recent call first):
[1.677s]   /home/kiki/ros2_humble/install/ament_cmake_core/share/ament_cmake_core/cmake/core/ament_package_xml.cmake:49 (_ament_package_xml)
[1.677s]   /home/kiki/ros2_humble/install/ament_cmake_core/share/ament_cmake_core/cmake/core/ament_package.cmake:63 (ament_package_xml)
[1.677s]   CMakeLists.txt:35 (ament_package)
[1.677s] 
[1.677s] [0m
[1.677s] -- Configuring incomplete, errors occurred!
[1.677s] See also "/home/kiki/Workspace/drone_monitor/gcopter/build/gcopter/CMakeFiles/CMakeOutput.log".
[1.685s] Invoked command in '/home/kiki/Workspace/drone_monitor/gcopter/build/gcopter' returned '1': /usr/bin/cmake /home/kiki/Workspace/drone_monitor/gcopter -DCMAKE_INSTALL_PREFIX=/home/kiki/Workspace/drone_monitor/gcopter/install/gcopter
