[35m[1mConsolidate compiler generated dependencies of target mockamap_node[0m
[ 33%] [32mBuilding CXX object CMakeFiles/mockamap_node.dir/src/mockamap.cpp.o[0m
[ 66%] [32m[1mLinking CXX executable mockamap_node[0m
[100%] Built target mockamap_node
-- Install configuration: ""
-- Installing: /home/kiki/Workspace/drone_monitor/map_gen/mockamap/install/mockamap/lib/mockamap/mockamap_node
-- Set runtime path of "/home/kiki/Workspace/drone_monitor/map_gen/mockamap/install/mockamap/lib/mockamap/mockamap_node" to ""
-- Up-to-date: /home/kiki/Workspace/drone_monitor/map_gen/mockamap/install/mockamap/share/mockamap/launch
-- Up-to-date: /home/kiki/Workspace/drone_monitor/map_gen/mockamap/install/mockamap/share/mockamap/launch/mockamap.launch
-- Up-to-date: /home/kiki/Workspace/drone_monitor/map_gen/mockamap/install/mockamap/share/ament_index/resource_index/package_run_dependencies/mockamap
-- Up-to-date: /home/kiki/Workspace/drone_monitor/map_gen/mockamap/install/mockamap/share/ament_index/resource_index/parent_prefix_path/mockamap
-- Up-to-date: /home/kiki/Workspace/drone_monitor/map_gen/mockamap/install/mockamap/share/mockamap/environment/ament_prefix_path.sh
-- Up-to-date: /home/kiki/Workspace/drone_monitor/map_gen/mockamap/install/mockamap/share/mockamap/environment/ament_prefix_path.dsv
-- Up-to-date: /home/kiki/Workspace/drone_monitor/map_gen/mockamap/install/mockamap/share/mockamap/environment/path.sh
-- Up-to-date: /home/kiki/Workspace/drone_monitor/map_gen/mockamap/install/mockamap/share/mockamap/environment/path.dsv
-- Up-to-date: /home/kiki/Workspace/drone_monitor/map_gen/mockamap/install/mockamap/share/mockamap/local_setup.bash
-- Up-to-date: /home/kiki/Workspace/drone_monitor/map_gen/mockamap/install/mockamap/share/mockamap/local_setup.sh
-- Up-to-date: /home/kiki/Workspace/drone_monitor/map_gen/mockamap/install/mockamap/share/mockamap/local_setup.zsh
-- Up-to-date: /home/kiki/Workspace/drone_monitor/map_gen/mockamap/install/mockamap/share/mockamap/local_setup.dsv
-- Installing: /home/kiki/Workspace/drone_monitor/map_gen/mockamap/install/mockamap/share/mockamap/package.dsv
-- Up-to-date: /home/kiki/Workspace/drone_monitor/map_gen/mockamap/install/mockamap/share/ament_index/resource_index/packages/mockamap
-- Up-to-date: /home/kiki/Workspace/drone_monitor/map_gen/mockamap/install/mockamap/share/mockamap/cmake/mockamapConfig.cmake
-- Up-to-date: /home/kiki/Workspace/drone_monitor/map_gen/mockamap/install/mockamap/share/mockamap/cmake/mockamapConfig-version.cmake
-- Up-to-date: /home/kiki/Workspace/drone_monitor/map_gen/mockamap/install/mockamap/share/mockamap/package.xml
