[0.043s] DEBUG:colcon:Command line arguments: ['/usr/bin/colcon', 'build', '--packages-select', 'simulation']
[0.043s] DEBUG:colcon:Parsed command line arguments: Namespace(log_base=None, log_level=None, verb_name='build', build_base='build', install_base='install', merge_install=False, symlink_install=False, test_result_base=None, continue_on_error=False, executor='parallel', parallel_workers=32, event_handlers=None, ignore_user_meta=False, metas=['./colcon.meta'], base_paths=['.'], packages_ignore=None, packages_ignore_regex=None, paths=None, packages_up_to=None, packages_up_to_regex=None, packages_above=None, packages_above_and_dependencies=None, packages_above_depth=None, packages_select_by_dep=None, packages_skip_by_dep=None, packages_skip_up_to=None, packages_select_build_failed=False, packages_skip_build_finished=False, packages_select_test_failures=False, packages_skip_test_passed=False, packages_select=['simulation'], packages_skip=None, packages_select_regex=None, packages_skip_regex=None, packages_start=None, packages_end=None, allow_overriding=[], cmake_args=None, cmake_target=None, cmake_target_skip_unavailable=False, cmake_clean_cache=False, cmake_clean_first=False, cmake_force_configure=False, ament_cmake_args=None, catkin_cmake_args=None, catkin_skip_building_tests=False, mixin_files=None, mixin=None, verb_parser=<colcon_mixin.mixin.mixin_argument.MixinArgumentDecorator object at 0x7f96f99e3100>, verb_extension=<colcon_core.verb.build.BuildVerb object at 0x7f96f9bb7370>, main=<bound method BuildVerb.main of <colcon_core.verb.build.BuildVerb object at 0x7f96f9bb7370>>, mixin_verb=('build',))
[0.108s] Level 1:colcon.colcon_core.package_discovery:discover_packages(colcon_meta) check parameters
[0.108s] Level 1:colcon.colcon_core.package_discovery:discover_packages(recursive) check parameters
[0.108s] Level 1:colcon.colcon_core.package_discovery:discover_packages(ignore) check parameters
[0.108s] Level 1:colcon.colcon_core.package_discovery:discover_packages(path) check parameters
[0.108s] Level 1:colcon.colcon_core.package_discovery:discover_packages(colcon_meta) discover
[0.108s] Level 1:colcon.colcon_core.package_discovery:discover_packages(recursive) discover
[0.108s] INFO:colcon.colcon_core.package_discovery:Crawling recursively for packages in '/home/kiki/Workspace/drone_monitor'
[0.108s] Level 1:colcon.colcon_core.package_identification:_identify(.) by extensions ['ignore', 'ignore_ament_install']
[0.109s] Level 1:colcon.colcon_core.package_identification:_identify(.) by extension 'ignore'
[0.109s] Level 1:colcon.colcon_core.package_identification:_identify(.) by extension 'ignore_ament_install'
[0.109s] Level 1:colcon.colcon_core.package_identification:_identify(.) by extensions ['colcon_pkg']
[0.109s] Level 1:colcon.colcon_core.package_identification:_identify(.) by extension 'colcon_pkg'
[0.109s] Level 1:colcon.colcon_core.package_identification:_identify(.) by extensions ['colcon_meta']
[0.109s] Level 1:colcon.colcon_core.package_identification:_identify(.) by extension 'colcon_meta'
[0.109s] Level 1:colcon.colcon_core.package_identification:_identify(.) by extensions ['ros']
[0.109s] Level 1:colcon.colcon_core.package_identification:_identify(.) by extension 'ros'
[0.113s] Level 1:colcon.colcon_core.package_identification:_identify(.) by extensions ['cmake', 'python']
[0.113s] Level 1:colcon.colcon_core.package_identification:_identify(.) by extension 'cmake'
[0.113s] Level 1:colcon.colcon_core.package_identification:_identify(.) by extension 'python'
[0.113s] Level 1:colcon.colcon_core.package_identification:_identify(.) by extensions ['python_setup_py']
[0.113s] Level 1:colcon.colcon_core.package_identification:_identify(.) by extension 'python_setup_py'
[0.113s] Level 1:colcon.colcon_core.package_identification:_identify(build) by extensions ['ignore', 'ignore_ament_install']
[0.113s] Level 1:colcon.colcon_core.package_identification:_identify(build) by extension 'ignore'
[0.113s] Level 1:colcon.colcon_core.package_identification:_identify(build) ignored
[0.113s] Level 1:colcon.colcon_core.package_identification:_identify(gcopter) by extensions ['ignore', 'ignore_ament_install']
[0.113s] Level 1:colcon.colcon_core.package_identification:_identify(gcopter) by extension 'ignore'
[0.113s] Level 1:colcon.colcon_core.package_identification:_identify(gcopter) by extension 'ignore_ament_install'
[0.113s] Level 1:colcon.colcon_core.package_identification:_identify(gcopter) by extensions ['colcon_pkg']
[0.113s] Level 1:colcon.colcon_core.package_identification:_identify(gcopter) by extension 'colcon_pkg'
[0.113s] Level 1:colcon.colcon_core.package_identification:_identify(gcopter) by extensions ['colcon_meta']
[0.113s] Level 1:colcon.colcon_core.package_identification:_identify(gcopter) by extension 'colcon_meta'
[0.113s] Level 1:colcon.colcon_core.package_identification:_identify(gcopter) by extensions ['ros']
[0.113s] Level 1:colcon.colcon_core.package_identification:_identify(gcopter) by extension 'ros'
[0.115s] DEBUG:colcon.colcon_core.package_identification:Package 'gcopter' with type 'ros.ament_cmake' and name 'gcopter'
[0.115s] Level 1:colcon.colcon_core.package_identification:_identify(install) by extensions ['ignore', 'ignore_ament_install']
[0.115s] Level 1:colcon.colcon_core.package_identification:_identify(install) by extension 'ignore'
[0.115s] Level 1:colcon.colcon_core.package_identification:_identify(install) ignored
[0.115s] Level 1:colcon.colcon_core.package_identification:_identify(log) by extensions ['ignore', 'ignore_ament_install']
[0.115s] Level 1:colcon.colcon_core.package_identification:_identify(log) by extension 'ignore'
[0.115s] Level 1:colcon.colcon_core.package_identification:_identify(log) ignored
[0.115s] Level 1:colcon.colcon_core.package_identification:_identify(map_gen) by extensions ['ignore', 'ignore_ament_install']
[0.115s] Level 1:colcon.colcon_core.package_identification:_identify(map_gen) by extension 'ignore'
[0.115s] Level 1:colcon.colcon_core.package_identification:_identify(map_gen) by extension 'ignore_ament_install'
[0.115s] Level 1:colcon.colcon_core.package_identification:_identify(map_gen) by extensions ['colcon_pkg']
[0.115s] Level 1:colcon.colcon_core.package_identification:_identify(map_gen) by extension 'colcon_pkg'
[0.115s] Level 1:colcon.colcon_core.package_identification:_identify(map_gen) by extensions ['colcon_meta']
[0.115s] Level 1:colcon.colcon_core.package_identification:_identify(map_gen) by extension 'colcon_meta'
[0.115s] Level 1:colcon.colcon_core.package_identification:_identify(map_gen) by extensions ['ros']
[0.115s] Level 1:colcon.colcon_core.package_identification:_identify(map_gen) by extension 'ros'
[0.115s] Level 1:colcon.colcon_core.package_identification:_identify(map_gen) by extensions ['cmake', 'python']
[0.115s] Level 1:colcon.colcon_core.package_identification:_identify(map_gen) by extension 'cmake'
[0.115s] Level 1:colcon.colcon_core.package_identification:_identify(map_gen) by extension 'python'
[0.115s] Level 1:colcon.colcon_core.package_identification:_identify(map_gen) by extensions ['python_setup_py']
[0.115s] Level 1:colcon.colcon_core.package_identification:_identify(map_gen) by extension 'python_setup_py'
[0.115s] Level 1:colcon.colcon_core.package_identification:_identify(map_gen/map_sensing) by extensions ['ignore', 'ignore_ament_install']
[0.115s] Level 1:colcon.colcon_core.package_identification:_identify(map_gen/map_sensing) by extension 'ignore'
[0.115s] Level 1:colcon.colcon_core.package_identification:_identify(map_gen/map_sensing) by extension 'ignore_ament_install'
[0.115s] Level 1:colcon.colcon_core.package_identification:_identify(map_gen/map_sensing) by extensions ['colcon_pkg']
[0.115s] Level 1:colcon.colcon_core.package_identification:_identify(map_gen/map_sensing) by extension 'colcon_pkg'
[0.115s] Level 1:colcon.colcon_core.package_identification:_identify(map_gen/map_sensing) by extensions ['colcon_meta']
[0.115s] Level 1:colcon.colcon_core.package_identification:_identify(map_gen/map_sensing) by extension 'colcon_meta'
[0.115s] Level 1:colcon.colcon_core.package_identification:_identify(map_gen/map_sensing) by extensions ['ros']
[0.115s] Level 1:colcon.colcon_core.package_identification:_identify(map_gen/map_sensing) by extension 'ros'
[0.116s] DEBUG:colcon.colcon_core.package_identification:Package 'map_gen/map_sensing' with type 'ros.ament_cmake' and name 'map_sensing'
[0.116s] Level 1:colcon.colcon_core.package_identification:_identify(map_gen/mockamap) by extensions ['ignore', 'ignore_ament_install']
[0.116s] Level 1:colcon.colcon_core.package_identification:_identify(map_gen/mockamap) by extension 'ignore'
[0.116s] Level 1:colcon.colcon_core.package_identification:_identify(map_gen/mockamap) by extension 'ignore_ament_install'
[0.116s] Level 1:colcon.colcon_core.package_identification:_identify(map_gen/mockamap) by extensions ['colcon_pkg']
[0.116s] Level 1:colcon.colcon_core.package_identification:_identify(map_gen/mockamap) by extension 'colcon_pkg'
[0.116s] Level 1:colcon.colcon_core.package_identification:_identify(map_gen/mockamap) by extensions ['colcon_meta']
[0.116s] Level 1:colcon.colcon_core.package_identification:_identify(map_gen/mockamap) by extension 'colcon_meta'
[0.116s] Level 1:colcon.colcon_core.package_identification:_identify(map_gen/mockamap) by extensions ['ros']
[0.116s] Level 1:colcon.colcon_core.package_identification:_identify(map_gen/mockamap) by extension 'ros'
[0.116s] DEBUG:colcon.colcon_core.package_identification:Package 'map_gen/mockamap' with type 'ros.ament_cmake' and name 'mockamap'
[0.116s] Level 1:colcon.colcon_core.package_identification:_identify(my_launch) by extensions ['ignore', 'ignore_ament_install']
[0.116s] Level 1:colcon.colcon_core.package_identification:_identify(my_launch) by extension 'ignore'
[0.116s] Level 1:colcon.colcon_core.package_identification:_identify(my_launch) by extension 'ignore_ament_install'
[0.116s] Level 1:colcon.colcon_core.package_identification:_identify(my_launch) by extensions ['colcon_pkg']
[0.116s] Level 1:colcon.colcon_core.package_identification:_identify(my_launch) by extension 'colcon_pkg'
[0.116s] Level 1:colcon.colcon_core.package_identification:_identify(my_launch) by extensions ['colcon_meta']
[0.116s] Level 1:colcon.colcon_core.package_identification:_identify(my_launch) by extension 'colcon_meta'
[0.116s] Level 1:colcon.colcon_core.package_identification:_identify(my_launch) by extensions ['ros']
[0.116s] Level 1:colcon.colcon_core.package_identification:_identify(my_launch) by extension 'ros'
[0.116s] Level 1:colcon.colcon_core.package_identification:_identify(my_launch) by extensions ['cmake', 'python']
[0.116s] Level 1:colcon.colcon_core.package_identification:_identify(my_launch) by extension 'cmake'
[0.116s] Level 1:colcon.colcon_core.package_identification:_identify(my_launch) by extension 'python'
[0.116s] Level 1:colcon.colcon_core.package_identification:_identify(my_launch) by extensions ['python_setup_py']
[0.116s] Level 1:colcon.colcon_core.package_identification:_identify(my_launch) by extension 'python_setup_py'
[0.116s] Level 1:colcon.colcon_core.package_identification:_identify(my_launch/launch) by extensions ['ignore', 'ignore_ament_install']
[0.116s] Level 1:colcon.colcon_core.package_identification:_identify(my_launch/launch) by extension 'ignore'
[0.116s] Level 1:colcon.colcon_core.package_identification:_identify(my_launch/launch) by extension 'ignore_ament_install'
[0.116s] Level 1:colcon.colcon_core.package_identification:_identify(my_launch/launch) by extensions ['colcon_pkg']
[0.116s] Level 1:colcon.colcon_core.package_identification:_identify(my_launch/launch) by extension 'colcon_pkg'
[0.116s] Level 1:colcon.colcon_core.package_identification:_identify(my_launch/launch) by extensions ['colcon_meta']
[0.116s] Level 1:colcon.colcon_core.package_identification:_identify(my_launch/launch) by extension 'colcon_meta'
[0.116s] Level 1:colcon.colcon_core.package_identification:_identify(my_launch/launch) by extensions ['ros']
[0.117s] Level 1:colcon.colcon_core.package_identification:_identify(my_launch/launch) by extension 'ros'
[0.117s] Level 1:colcon.colcon_core.package_identification:_identify(my_launch/launch) by extensions ['cmake', 'python']
[0.117s] Level 1:colcon.colcon_core.package_identification:_identify(my_launch/launch) by extension 'cmake'
[0.117s] Level 1:colcon.colcon_core.package_identification:_identify(my_launch/launch) by extension 'python'
[0.117s] Level 1:colcon.colcon_core.package_identification:_identify(my_launch/launch) by extensions ['python_setup_py']
[0.117s] Level 1:colcon.colcon_core.package_identification:_identify(my_launch/launch) by extension 'python_setup_py'
[0.117s] Level 1:colcon.colcon_core.package_identification:_identify(my_launch/launch/__pycache__) by extensions ['ignore', 'ignore_ament_install']
[0.117s] Level 1:colcon.colcon_core.package_identification:_identify(my_launch/launch/__pycache__) by extension 'ignore'
[0.117s] Level 1:colcon.colcon_core.package_identification:_identify(my_launch/launch/__pycache__) by extension 'ignore_ament_install'
[0.117s] Level 1:colcon.colcon_core.package_identification:_identify(my_launch/launch/__pycache__) by extensions ['colcon_pkg']
[0.117s] Level 1:colcon.colcon_core.package_identification:_identify(my_launch/launch/__pycache__) by extension 'colcon_pkg'
[0.117s] Level 1:colcon.colcon_core.package_identification:_identify(my_launch/launch/__pycache__) by extensions ['colcon_meta']
[0.117s] Level 1:colcon.colcon_core.package_identification:_identify(my_launch/launch/__pycache__) by extension 'colcon_meta'
[0.117s] Level 1:colcon.colcon_core.package_identification:_identify(my_launch/launch/__pycache__) by extensions ['ros']
[0.117s] Level 1:colcon.colcon_core.package_identification:_identify(my_launch/launch/__pycache__) by extension 'ros'
[0.117s] Level 1:colcon.colcon_core.package_identification:_identify(my_launch/launch/__pycache__) by extensions ['cmake', 'python']
[0.117s] Level 1:colcon.colcon_core.package_identification:_identify(my_launch/launch/__pycache__) by extension 'cmake'
[0.117s] Level 1:colcon.colcon_core.package_identification:_identify(my_launch/launch/__pycache__) by extension 'python'
[0.117s] Level 1:colcon.colcon_core.package_identification:_identify(my_launch/launch/__pycache__) by extensions ['python_setup_py']
[0.117s] Level 1:colcon.colcon_core.package_identification:_identify(my_launch/launch/__pycache__) by extension 'python_setup_py'
[0.117s] Level 1:colcon.colcon_core.package_identification:_identify(simulation) by extensions ['ignore', 'ignore_ament_install']
[0.117s] Level 1:colcon.colcon_core.package_identification:_identify(simulation) by extension 'ignore'
[0.117s] Level 1:colcon.colcon_core.package_identification:_identify(simulation) by extension 'ignore_ament_install'
[0.117s] Level 1:colcon.colcon_core.package_identification:_identify(simulation) by extensions ['colcon_pkg']
[0.117s] Level 1:colcon.colcon_core.package_identification:_identify(simulation) by extension 'colcon_pkg'
[0.117s] Level 1:colcon.colcon_core.package_identification:_identify(simulation) by extensions ['colcon_meta']
[0.117s] Level 1:colcon.colcon_core.package_identification:_identify(simulation) by extension 'colcon_meta'
[0.117s] Level 1:colcon.colcon_core.package_identification:_identify(simulation) by extensions ['ros']
[0.117s] Level 1:colcon.colcon_core.package_identification:_identify(simulation) by extension 'ros'
[0.117s] DEBUG:colcon.colcon_core.package_identification:Package 'simulation' with type 'ros.ament_cmake' and name 'simulation'
[0.117s] Level 1:colcon.colcon_core.package_identification:_identify(template) by extensions ['ignore', 'ignore_ament_install']
[0.117s] Level 1:colcon.colcon_core.package_identification:_identify(template) by extension 'ignore'
[0.117s] Level 1:colcon.colcon_core.package_identification:_identify(template) by extension 'ignore_ament_install'
[0.117s] Level 1:colcon.colcon_core.package_identification:_identify(template) by extensions ['colcon_pkg']
[0.117s] Level 1:colcon.colcon_core.package_identification:_identify(template) by extension 'colcon_pkg'
[0.117s] Level 1:colcon.colcon_core.package_identification:_identify(template) by extensions ['colcon_meta']
[0.117s] Level 1:colcon.colcon_core.package_identification:_identify(template) by extension 'colcon_meta'
[0.117s] Level 1:colcon.colcon_core.package_identification:_identify(template) by extensions ['ros']
[0.117s] Level 1:colcon.colcon_core.package_identification:_identify(template) by extension 'ros'
[0.117s] Level 1:colcon.colcon_core.package_identification:_identify(template) by extensions ['cmake', 'python']
[0.117s] Level 1:colcon.colcon_core.package_identification:_identify(template) by extension 'cmake'
[0.117s] Level 1:colcon.colcon_core.package_identification:_identify(template) by extension 'python'
[0.117s] Level 1:colcon.colcon_core.package_identification:_identify(template) by extensions ['python_setup_py']
[0.117s] Level 1:colcon.colcon_core.package_identification:_identify(template) by extension 'python_setup_py'
[0.117s] Level 1:colcon.colcon_core.package_discovery:discover_packages(recursive) using defaults
[0.118s] Level 1:colcon.colcon_core.package_discovery:discover_packages(ignore) discover
[0.118s] Level 1:colcon.colcon_core.package_discovery:discover_packages(ignore) using defaults
[0.118s] Level 1:colcon.colcon_core.package_discovery:discover_packages(path) discover
[0.118s] Level 1:colcon.colcon_core.package_discovery:discover_packages(path) using defaults
[0.131s] INFO:colcon.colcon_core.package_selection:Skipping not selected package 'gcopter' in 'gcopter'
[0.131s] INFO:colcon.colcon_core.package_selection:Skipping not selected package 'map_sensing' in 'map_gen/map_sensing'
[0.131s] INFO:colcon.colcon_core.package_selection:Skipping not selected package 'mockamap' in 'map_gen/mockamap'
[0.131s] Level 1:colcon.colcon_core.package_discovery:discover_packages(prefix_path) check parameters
[0.131s] Level 1:colcon.colcon_core.package_discovery:discover_packages(prefix_path) discover
[0.132s] DEBUG:colcon.colcon_installed_package_information.package_discovery:Found 4 installed packages in /home/kiki/Workspace/drone_monitor/install
[0.132s] DEBUG:colcon.colcon_installed_package_information.package_discovery:Found 290 installed packages in /opt/ros/humble
[0.133s] Level 1:colcon.colcon_core.package_discovery:discover_packages(prefix_path) using defaults
[0.149s] Level 5:colcon.colcon_core.verb:set package 'simulation' build argument 'cmake_args' from command line to 'None'
[0.149s] Level 5:colcon.colcon_core.verb:set package 'simulation' build argument 'cmake_target' from command line to 'None'
[0.149s] Level 5:colcon.colcon_core.verb:set package 'simulation' build argument 'cmake_target_skip_unavailable' from command line to 'False'
[0.149s] Level 5:colcon.colcon_core.verb:set package 'simulation' build argument 'cmake_clean_cache' from command line to 'False'
[0.149s] Level 5:colcon.colcon_core.verb:set package 'simulation' build argument 'cmake_clean_first' from command line to 'False'
[0.149s] Level 5:colcon.colcon_core.verb:set package 'simulation' build argument 'cmake_force_configure' from command line to 'False'
[0.149s] Level 5:colcon.colcon_core.verb:set package 'simulation' build argument 'ament_cmake_args' from command line to 'None'
[0.149s] Level 5:colcon.colcon_core.verb:set package 'simulation' build argument 'catkin_cmake_args' from command line to 'None'
[0.149s] Level 5:colcon.colcon_core.verb:set package 'simulation' build argument 'catkin_skip_building_tests' from command line to 'False'
[0.149s] DEBUG:colcon.colcon_core.verb:Building package 'simulation' with the following arguments: {'ament_cmake_args': None, 'build_base': '/home/kiki/Workspace/drone_monitor/build/simulation', 'catkin_cmake_args': None, 'catkin_skip_building_tests': False, 'cmake_args': None, 'cmake_clean_cache': False, 'cmake_clean_first': False, 'cmake_force_configure': False, 'cmake_target': None, 'cmake_target_skip_unavailable': False, 'install_base': '/home/kiki/Workspace/drone_monitor/install/simulation', 'merge_install': False, 'path': '/home/kiki/Workspace/drone_monitor/simulation', 'symlink_install': False, 'test_result_base': None}
[0.149s] INFO:colcon.colcon_core.executor:Executing jobs using 'parallel' executor
[0.150s] DEBUG:colcon.colcon_parallel_executor.executor.parallel:run_until_complete
[0.150s] INFO:colcon.colcon_ros.task.ament_cmake.build:Building ROS package in '/home/kiki/Workspace/drone_monitor/simulation' with build type 'ament_cmake'
[0.150s] INFO:colcon.colcon_cmake.task.cmake.build:Building CMake package in '/home/kiki/Workspace/drone_monitor/simulation'
[0.151s] INFO:colcon.colcon_core.plugin_system:Skipping extension 'colcon_core.shell.bat': Not used on non-Windows systems
[0.151s] INFO:colcon.colcon_core.shell:Skip shell extension 'powershell' for command environment: Not usable outside of PowerShell
[0.151s] DEBUG:colcon.colcon_core.shell:Skip shell extension 'dsv' for command environment
[0.155s] DEBUG:colcon.colcon_core.event_handler.log_command:Invoking command in '/home/kiki/Workspace/drone_monitor/build/simulation': CMAKE_PREFIX_PATH=${CMAKE_PREFIX_PATH}:/opt/ros/humble /usr/bin/cmake --build /home/kiki/Workspace/drone_monitor/build/simulation -- -j32 -l32
[0.189s] DEBUG:colcon.colcon_core.event_handler.log_command:Invoked command in '/home/kiki/Workspace/drone_monitor/build/simulation' returned '0': CMAKE_PREFIX_PATH=${CMAKE_PREFIX_PATH}:/opt/ros/humble /usr/bin/cmake --build /home/kiki/Workspace/drone_monitor/build/simulation -- -j32 -l32
[0.203s] DEBUG:colcon.colcon_core.event_handler.log_command:Invoking command in '/home/kiki/Workspace/drone_monitor/build/simulation': CMAKE_PREFIX_PATH=${CMAKE_PREFIX_PATH}:/opt/ros/humble /usr/bin/cmake --install /home/kiki/Workspace/drone_monitor/build/simulation
[0.209s] Level 1:colcon.colcon_core.environment:create_environment_scripts_only(simulation)
[0.210s] DEBUG:colcon.colcon_core.event_handler.log_command:Invoked command in '/home/kiki/Workspace/drone_monitor/build/simulation' returned '0': CMAKE_PREFIX_PATH=${CMAKE_PREFIX_PATH}:/opt/ros/humble /usr/bin/cmake --install /home/kiki/Workspace/drone_monitor/build/simulation
[0.212s] Level 1:colcon.colcon_core.environment:checking '/home/kiki/Workspace/drone_monitor/install/simulation' for CMake module files
[0.212s] Level 1:colcon.colcon_core.environment:checking '/home/kiki/Workspace/drone_monitor/install/simulation' for CMake config files
[0.212s] Level 1:colcon.colcon_core.shell:create_environment_hook('simulation', 'cmake_prefix_path')
[0.213s] INFO:colcon.colcon_core.shell:Creating environment hook '/home/kiki/Workspace/drone_monitor/install/simulation/share/simulation/hook/cmake_prefix_path.ps1'
[0.214s] INFO:colcon.colcon_core.shell:Creating environment descriptor '/home/kiki/Workspace/drone_monitor/install/simulation/share/simulation/hook/cmake_prefix_path.dsv'
[0.216s] INFO:colcon.colcon_core.shell:Creating environment hook '/home/kiki/Workspace/drone_monitor/install/simulation/share/simulation/hook/cmake_prefix_path.sh'
[0.218s] Level 1:colcon.colcon_core.environment:checking '/home/kiki/Workspace/drone_monitor/install/simulation/lib'
[0.218s] Level 1:colcon.colcon_core.environment:checking '/home/kiki/Workspace/drone_monitor/install/simulation/bin'
[0.218s] Level 1:colcon.colcon_core.environment:checking '/home/kiki/Workspace/drone_monitor/install/simulation/lib/pkgconfig/simulation.pc'
[0.218s] Level 1:colcon.colcon_core.environment:checking '/home/kiki/Workspace/drone_monitor/install/simulation/lib/python3.10/site-packages'
[0.218s] Level 1:colcon.colcon_core.environment:checking '/home/kiki/Workspace/drone_monitor/install/simulation/bin'
[0.218s] INFO:colcon.colcon_core.shell:Creating package script '/home/kiki/Workspace/drone_monitor/install/simulation/share/simulation/package.ps1'
[0.220s] INFO:colcon.colcon_core.shell:Creating package descriptor '/home/kiki/Workspace/drone_monitor/install/simulation/share/simulation/package.dsv'
[0.221s] INFO:colcon.colcon_core.shell:Creating package script '/home/kiki/Workspace/drone_monitor/install/simulation/share/simulation/package.sh'
[0.222s] INFO:colcon.colcon_core.shell:Creating package script '/home/kiki/Workspace/drone_monitor/install/simulation/share/simulation/package.bash'
[0.224s] INFO:colcon.colcon_core.shell:Creating package script '/home/kiki/Workspace/drone_monitor/install/simulation/share/simulation/package.zsh'
[0.226s] Level 1:colcon.colcon_core.environment:create_file_with_runtime_dependencies(/home/kiki/Workspace/drone_monitor/install/simulation/share/colcon-core/packages/simulation)
[0.236s] Level 1:colcon.colcon_core.environment:create_environment_scripts_only(simulation)
[0.236s] Level 1:colcon.colcon_core.environment:checking '/home/kiki/Workspace/drone_monitor/install/simulation' for CMake module files
[0.236s] Level 1:colcon.colcon_core.environment:checking '/home/kiki/Workspace/drone_monitor/install/simulation' for CMake config files
[0.236s] Level 1:colcon.colcon_core.shell:create_environment_hook('simulation', 'cmake_prefix_path')
[0.237s] INFO:colcon.colcon_core.shell:Creating environment hook '/home/kiki/Workspace/drone_monitor/install/simulation/share/simulation/hook/cmake_prefix_path.ps1'
[0.238s] INFO:colcon.colcon_core.shell:Creating environment descriptor '/home/kiki/Workspace/drone_monitor/install/simulation/share/simulation/hook/cmake_prefix_path.dsv'
[0.239s] INFO:colcon.colcon_core.shell:Creating environment hook '/home/kiki/Workspace/drone_monitor/install/simulation/share/simulation/hook/cmake_prefix_path.sh'
[0.241s] Level 1:colcon.colcon_core.environment:checking '/home/kiki/Workspace/drone_monitor/install/simulation/lib'
[0.241s] Level 1:colcon.colcon_core.environment:checking '/home/kiki/Workspace/drone_monitor/install/simulation/bin'
[0.241s] Level 1:colcon.colcon_core.environment:checking '/home/kiki/Workspace/drone_monitor/install/simulation/lib/pkgconfig/simulation.pc'
[0.241s] Level 1:colcon.colcon_core.environment:checking '/home/kiki/Workspace/drone_monitor/install/simulation/lib/python3.10/site-packages'
[0.241s] Level 1:colcon.colcon_core.environment:checking '/home/kiki/Workspace/drone_monitor/install/simulation/bin'
[0.241s] INFO:colcon.colcon_core.shell:Creating package script '/home/kiki/Workspace/drone_monitor/install/simulation/share/simulation/package.ps1'
[0.242s] INFO:colcon.colcon_core.shell:Creating package descriptor '/home/kiki/Workspace/drone_monitor/install/simulation/share/simulation/package.dsv'
[0.244s] INFO:colcon.colcon_core.shell:Creating package script '/home/kiki/Workspace/drone_monitor/install/simulation/share/simulation/package.sh'
[0.245s] INFO:colcon.colcon_core.shell:Creating package script '/home/kiki/Workspace/drone_monitor/install/simulation/share/simulation/package.bash'
[0.246s] INFO:colcon.colcon_core.shell:Creating package script '/home/kiki/Workspace/drone_monitor/install/simulation/share/simulation/package.zsh'
[0.248s] Level 1:colcon.colcon_core.environment:create_file_with_runtime_dependencies(/home/kiki/Workspace/drone_monitor/install/simulation/share/colcon-core/packages/simulation)
[0.248s] DEBUG:colcon.colcon_parallel_executor.executor.parallel:closing loop
[0.248s] DEBUG:colcon.colcon_parallel_executor.executor.parallel:loop closed
[0.248s] DEBUG:colcon.colcon_parallel_executor.executor.parallel:run_until_complete finished with '0'
[0.248s] DEBUG:colcon.colcon_core.event_reactor:joining thread
[0.252s] INFO:colcon.colcon_core.plugin_system:Skipping extension 'colcon_notification.desktop_notification.terminal_notifier': Not used on non-Darwin systems
[0.252s] INFO:colcon.colcon_core.plugin_system:Skipping extension 'colcon_notification.desktop_notification.win32': Not used on non-Windows systems
[0.252s] INFO:colcon.colcon_notification.desktop_notification:Sending desktop notification using 'notify2'
[0.274s] DEBUG:colcon.colcon_core.event_reactor:joined thread
[0.274s] INFO:colcon.colcon_core.shell:Creating prefix script '/home/kiki/Workspace/drone_monitor/install/local_setup.ps1'
[0.276s] INFO:colcon.colcon_core.shell:Creating prefix util module '/home/kiki/Workspace/drone_monitor/install/_local_setup_util_ps1.py'
[0.278s] INFO:colcon.colcon_core.shell:Creating prefix chain script '/home/kiki/Workspace/drone_monitor/install/setup.ps1'
[0.279s] INFO:colcon.colcon_core.shell:Creating prefix script '/home/kiki/Workspace/drone_monitor/install/local_setup.sh'
[0.281s] INFO:colcon.colcon_core.shell:Creating prefix util module '/home/kiki/Workspace/drone_monitor/install/_local_setup_util_sh.py'
[0.282s] INFO:colcon.colcon_core.shell:Creating prefix chain script '/home/kiki/Workspace/drone_monitor/install/setup.sh'
[0.284s] INFO:colcon.colcon_core.shell:Creating prefix script '/home/kiki/Workspace/drone_monitor/install/local_setup.bash'
[0.285s] INFO:colcon.colcon_core.shell:Creating prefix chain script '/home/kiki/Workspace/drone_monitor/install/setup.bash'
[0.287s] INFO:colcon.colcon_core.shell:Creating prefix script '/home/kiki/Workspace/drone_monitor/install/local_setup.zsh'
[0.288s] INFO:colcon.colcon_core.shell:Creating prefix chain script '/home/kiki/Workspace/drone_monitor/install/setup.zsh'
