[0.004s] Invoking command in '/home/kiki/Workspace/drone_monitor/build/gcopter': CMAKE_PREFIX_PATH=/opt/ros/humble /usr/bin/cmake /home/kiki/Workspace/drone_monitor/gcopter -DCMAKE_INSTALL_PREFIX=/home/kiki/Workspace/drone_monitor/install/gcopter
[0.030s] -- The C compiler identification is GNU 11.4.0
[0.054s] -- The CXX compiler identification is GNU 11.4.0
[0.057s] -- Detecting C compiler ABI info
[0.086s] -- Detecting C compiler ABI info - done
[0.089s] -- Check for working C compiler: /usr/bin/cc - skipped
[0.089s] -- Detecting C compile features
[0.089s] -- Detecting C compile features - done
[0.091s] -- Detecting CXX compiler ABI info
[0.123s] -- Detecting CXX compiler ABI info - done
[0.126s] -- Check for working CXX compiler: /usr/bin/c++ - skipped
[0.127s] -- Detecting CXX compile features
[0.127s] -- Detecting CXX compile features - done
[0.128s] -- Found ament_cmake: 1.3.8 (/opt/ros/humble/share/ament_cmake/cmake)
[0.193s] -- Found Python3: /usr/bin/python3 (found version "3.10.12") found components: Interpreter 
[0.228s] -- Found rclcpp: 16.0.8 (/opt/ros/humble/share/rclcpp/cmake)
[0.245s] -- Found rosidl_generator_c: 3.1.5 (/opt/ros/humble/share/rosidl_generator_c/cmake)
[0.247s] -- Found rosidl_adapter: 3.1.5 (/opt/ros/humble/share/rosidl_adapter/cmake)
[0.250s] -- Found rosidl_generator_cpp: 3.1.5 (/opt/ros/humble/share/rosidl_generator_cpp/cmake)
[0.256s] -- Using all available rosidl_typesupport_c: rosidl_typesupport_fastrtps_c;rosidl_typesupport_introspection_c
[0.264s] -- Using all available rosidl_typesupport_cpp: rosidl_typesupport_fastrtps_cpp;rosidl_typesupport_introspection_cpp
[0.293s] -- Found rmw_implementation_cmake: 6.1.1 (/opt/ros/humble/share/rmw_implementation_cmake/cmake)
[0.294s] -- Found rmw_fastrtps_cpp: 6.2.6 (/opt/ros/humble/share/rmw_fastrtps_cpp/cmake)
[0.335s] -- Found OpenSSL: /usr/lib/x86_64-linux-gnu/libcrypto.so (found version "3.0.2")  
[0.347s] -- Found FastRTPS: /opt/ros/humble/include  
[0.369s] -- Using RMW implementation 'rmw_fastrtps_cpp' as default
[0.373s] -- Looking for pthread.h
[0.404s] -- Looking for pthread.h - found
[0.404s] -- Performing Test CMAKE_HAVE_LIBC_PTHREAD
[0.435s] -- Performing Test CMAKE_HAVE_LIBC_PTHREAD - Success
[0.436s] -- Found Threads: TRUE  
[0.507s] -- Found geometry_msgs: 4.2.3 (/opt/ros/humble/share/geometry_msgs/cmake)
[0.527s] -- Found sensor_msgs: 4.2.3 (/opt/ros/humble/share/sensor_msgs/cmake)
[0.569s] -- Found visualization_msgs: 4.2.3 (/opt/ros/humble/share/visualization_msgs/cmake)
[0.636s] -- Found ompl: /usr/local/include/ompl-1.6;/usr/local/include;/usr/local/include/eigen3;/usr/include  
[0.666s] -- Configuring done
[0.676s] -- Generating done
[0.676s] -- Build files have been written to: /home/kiki/Workspace/drone_monitor/build/gcopter
[0.681s] Invoked command in '/home/kiki/Workspace/drone_monitor/build/gcopter' returned '0': CMAKE_PREFIX_PATH=/opt/ros/humble /usr/bin/cmake /home/kiki/Workspace/drone_monitor/gcopter -DCMAKE_INSTALL_PREFIX=/home/kiki/Workspace/drone_monitor/install/gcopter
[0.682s] Invoking command in '/home/kiki/Workspace/drone_monitor/build/gcopter': CMAKE_PREFIX_PATH=/opt/ros/humble /usr/bin/cmake --build /home/kiki/Workspace/drone_monitor/build/gcopter -- -j32 -l32
[0.702s] [ 50%] [32mBuilding CXX object CMakeFiles/global_planning.dir/src/global_planning.cpp.o[0m
[1.471s] In file included from [01m[K/home/kiki/Workspace/drone_monitor/gcopter/include/gcopter/geo_utils.hpp:5[m[K,
[1.471s]                  from [01m[K/home/kiki/Workspace/drone_monitor/gcopter/include/misc/visualizer.hpp:6[m[K,
[1.471s]                  from [01m[K/home/kiki/Workspace/drone_monitor/gcopter/src/global_planning.cpp:1[m[K:
[1.471s] [01m[K/home/kiki/Workspace/drone_monitor/gcopter/include/gcopter/sdlp.hpp:[m[K In function ‘[01m[Kint sdlp::linfracprog(const double*, int, int, const double*, const double*, double*, double*, int*, int*) [with int d = 1][m[K’:
[1.471s] [01m[K/home/kiki/Workspace/drone_monitor/gcopter/include/gcopter/sdlp.hpp:666:41:[m[K [01;35m[Kwarning: [m[Kunused parameter ‘[01m[Kmax_size[m[K’ [[01;35m[K]8;;https://gcc.gnu.org/onlinedocs/gcc/Warning-Options.html#index-Wunused-parameter-Wunused-parameter]8;;[m[K]
[1.471s]   666 |                               [01;35m[Kconst int max_size[m[K,
[1.471s]       |                               [01;35m[K~~~~~~~~~~^~~~~~~~[m[K
[1.471s] [01m[K/home/kiki/Workspace/drone_monitor/gcopter/include/gcopter/sdlp.hpp:671:39:[m[K [01;35m[Kwarning: [m[Kunused parameter ‘[01m[Kwork[m[K’ [[01;35m[K]8;;https://gcc.gnu.org/onlinedocs/gcc/Warning-Options.html#index-Wunused-parameter-Wunused-parameter]8;;[m[K]
[1.471s]   671 |                               [01;35m[Kdouble *work[m[K,
[1.471s]       |                               [01;35m[K~~~~~~~~^~~~[m[K
[4.336s] In file included from [01m[K/home/kiki/Workspace/drone_monitor/gcopter/src/global_planning.cpp:7[m[K:
[4.336s] [01m[K/home/kiki/Workspace/drone_monitor/gcopter/include/gcopter/sfc_gen.hpp:[m[K In function ‘[01m[Kdouble sfc_gen::planPath(const Vector3d&, const Vector3d&, const Vector3d&, const Vector3d&, const Map*, const double&, std::vector<Eigen::Matrix<double, 3, 1> >&)[m[K’:
[4.336s] [01m[K/home/kiki/Workspace/drone_monitor/gcopter/include/gcopter/sfc_gen.hpp:84:18:[m[K [01;31m[Kerror: [m[K‘[01m[Kusing element_type = class ompl::geometric::InformedRRTstar[m[K’ {aka ‘[01m[Kclass ompl::geometric::InformedRRTstar[m[K’} has no member named ‘[01m[KsetPr[m[K’
[4.336s]    84 |         planner->[01;31m[KsetPr[m[K oblemDefinition(pdef);
[4.336s]       |                  [01;31m[K^~~~~[m[K
[12.626s] gmake[2]: *** [CMakeFiles/global_planning.dir/build.make:76: CMakeFiles/global_planning.dir/src/global_planning.cpp.o] Error 1
[12.626s] gmake[1]: *** [CMakeFiles/Makefile2:137: CMakeFiles/global_planning.dir/all] Error 2
[12.626s] gmake: *** [Makefile:146: all] Error 2
[12.628s] Invoked command in '/home/kiki/Workspace/drone_monitor/build/gcopter' returned '2': CMAKE_PREFIX_PATH=/opt/ros/humble /usr/bin/cmake --build /home/kiki/Workspace/drone_monitor/build/gcopter -- -j32 -l32
