[0.042s] DEBUG:colcon:Command line arguments: ['/usr/bin/colcon', 'build']
[0.042s] DEBUG:colcon:Parsed command line arguments: Namespace(log_base=None, log_level=None, verb_name='build', build_base='build', install_base='install', merge_install=False, symlink_install=False, test_result_base=None, continue_on_error=False, executor='parallel', parallel_workers=32, event_handlers=None, ignore_user_meta=False, metas=['./colcon.meta'], base_paths=['.'], packages_ignore=None, packages_ignore_regex=None, paths=None, packages_up_to=None, packages_up_to_regex=None, packages_above=None, packages_above_and_dependencies=None, packages_above_depth=None, packages_select_by_dep=None, packages_skip_by_dep=None, packages_skip_up_to=None, packages_select_build_failed=False, packages_skip_build_finished=False, packages_select_test_failures=False, packages_skip_test_passed=False, packages_select=None, packages_skip=None, packages_select_regex=None, packages_skip_regex=None, packages_start=None, packages_end=None, allow_overriding=[], cmake_args=None, cmake_target=None, cmake_target_skip_unavailable=False, cmake_clean_cache=False, cmake_clean_first=False, cmake_force_configure=False, ament_cmake_args=None, catkin_cmake_args=None, catkin_skip_building_tests=False, mixin_files=None, mixin=None, verb_parser=<colcon_mixin.mixin.mixin_argument.MixinArgumentDecorator object at 0x7b95c9cd5f60>, verb_extension=<colcon_core.verb.build.BuildVerb object at 0x7b95c9dd6470>, main=<bound method BuildVerb.main of <colcon_core.verb.build.BuildVerb object at 0x7b95c9dd6470>>, mixin_verb=('build',))
[0.102s] Level 1:colcon.colcon_core.package_discovery:discover_packages(colcon_meta) check parameters
[0.102s] Level 1:colcon.colcon_core.package_discovery:discover_packages(recursive) check parameters
[0.103s] Level 1:colcon.colcon_core.package_discovery:discover_packages(ignore) check parameters
[0.103s] Level 1:colcon.colcon_core.package_discovery:discover_packages(path) check parameters
[0.103s] Level 1:colcon.colcon_core.package_discovery:discover_packages(colcon_meta) discover
[0.103s] Level 1:colcon.colcon_core.package_discovery:discover_packages(recursive) discover
[0.103s] INFO:colcon.colcon_core.package_discovery:Crawling recursively for packages in '/home/kiki/Workspace/drone_monitor/gcopter'
[0.103s] Level 1:colcon.colcon_core.package_identification:_identify(.) by extensions ['ignore', 'ignore_ament_install']
[0.103s] Level 1:colcon.colcon_core.package_identification:_identify(.) by extension 'ignore'
[0.103s] Level 1:colcon.colcon_core.package_identification:_identify(.) by extension 'ignore_ament_install'
[0.103s] Level 1:colcon.colcon_core.package_identification:_identify(.) by extensions ['colcon_pkg']
[0.103s] Level 1:colcon.colcon_core.package_identification:_identify(.) by extension 'colcon_pkg'
[0.103s] Level 1:colcon.colcon_core.package_identification:_identify(.) by extensions ['colcon_meta']
[0.103s] Level 1:colcon.colcon_core.package_identification:_identify(.) by extension 'colcon_meta'
[0.103s] Level 1:colcon.colcon_core.package_identification:_identify(.) by extensions ['ros']
[0.103s] Level 1:colcon.colcon_core.package_identification:_identify(.) by extension 'ros'
[0.109s] DEBUG:colcon.colcon_core.package_identification:Package '.' with type 'ros.ament_cmake' and name 'gcopter'
[0.109s] Level 1:colcon.colcon_core.package_discovery:discover_packages(recursive) using defaults
[0.109s] Level 1:colcon.colcon_core.package_discovery:discover_packages(ignore) discover
[0.109s] Level 1:colcon.colcon_core.package_discovery:discover_packages(ignore) using defaults
[0.109s] Level 1:colcon.colcon_core.package_discovery:discover_packages(path) discover
[0.109s] Level 1:colcon.colcon_core.package_discovery:discover_packages(path) using defaults
[0.117s] Level 1:colcon.colcon_core.package_discovery:discover_packages(prefix_path) check parameters
[0.117s] Level 1:colcon.colcon_core.package_discovery:discover_packages(prefix_path) discover
[0.122s] DEBUG:colcon.colcon_installed_package_information.package_discovery:Found 1 installed packages in /home/kiki/Workspace/drone_monitor/gcopter/install
[0.123s] DEBUG:colcon.colcon_installed_package_information.package_discovery:Found 271 installed packages in /opt/ros/humble
[0.123s] Level 1:colcon.colcon_core.package_discovery:discover_packages(prefix_path) using defaults
[0.137s] Level 5:colcon.colcon_core.verb:set package 'gcopter' build argument 'cmake_args' from command line to 'None'
[0.137s] Level 5:colcon.colcon_core.verb:set package 'gcopter' build argument 'cmake_target' from command line to 'None'
[0.137s] Level 5:colcon.colcon_core.verb:set package 'gcopter' build argument 'cmake_target_skip_unavailable' from command line to 'False'
[0.137s] Level 5:colcon.colcon_core.verb:set package 'gcopter' build argument 'cmake_clean_cache' from command line to 'False'
[0.137s] Level 5:colcon.colcon_core.verb:set package 'gcopter' build argument 'cmake_clean_first' from command line to 'False'
[0.137s] Level 5:colcon.colcon_core.verb:set package 'gcopter' build argument 'cmake_force_configure' from command line to 'False'
[0.137s] Level 5:colcon.colcon_core.verb:set package 'gcopter' build argument 'ament_cmake_args' from command line to 'None'
[0.137s] Level 5:colcon.colcon_core.verb:set package 'gcopter' build argument 'catkin_cmake_args' from command line to 'None'
[0.137s] Level 5:colcon.colcon_core.verb:set package 'gcopter' build argument 'catkin_skip_building_tests' from command line to 'False'
[0.137s] DEBUG:colcon.colcon_core.verb:Building package 'gcopter' with the following arguments: {'ament_cmake_args': None, 'build_base': '/home/kiki/Workspace/drone_monitor/gcopter/build/gcopter', 'catkin_cmake_args': None, 'catkin_skip_building_tests': False, 'cmake_args': None, 'cmake_clean_cache': False, 'cmake_clean_first': False, 'cmake_force_configure': False, 'cmake_target': None, 'cmake_target_skip_unavailable': False, 'install_base': '/home/kiki/Workspace/drone_monitor/gcopter/install/gcopter', 'merge_install': False, 'path': '/home/kiki/Workspace/drone_monitor/gcopter', 'symlink_install': False, 'test_result_base': None}
[0.137s] INFO:colcon.colcon_core.executor:Executing jobs using 'parallel' executor
[0.138s] DEBUG:colcon.colcon_parallel_executor.executor.parallel:run_until_complete
[0.138s] INFO:colcon.colcon_ros.task.ament_cmake.build:Building ROS package in '/home/kiki/Workspace/drone_monitor/gcopter' with build type 'ament_cmake'
[0.138s] INFO:colcon.colcon_cmake.task.cmake.build:Building CMake package in '/home/kiki/Workspace/drone_monitor/gcopter'
[0.139s] INFO:colcon.colcon_core.plugin_system:Skipping extension 'colcon_core.shell.bat': Not used on non-Windows systems
[0.139s] INFO:colcon.colcon_core.shell:Skip shell extension 'powershell' for command environment: Not usable outside of PowerShell
[0.139s] DEBUG:colcon.colcon_core.shell:Skip shell extension 'dsv' for command environment
[0.145s] DEBUG:colcon.colcon_core.event_handler.log_command:Invoking command in '/home/kiki/Workspace/drone_monitor/gcopter/build/gcopter': CMAKE_PREFIX_PATH=${CMAKE_PREFIX_PATH}:/opt/ros/humble /usr/bin/cmake --build /home/kiki/Workspace/drone_monitor/gcopter/build/gcopter -- -j32 -l32
[17.906s] DEBUG:colcon.colcon_core.event_handler.log_command:Invoked command in '/home/kiki/Workspace/drone_monitor/gcopter/build/gcopter' returned '0': CMAKE_PREFIX_PATH=${CMAKE_PREFIX_PATH}:/opt/ros/humble /usr/bin/cmake --build /home/kiki/Workspace/drone_monitor/gcopter/build/gcopter -- -j32 -l32
[17.919s] DEBUG:colcon.colcon_core.event_handler.log_command:Invoking command in '/home/kiki/Workspace/drone_monitor/gcopter/build/gcopter': CMAKE_PREFIX_PATH=${CMAKE_PREFIX_PATH}:/opt/ros/humble /usr/bin/cmake --install /home/kiki/Workspace/drone_monitor/gcopter/build/gcopter
[17.932s] Level 1:colcon.colcon_core.environment:create_environment_scripts_only(gcopter)
[17.932s] DEBUG:colcon.colcon_core.event_handler.log_command:Invoked command in '/home/kiki/Workspace/drone_monitor/gcopter/build/gcopter' returned '0': CMAKE_PREFIX_PATH=${CMAKE_PREFIX_PATH}:/opt/ros/humble /usr/bin/cmake --install /home/kiki/Workspace/drone_monitor/gcopter/build/gcopter
[17.934s] Level 1:colcon.colcon_core.environment:checking '/home/kiki/Workspace/drone_monitor/gcopter/install/gcopter' for CMake module files
[17.934s] Level 1:colcon.colcon_core.environment:checking '/home/kiki/Workspace/drone_monitor/gcopter/install/gcopter' for CMake config files
[17.934s] Level 1:colcon.colcon_core.shell:create_environment_hook('gcopter', 'cmake_prefix_path')
[17.934s] INFO:colcon.colcon_core.shell:Creating environment hook '/home/kiki/Workspace/drone_monitor/gcopter/install/gcopter/share/gcopter/hook/cmake_prefix_path.ps1'
[17.934s] INFO:colcon.colcon_core.shell:Creating environment descriptor '/home/kiki/Workspace/drone_monitor/gcopter/install/gcopter/share/gcopter/hook/cmake_prefix_path.dsv'
[17.934s] INFO:colcon.colcon_core.shell:Creating environment hook '/home/kiki/Workspace/drone_monitor/gcopter/install/gcopter/share/gcopter/hook/cmake_prefix_path.sh'
[17.935s] Level 1:colcon.colcon_core.environment:checking '/home/kiki/Workspace/drone_monitor/gcopter/install/gcopter/lib'
[17.935s] Level 1:colcon.colcon_core.environment:checking '/home/kiki/Workspace/drone_monitor/gcopter/install/gcopter/bin'
[17.935s] Level 1:colcon.colcon_core.environment:checking '/home/kiki/Workspace/drone_monitor/gcopter/install/gcopter/lib/pkgconfig/gcopter.pc'
[17.935s] Level 1:colcon.colcon_core.environment:checking '/home/kiki/Workspace/drone_monitor/gcopter/install/gcopter/lib/python3.10/site-packages'
[17.935s] Level 1:colcon.colcon_core.environment:checking '/home/kiki/Workspace/drone_monitor/gcopter/install/gcopter/bin'
[17.935s] INFO:colcon.colcon_core.shell:Creating package script '/home/kiki/Workspace/drone_monitor/gcopter/install/gcopter/share/gcopter/package.ps1'
[17.937s] INFO:colcon.colcon_core.shell:Creating package descriptor '/home/kiki/Workspace/drone_monitor/gcopter/install/gcopter/share/gcopter/package.dsv'
[17.938s] INFO:colcon.colcon_core.shell:Creating package script '/home/kiki/Workspace/drone_monitor/gcopter/install/gcopter/share/gcopter/package.sh'
[17.939s] INFO:colcon.colcon_core.shell:Creating package script '/home/kiki/Workspace/drone_monitor/gcopter/install/gcopter/share/gcopter/package.bash'
[17.940s] INFO:colcon.colcon_core.shell:Creating package script '/home/kiki/Workspace/drone_monitor/gcopter/install/gcopter/share/gcopter/package.zsh'
[17.941s] Level 1:colcon.colcon_core.environment:create_file_with_runtime_dependencies(/home/kiki/Workspace/drone_monitor/gcopter/install/gcopter/share/colcon-core/packages/gcopter)
[17.951s] Level 1:colcon.colcon_core.environment:create_environment_scripts_only(gcopter)
[17.951s] Level 1:colcon.colcon_core.environment:checking '/home/kiki/Workspace/drone_monitor/gcopter/install/gcopter' for CMake module files
[17.951s] Level 1:colcon.colcon_core.environment:checking '/home/kiki/Workspace/drone_monitor/gcopter/install/gcopter' for CMake config files
[17.951s] Level 1:colcon.colcon_core.shell:create_environment_hook('gcopter', 'cmake_prefix_path')
[17.951s] INFO:colcon.colcon_core.shell:Creating environment hook '/home/kiki/Workspace/drone_monitor/gcopter/install/gcopter/share/gcopter/hook/cmake_prefix_path.ps1'
[17.952s] INFO:colcon.colcon_core.shell:Creating environment descriptor '/home/kiki/Workspace/drone_monitor/gcopter/install/gcopter/share/gcopter/hook/cmake_prefix_path.dsv'
[17.953s] INFO:colcon.colcon_core.shell:Creating environment hook '/home/kiki/Workspace/drone_monitor/gcopter/install/gcopter/share/gcopter/hook/cmake_prefix_path.sh'
[17.954s] Level 1:colcon.colcon_core.environment:checking '/home/kiki/Workspace/drone_monitor/gcopter/install/gcopter/lib'
[17.954s] Level 1:colcon.colcon_core.environment:checking '/home/kiki/Workspace/drone_monitor/gcopter/install/gcopter/bin'
[17.955s] Level 1:colcon.colcon_core.environment:checking '/home/kiki/Workspace/drone_monitor/gcopter/install/gcopter/lib/pkgconfig/gcopter.pc'
[17.955s] Level 1:colcon.colcon_core.environment:checking '/home/kiki/Workspace/drone_monitor/gcopter/install/gcopter/lib/python3.10/site-packages'
[17.955s] Level 1:colcon.colcon_core.environment:checking '/home/kiki/Workspace/drone_monitor/gcopter/install/gcopter/bin'
[17.955s] INFO:colcon.colcon_core.shell:Creating package script '/home/kiki/Workspace/drone_monitor/gcopter/install/gcopter/share/gcopter/package.ps1'
[17.956s] INFO:colcon.colcon_core.shell:Creating package descriptor '/home/kiki/Workspace/drone_monitor/gcopter/install/gcopter/share/gcopter/package.dsv'
[17.957s] INFO:colcon.colcon_core.shell:Creating package script '/home/kiki/Workspace/drone_monitor/gcopter/install/gcopter/share/gcopter/package.sh'
[17.958s] INFO:colcon.colcon_core.shell:Creating package script '/home/kiki/Workspace/drone_monitor/gcopter/install/gcopter/share/gcopter/package.bash'
[17.959s] INFO:colcon.colcon_core.shell:Creating package script '/home/kiki/Workspace/drone_monitor/gcopter/install/gcopter/share/gcopter/package.zsh'
[17.960s] Level 1:colcon.colcon_core.environment:create_file_with_runtime_dependencies(/home/kiki/Workspace/drone_monitor/gcopter/install/gcopter/share/colcon-core/packages/gcopter)
[17.961s] DEBUG:colcon.colcon_parallel_executor.executor.parallel:closing loop
[17.961s] DEBUG:colcon.colcon_parallel_executor.executor.parallel:loop closed
[17.961s] DEBUG:colcon.colcon_parallel_executor.executor.parallel:run_until_complete finished with '0'
[17.961s] DEBUG:colcon.colcon_core.event_reactor:joining thread
[17.964s] INFO:colcon.colcon_core.plugin_system:Skipping extension 'colcon_notification.desktop_notification.terminal_notifier': Not used on non-Darwin systems
[17.964s] INFO:colcon.colcon_core.plugin_system:Skipping extension 'colcon_notification.desktop_notification.win32': Not used on non-Windows systems
[17.964s] INFO:colcon.colcon_notification.desktop_notification:Sending desktop notification using 'notify2'
[17.969s] DEBUG:colcon.colcon_core.event_reactor:joined thread
[17.969s] INFO:colcon.colcon_core.shell:Creating prefix script '/home/kiki/Workspace/drone_monitor/gcopter/install/local_setup.ps1'
[17.971s] INFO:colcon.colcon_core.shell:Creating prefix util module '/home/kiki/Workspace/drone_monitor/gcopter/install/_local_setup_util_ps1.py'
[17.972s] INFO:colcon.colcon_core.shell:Creating prefix chain script '/home/kiki/Workspace/drone_monitor/gcopter/install/setup.ps1'
[17.973s] INFO:colcon.colcon_core.shell:Creating prefix script '/home/kiki/Workspace/drone_monitor/gcopter/install/local_setup.sh'
[17.974s] INFO:colcon.colcon_core.shell:Creating prefix util module '/home/kiki/Workspace/drone_monitor/gcopter/install/_local_setup_util_sh.py'
[17.975s] INFO:colcon.colcon_core.shell:Creating prefix chain script '/home/kiki/Workspace/drone_monitor/gcopter/install/setup.sh'
[17.977s] INFO:colcon.colcon_core.shell:Creating prefix script '/home/kiki/Workspace/drone_monitor/gcopter/install/local_setup.bash'
[17.978s] INFO:colcon.colcon_core.shell:Creating prefix chain script '/home/kiki/Workspace/drone_monitor/gcopter/install/setup.bash'
[17.979s] INFO:colcon.colcon_core.shell:Creating prefix script '/home/kiki/Workspace/drone_monitor/gcopter/install/local_setup.zsh'
[17.980s] INFO:colcon.colcon_core.shell:Creating prefix chain script '/home/kiki/Workspace/drone_monitor/gcopter/install/setup.zsh'
