[0.004s] Invoking command in '/home/kiki/Workspace/drone_monitor/build/mockamap': CMAKE_PREFIX_PATH=${CMAKE_PREFIX_PATH}:/opt/ros/humble /usr/bin/cmake /home/kiki/Workspace/drone_monitor/map_gen/mockamap -DCMAKE_INSTALL_PREFIX=/home/kiki/Workspace/drone_monitor/install/mockamap
[0.027s] -- The C compiler identification is GNU 11.4.0
[0.050s] -- The CXX compiler identification is GNU 11.4.0
[0.053s] -- Detecting C compiler ABI info
[0.082s] -- Detecting C compiler ABI info - done
[0.085s] -- Check for working C compiler: /usr/bin/cc - skipped
[0.085s] -- Detecting C compile features
[0.086s] -- Detecting C compile features - done
[0.087s] -- Detecting CXX compiler ABI info
[0.122s] -- Detecting CXX compiler ABI info - done
[0.125s] -- Check for working CXX compiler: /usr/bin/c++ - skipped
[0.126s] -- Detecting CXX compile features
[0.126s] -- Detecting CXX compile features - done
[0.127s] -- Found ament_cmake: 1.3.8 (/opt/ros/humble/share/ament_cmake/cmake)
[0.191s] -- Found Python3: /usr/bin/python3 (found version "3.10.12") found components: Interpreter 
[0.226s] -- Found rclcpp: 16.0.8 (/opt/ros/humble/share/rclcpp/cmake)
[0.242s] -- Found rosidl_generator_c: 3.1.5 (/opt/ros/humble/share/rosidl_generator_c/cmake)
[0.244s] -- Found rosidl_adapter: 3.1.5 (/opt/ros/humble/share/rosidl_adapter/cmake)
[0.248s] -- Found rosidl_generator_cpp: 3.1.5 (/opt/ros/humble/share/rosidl_generator_cpp/cmake)
[0.253s] -- Using all available rosidl_typesupport_c: rosidl_typesupport_fastrtps_c;rosidl_typesupport_introspection_c
[0.261s] -- Using all available rosidl_typesupport_cpp: rosidl_typesupport_fastrtps_cpp;rosidl_typesupport_introspection_cpp
[0.290s] -- Found rmw_implementation_cmake: 6.1.1 (/opt/ros/humble/share/rmw_implementation_cmake/cmake)
[0.291s] -- Found rmw_fastrtps_cpp: 6.2.6 (/opt/ros/humble/share/rmw_fastrtps_cpp/cmake)
[0.332s] -- Found OpenSSL: /usr/lib/x86_64-linux-gnu/libcrypto.so (found version "3.0.2")  
[0.344s] -- Found FastRTPS: /opt/ros/humble/include  
[0.365s] -- Using RMW implementation 'rmw_fastrtps_cpp' as default
[0.369s] -- Looking for pthread.h
[0.407s] -- Looking for pthread.h - found
[0.407s] -- Performing Test CMAKE_HAVE_LIBC_PTHREAD
[0.440s] -- Performing Test CMAKE_HAVE_LIBC_PTHREAD - Success
[0.441s] -- Found Threads: TRUE  
[0.511s] -- Found sensor_msgs: 4.2.3 (/opt/ros/humble/share/sensor_msgs/cmake)
[0.574s] -- Checking for module 'eigen3'
[0.579s] --   Found eigen3, version 3.4.0
[0.592s] -- Found Eigen: /usr/include/eigen3 (Required is at least version "3.1") 
[0.592s] -- Eigen found (include: /usr/include/eigen3, version: 3.4.0)
[0.600s] -- Found Boost: /usr/local/lib/cmake/Boost-1.82.0/BoostConfig.cmake (found suitable version "1.82.0", minimum required is "1.65.0") found components: system filesystem date_time iostreams serialization 
[0.633s] -- Checking for module 'libusb-1.0'
[0.641s] --   Found libusb-1.0, version 1.0.25
[0.676s] -- Found libusb: /usr/lib/x86_64-linux-gnu/libusb-1.0.so  
[0.677s] -- Found OpenNI: /usr/lib/libOpenNI.so;libusb::libusb (found version "1.5.4.0") 
[0.677s] -- OpenNI found (version: 1.5.4.0, include: /usr/include/ni, lib: /usr/lib/libOpenNI.so;libusb::libusb)
[0.699s] -- Found OpenNI2: /usr/lib/x86_64-linux-gnu/libOpenNI2.so;libusb::libusb (found version "2.2.0.33") 
[0.699s] -- OpenNI2 found (version: 2.2.0.33, include: /usr/include/openni2, lib: /usr/lib/x86_64-linux-gnu/libOpenNI2.so;libusb::libusb)
[0.699s] [0m** WARNING ** io features related to pcap will be disabled[0m
[0.699s] [0m** WARNING ** io features related to png will be disabled[0m
[0.716s] -- Found GLEW: /usr/lib/x86_64-linux-gnu/libGLEW.so  
[0.718s] -- Found OpenGL: /usr/lib/x86_64-linux-gnu/libOpenGL.so  found components: OpenGL GLX 
[0.788s] -- Found MPI_C: /usr/lib/x86_64-linux-gnu/libmpi.so (found version "3.1") 
[0.788s] -- Found MPI: TRUE (found version "3.1") found components: C 
[0.790s] -- Found JsonCpp: /usr/lib/x86_64-linux-gnu/libjsoncpp.so (found suitable version "1.9.5", minimum required is "0.7.0") 
[0.795s] -- Found ZLIB: /usr/lib/x86_64-linux-gnu/libz.so (found version "1.2.11") 
[0.803s] -- Found PNG: /usr/lib/x86_64-linux-gnu/libpng.so (found version "1.6.37") 
[0.808s] -- Found Eigen3: /usr/include/eigen3 (found version "3.4.0") 
[0.845s] -- Found X11: /usr/include   
[0.845s] -- Looking for XOpenDisplay in /usr/lib/x86_64-linux-gnu/libX11.so;/usr/lib/x86_64-linux-gnu/libXext.so
[0.878s] -- Looking for XOpenDisplay in /usr/lib/x86_64-linux-gnu/libX11.so;/usr/lib/x86_64-linux-gnu/libXext.so - found
[0.878s] -- Looking for gethostbyname
[0.914s] -- Looking for gethostbyname - found
[0.914s] -- Looking for connect
[0.951s] -- Looking for connect - found
[0.951s] -- Looking for remove
[0.995s] -- Looking for remove - found
[0.995s] -- Looking for shmat
[1.033s] -- Looking for shmat - found
[1.033s] -- Looking for IceConnectionNumber in ICE
[1.065s] -- Looking for IceConnectionNumber in ICE - found
[1.098s] -- Found EXPAT: /usr/lib/x86_64-linux-gnu/libexpat.so (found version "2.4.7") 
[1.098s] -- Found double-conversion: /usr/lib/x86_64-linux-gnu/libdouble-conversion.so  
[1.100s] -- Found LZ4: /usr/lib/x86_64-linux-gnu/liblz4.so (found version "1.9.3") 
[1.100s] -- Found LZMA: /usr/lib/x86_64-linux-gnu/liblzma.so (found version "5.2.5") 
[1.106s] -- Found JPEG: /usr/lib/x86_64-linux-gnu/libjpeg.so (found version "80") 
[1.108s] -- Found TIFF: /usr/lib/x86_64-linux-gnu/libtiff.so (found version "4.3.0")  
[1.110s] -- Found Freetype: /usr/lib/x86_64-linux-gnu/libfreetype.so (found version "2.11.1") 
[1.113s] -- Found utf8cpp: /usr/include/utf8cpp  
[1.128s] -- Eigen found (include: /usr/include/eigen3, version: 3.4.0)
[1.128s] -- looking for PCL_COMMON
[1.128s] -- Found PCL_COMMON: /usr/lib/x86_64-linux-gnu/libpcl_common.so  
[1.128s] -- looking for PCL_OCTREE
[1.129s] -- Found PCL_OCTREE: /usr/lib/x86_64-linux-gnu/libpcl_octree.so  
[1.129s] -- looking for PCL_IO
[1.129s] -- Found PCL_IO: /usr/lib/x86_64-linux-gnu/libpcl_io.so  
[1.129s] -- Found PCL: pcl_common;pcl_octree;pcl_io;Boost::system;Boost::filesystem;Boost::date_time;Boost::iostreams;Boost::serialization;/usr/lib/libOpenNI.so;libusb::libusb;/usr/lib/x86_64-linux-gnu/libOpenNI2.so;libusb::libusb;VTK::ChartsCore;VTK::CommonColor;VTK::CommonComputationalGeometry;VTK::CommonCore;VTK::CommonDataModel;VTK::CommonExecutionModel;VTK::CommonMath;VTK::CommonMisc;VTK::CommonTransforms;VTK::FiltersCore;VTK::FiltersExtraction;VTK::FiltersGeneral;VTK::FiltersGeometry;VTK::FiltersModeling;VTK::FiltersSources;VTK::ImagingCore;VTK::ImagingSources;VTK::InteractionImage;VTK::InteractionStyle;VTK::InteractionWidgets;VTK::IOCore;VTK::IOGeometry;VTK::IOImage;VTK::IOLegacy;VTK::IOPLY;VTK::RenderingAnnotation;VTK::RenderingCore;VTK::RenderingContext2D;VTK::RenderingLOD;VTK::RenderingFreeType;VTK::ViewsCore;VTK::ViewsContext2D;VTK::RenderingOpenGL2;VTK::GUISupportQt  
[1.130s] -- Found pcl_conversions: 2.4.0 (/opt/ros/humble/share/pcl_conversions/cmake)
[1.247s] -- Configuring done
[1.257s] -- Generating done
[1.258s] -- Build files have been written to: /home/kiki/Workspace/drone_monitor/build/mockamap
[1.265s] Invoked command in '/home/kiki/Workspace/drone_monitor/build/mockamap' returned '0': CMAKE_PREFIX_PATH=${CMAKE_PREFIX_PATH}:/opt/ros/humble /usr/bin/cmake /home/kiki/Workspace/drone_monitor/map_gen/mockamap -DCMAKE_INSTALL_PREFIX=/home/kiki/Workspace/drone_monitor/install/mockamap
[1.266s] Invoking command in '/home/kiki/Workspace/drone_monitor/build/mockamap': CMAKE_PREFIX_PATH=${CMAKE_PREFIX_PATH}:/opt/ros/humble /usr/bin/cmake --build /home/kiki/Workspace/drone_monitor/build/mockamap -- -j32 -l32
[1.289s] [ 33%] [32mBuilding CXX object CMakeFiles/mockamap_node.dir/src/mockamap.cpp.o[0m
[1.289s] [ 66%] [32mBuilding CXX object CMakeFiles/mockamap_node.dir/src/perlinnoise.cpp.o[0m
[3.416s] [01m[K/home/kiki/Workspace/drone_monitor/map_gen/mockamap/src/mockamap.cpp:[m[K In member function ‘[01m[Kvoid mocka::Maps::recursiveDivision(int, int, int, int, Eigen::MatrixXi&)[m[K’:
[3.416s] [01m[K/home/kiki/Workspace/drone_monitor/map_gen/mockamap/src/mockamap.cpp:673:12:[m[K [01;35m[Kwarning: [m[Kunused variable ‘[01m[Kvalid[m[K’ [[01;35m[K]8;;https://gcc.gnu.org/onlinedocs/gcc/Warning-Options.html#index-Wunused-variable-Wunused-variable]8;;[m[K]
[3.416s]   673 |       bool [01;35m[Kvalid[m[K     = false; // used to judge whether the wall selection is valid
[3.416s]       |            [01;35m[K^~~~~[m[K
[4.684s] [100%] [32m[1mLinking CXX executable mockamap_node[0m
[4.839s] [100%] Built target mockamap_node
[4.845s] Invoked command in '/home/kiki/Workspace/drone_monitor/build/mockamap' returned '0': CMAKE_PREFIX_PATH=${CMAKE_PREFIX_PATH}:/opt/ros/humble /usr/bin/cmake --build /home/kiki/Workspace/drone_monitor/build/mockamap -- -j32 -l32
[4.858s] Invoking command in '/home/kiki/Workspace/drone_monitor/build/mockamap': CMAKE_PREFIX_PATH=${CMAKE_PREFIX_PATH}:/opt/ros/humble /usr/bin/cmake --install /home/kiki/Workspace/drone_monitor/build/mockamap
[4.861s] -- Install configuration: ""
[4.862s] -- Installing: /home/kiki/Workspace/drone_monitor/install/mockamap/lib/mockamap/mockamap_node
[4.862s] -- Set runtime path of "/home/kiki/Workspace/drone_monitor/install/mockamap/lib/mockamap/mockamap_node" to ""
[4.862s] -- Installing: /home/kiki/Workspace/drone_monitor/install/mockamap/share/mockamap/launch
[4.862s] -- Installing: /home/kiki/Workspace/drone_monitor/install/mockamap/share/mockamap/launch/mockamap.launch
[4.862s] -- Installing: /home/kiki/Workspace/drone_monitor/install/mockamap/share/ament_index/resource_index/package_run_dependencies/mockamap
[4.862s] -- Installing: /home/kiki/Workspace/drone_monitor/install/mockamap/share/ament_index/resource_index/parent_prefix_path/mockamap
[4.862s] -- Installing: /home/kiki/Workspace/drone_monitor/install/mockamap/share/mockamap/environment/ament_prefix_path.sh
[4.863s] -- Installing: /home/kiki/Workspace/drone_monitor/install/mockamap/share/mockamap/environment/ament_prefix_path.dsv
[4.863s] -- Installing: /home/kiki/Workspace/drone_monitor/install/mockamap/share/mockamap/environment/path.sh
[4.863s] -- Installing: /home/kiki/Workspace/drone_monitor/install/mockamap/share/mockamap/environment/path.dsv
[4.863s] -- Installing: /home/kiki/Workspace/drone_monitor/install/mockamap/share/mockamap/local_setup.bash
[4.863s] -- Installing: /home/kiki/Workspace/drone_monitor/install/mockamap/share/mockamap/local_setup.sh
[4.863s] -- Installing: /home/kiki/Workspace/drone_monitor/install/mockamap/share/mockamap/local_setup.zsh
[4.863s] -- Installing: /home/kiki/Workspace/drone_monitor/install/mockamap/share/mockamap/local_setup.dsv
[4.863s] -- Installing: /home/kiki/Workspace/drone_monitor/install/mockamap/share/mockamap/package.dsv
[4.863s] -- Installing: /home/kiki/Workspace/drone_monitor/install/mockamap/share/ament_index/resource_index/packages/mockamap
[4.863s] -- Installing: /home/kiki/Workspace/drone_monitor/install/mockamap/share/mockamap/cmake/mockamapConfig.cmake
[4.863s] -- Installing: /home/kiki/Workspace/drone_monitor/install/mockamap/share/mockamap/cmake/mockamapConfig-version.cmake
[4.863s] -- Installing: /home/kiki/Workspace/drone_monitor/install/mockamap/share/mockamap/package.xml
[4.864s] Invoked command in '/home/kiki/Workspace/drone_monitor/build/mockamap' returned '0': CMAKE_PREFIX_PATH=${CMAKE_PREFIX_PATH}:/opt/ros/humble /usr/bin/cmake --install /home/kiki/Workspace/drone_monitor/build/mockamap
