[0.104s] DEBUG:colcon:Command line arguments: ['/usr/bin/colcon', 'build', '--packages-select', 'gcopter']
[0.104s] DEBUG:colcon:Parsed command line arguments: Namespace(log_base=None, log_level=None, verb_name='build', build_base='build', install_base='install', merge_install=False, symlink_install=False, test_result_base=None, continue_on_error=False, executor='parallel', parallel_workers=32, event_handlers=None, ignore_user_meta=False, metas=['./colcon.meta'], base_paths=['.'], packages_ignore=None, packages_ignore_regex=None, paths=None, packages_up_to=None, packages_up_to_regex=None, packages_above=None, packages_above_and_dependencies=None, packages_above_depth=None, packages_select_by_dep=None, packages_skip_by_dep=None, packages_skip_up_to=None, packages_select_build_failed=False, packages_skip_build_finished=False, packages_select_test_failures=False, packages_skip_test_passed=False, packages_select=['gcopter'], packages_skip=None, packages_select_regex=None, packages_skip_regex=None, packages_start=None, packages_end=None, allow_overriding=[], cmake_args=None, cmake_target=None, cmake_target_skip_unavailable=False, cmake_clean_cache=False, cmake_clean_first=False, cmake_force_configure=False, ament_cmake_args=None, catkin_cmake_args=None, catkin_skip_building_tests=False, mixin_files=None, mixin=None, verb_parser=<colcon_mixin.mixin.mixin_argument.MixinArgumentDecorator object at 0x75979dad2ef0>, verb_extension=<colcon_core.verb.build.BuildVerb object at 0x75979dc4b160>, main=<bound method BuildVerb.main of <colcon_core.verb.build.BuildVerb object at 0x75979dc4b160>>, mixin_verb=('build',))
[0.188s] Level 1:colcon.colcon_core.package_discovery:discover_packages(colcon_meta) check parameters
[0.188s] Level 1:colcon.colcon_core.package_discovery:discover_packages(recursive) check parameters
[0.188s] Level 1:colcon.colcon_core.package_discovery:discover_packages(ignore) check parameters
[0.188s] Level 1:colcon.colcon_core.package_discovery:discover_packages(path) check parameters
[0.188s] Level 1:colcon.colcon_core.package_discovery:discover_packages(colcon_meta) discover
[0.188s] Level 1:colcon.colcon_core.package_discovery:discover_packages(recursive) discover
[0.188s] INFO:colcon.colcon_core.package_discovery:Crawling recursively for packages in '/home/kiki/Workspace/drone_monitor'
[0.188s] Level 1:colcon.colcon_core.package_identification:_identify(.) by extensions ['ignore', 'ignore_ament_install']
[0.188s] Level 1:colcon.colcon_core.package_identification:_identify(.) by extension 'ignore'
[0.188s] Level 1:colcon.colcon_core.package_identification:_identify(.) by extension 'ignore_ament_install'
[0.188s] Level 1:colcon.colcon_core.package_identification:_identify(.) by extensions ['colcon_pkg']
[0.188s] Level 1:colcon.colcon_core.package_identification:_identify(.) by extension 'colcon_pkg'
[0.188s] Level 1:colcon.colcon_core.package_identification:_identify(.) by extensions ['colcon_meta']
[0.188s] Level 1:colcon.colcon_core.package_identification:_identify(.) by extension 'colcon_meta'
[0.188s] Level 1:colcon.colcon_core.package_identification:_identify(.) by extensions ['ros']
[0.188s] Level 1:colcon.colcon_core.package_identification:_identify(.) by extension 'ros'
[0.193s] Level 1:colcon.colcon_core.package_identification:_identify(.) by extensions ['cmake', 'python']
[0.194s] Level 1:colcon.colcon_core.package_identification:_identify(.) by extension 'cmake'
[0.194s] Level 1:colcon.colcon_core.package_identification:_identify(.) by extension 'python'
[0.194s] Level 1:colcon.colcon_core.package_identification:_identify(.) by extensions ['python_setup_py']
[0.194s] Level 1:colcon.colcon_core.package_identification:_identify(.) by extension 'python_setup_py'
[0.194s] Level 1:colcon.colcon_core.package_identification:_identify(build) by extensions ['ignore', 'ignore_ament_install']
[0.194s] Level 1:colcon.colcon_core.package_identification:_identify(build) by extension 'ignore'
[0.194s] Level 1:colcon.colcon_core.package_identification:_identify(build) ignored
[0.194s] Level 1:colcon.colcon_core.package_identification:_identify(gcopter) by extensions ['ignore', 'ignore_ament_install']
[0.194s] Level 1:colcon.colcon_core.package_identification:_identify(gcopter) by extension 'ignore'
[0.194s] Level 1:colcon.colcon_core.package_identification:_identify(gcopter) by extension 'ignore_ament_install'
[0.194s] Level 1:colcon.colcon_core.package_identification:_identify(gcopter) by extensions ['colcon_pkg']
[0.194s] Level 1:colcon.colcon_core.package_identification:_identify(gcopter) by extension 'colcon_pkg'
[0.194s] Level 1:colcon.colcon_core.package_identification:_identify(gcopter) by extensions ['colcon_meta']
[0.194s] Level 1:colcon.colcon_core.package_identification:_identify(gcopter) by extension 'colcon_meta'
[0.194s] Level 1:colcon.colcon_core.package_identification:_identify(gcopter) by extensions ['ros']
[0.194s] Level 1:colcon.colcon_core.package_identification:_identify(gcopter) by extension 'ros'
[0.195s] DEBUG:colcon.colcon_core.package_identification:Package 'gcopter' with type 'ros.ament_cmake' and name 'gcopter'
[0.195s] Level 1:colcon.colcon_core.package_identification:_identify(install) by extensions ['ignore', 'ignore_ament_install']
[0.195s] Level 1:colcon.colcon_core.package_identification:_identify(install) by extension 'ignore'
[0.195s] Level 1:colcon.colcon_core.package_identification:_identify(install) ignored
[0.195s] Level 1:colcon.colcon_core.package_identification:_identify(log) by extensions ['ignore', 'ignore_ament_install']
[0.195s] Level 1:colcon.colcon_core.package_identification:_identify(log) by extension 'ignore'
[0.195s] Level 1:colcon.colcon_core.package_identification:_identify(log) ignored
[0.195s] Level 1:colcon.colcon_core.package_identification:_identify(map_gen) by extensions ['ignore', 'ignore_ament_install']
[0.195s] Level 1:colcon.colcon_core.package_identification:_identify(map_gen) by extension 'ignore'
[0.195s] Level 1:colcon.colcon_core.package_identification:_identify(map_gen) by extension 'ignore_ament_install'
[0.195s] Level 1:colcon.colcon_core.package_identification:_identify(map_gen) by extensions ['colcon_pkg']
[0.195s] Level 1:colcon.colcon_core.package_identification:_identify(map_gen) by extension 'colcon_pkg'
[0.195s] Level 1:colcon.colcon_core.package_identification:_identify(map_gen) by extensions ['colcon_meta']
[0.195s] Level 1:colcon.colcon_core.package_identification:_identify(map_gen) by extension 'colcon_meta'
[0.195s] Level 1:colcon.colcon_core.package_identification:_identify(map_gen) by extensions ['ros']
[0.195s] Level 1:colcon.colcon_core.package_identification:_identify(map_gen) by extension 'ros'
[0.196s] Level 1:colcon.colcon_core.package_identification:_identify(map_gen) by extensions ['cmake', 'python']
[0.196s] Level 1:colcon.colcon_core.package_identification:_identify(map_gen) by extension 'cmake'
[0.196s] Level 1:colcon.colcon_core.package_identification:_identify(map_gen) by extension 'python'
[0.196s] Level 1:colcon.colcon_core.package_identification:_identify(map_gen) by extensions ['python_setup_py']
[0.196s] Level 1:colcon.colcon_core.package_identification:_identify(map_gen) by extension 'python_setup_py'
[0.196s] Level 1:colcon.colcon_core.package_identification:_identify(map_gen/map_sensing) by extensions ['ignore', 'ignore_ament_install']
[0.196s] Level 1:colcon.colcon_core.package_identification:_identify(map_gen/map_sensing) by extension 'ignore'
[0.196s] Level 1:colcon.colcon_core.package_identification:_identify(map_gen/map_sensing) by extension 'ignore_ament_install'
[0.196s] Level 1:colcon.colcon_core.package_identification:_identify(map_gen/map_sensing) by extensions ['colcon_pkg']
[0.196s] Level 1:colcon.colcon_core.package_identification:_identify(map_gen/map_sensing) by extension 'colcon_pkg'
[0.196s] Level 1:colcon.colcon_core.package_identification:_identify(map_gen/map_sensing) by extensions ['colcon_meta']
[0.196s] Level 1:colcon.colcon_core.package_identification:_identify(map_gen/map_sensing) by extension 'colcon_meta'
[0.196s] Level 1:colcon.colcon_core.package_identification:_identify(map_gen/map_sensing) by extensions ['ros']
[0.196s] Level 1:colcon.colcon_core.package_identification:_identify(map_gen/map_sensing) by extension 'ros'
[0.196s] DEBUG:colcon.colcon_core.package_identification:Package 'map_gen/map_sensing' with type 'ros.ament_cmake' and name 'map_sensing'
[0.196s] Level 1:colcon.colcon_core.package_identification:_identify(map_gen/mockamap) by extensions ['ignore', 'ignore_ament_install']
[0.196s] Level 1:colcon.colcon_core.package_identification:_identify(map_gen/mockamap) by extension 'ignore'
[0.196s] Level 1:colcon.colcon_core.package_identification:_identify(map_gen/mockamap) by extension 'ignore_ament_install'
[0.196s] Level 1:colcon.colcon_core.package_identification:_identify(map_gen/mockamap) by extensions ['colcon_pkg']
[0.196s] Level 1:colcon.colcon_core.package_identification:_identify(map_gen/mockamap) by extension 'colcon_pkg'
[0.196s] Level 1:colcon.colcon_core.package_identification:_identify(map_gen/mockamap) by extensions ['colcon_meta']
[0.196s] Level 1:colcon.colcon_core.package_identification:_identify(map_gen/mockamap) by extension 'colcon_meta'
[0.196s] Level 1:colcon.colcon_core.package_identification:_identify(map_gen/mockamap) by extensions ['ros']
[0.196s] Level 1:colcon.colcon_core.package_identification:_identify(map_gen/mockamap) by extension 'ros'
[0.197s] DEBUG:colcon.colcon_core.package_identification:Package 'map_gen/mockamap' with type 'ros.ament_cmake' and name 'mockamap'
[0.197s] Level 1:colcon.colcon_core.package_identification:_identify(my_launch) by extensions ['ignore', 'ignore_ament_install']
[0.197s] Level 1:colcon.colcon_core.package_identification:_identify(my_launch) by extension 'ignore'
[0.197s] Level 1:colcon.colcon_core.package_identification:_identify(my_launch) by extension 'ignore_ament_install'
[0.197s] Level 1:colcon.colcon_core.package_identification:_identify(my_launch) by extensions ['colcon_pkg']
[0.197s] Level 1:colcon.colcon_core.package_identification:_identify(my_launch) by extension 'colcon_pkg'
[0.197s] Level 1:colcon.colcon_core.package_identification:_identify(my_launch) by extensions ['colcon_meta']
[0.197s] Level 1:colcon.colcon_core.package_identification:_identify(my_launch) by extension 'colcon_meta'
[0.197s] Level 1:colcon.colcon_core.package_identification:_identify(my_launch) by extensions ['ros']
[0.197s] Level 1:colcon.colcon_core.package_identification:_identify(my_launch) by extension 'ros'
[0.197s] Level 1:colcon.colcon_core.package_identification:_identify(my_launch) by extensions ['cmake', 'python']
[0.197s] Level 1:colcon.colcon_core.package_identification:_identify(my_launch) by extension 'cmake'
[0.197s] Level 1:colcon.colcon_core.package_identification:_identify(my_launch) by extension 'python'
[0.197s] Level 1:colcon.colcon_core.package_identification:_identify(my_launch) by extensions ['python_setup_py']
[0.197s] Level 1:colcon.colcon_core.package_identification:_identify(my_launch) by extension 'python_setup_py'
[0.197s] Level 1:colcon.colcon_core.package_identification:_identify(my_launch/launch) by extensions ['ignore', 'ignore_ament_install']
[0.197s] Level 1:colcon.colcon_core.package_identification:_identify(my_launch/launch) by extension 'ignore'
[0.197s] Level 1:colcon.colcon_core.package_identification:_identify(my_launch/launch) by extension 'ignore_ament_install'
[0.197s] Level 1:colcon.colcon_core.package_identification:_identify(my_launch/launch) by extensions ['colcon_pkg']
[0.197s] Level 1:colcon.colcon_core.package_identification:_identify(my_launch/launch) by extension 'colcon_pkg'
[0.197s] Level 1:colcon.colcon_core.package_identification:_identify(my_launch/launch) by extensions ['colcon_meta']
[0.197s] Level 1:colcon.colcon_core.package_identification:_identify(my_launch/launch) by extension 'colcon_meta'
[0.197s] Level 1:colcon.colcon_core.package_identification:_identify(my_launch/launch) by extensions ['ros']
[0.197s] Level 1:colcon.colcon_core.package_identification:_identify(my_launch/launch) by extension 'ros'
[0.197s] Level 1:colcon.colcon_core.package_identification:_identify(my_launch/launch) by extensions ['cmake', 'python']
[0.197s] Level 1:colcon.colcon_core.package_identification:_identify(my_launch/launch) by extension 'cmake'
[0.197s] Level 1:colcon.colcon_core.package_identification:_identify(my_launch/launch) by extension 'python'
[0.197s] Level 1:colcon.colcon_core.package_identification:_identify(my_launch/launch) by extensions ['python_setup_py']
[0.197s] Level 1:colcon.colcon_core.package_identification:_identify(my_launch/launch) by extension 'python_setup_py'
[0.197s] Level 1:colcon.colcon_core.package_identification:_identify(my_launch/launch/__pycache__) by extensions ['ignore', 'ignore_ament_install']
[0.197s] Level 1:colcon.colcon_core.package_identification:_identify(my_launch/launch/__pycache__) by extension 'ignore'
[0.197s] Level 1:colcon.colcon_core.package_identification:_identify(my_launch/launch/__pycache__) by extension 'ignore_ament_install'
[0.197s] Level 1:colcon.colcon_core.package_identification:_identify(my_launch/launch/__pycache__) by extensions ['colcon_pkg']
[0.197s] Level 1:colcon.colcon_core.package_identification:_identify(my_launch/launch/__pycache__) by extension 'colcon_pkg'
[0.197s] Level 1:colcon.colcon_core.package_identification:_identify(my_launch/launch/__pycache__) by extensions ['colcon_meta']
[0.197s] Level 1:colcon.colcon_core.package_identification:_identify(my_launch/launch/__pycache__) by extension 'colcon_meta'
[0.197s] Level 1:colcon.colcon_core.package_identification:_identify(my_launch/launch/__pycache__) by extensions ['ros']
[0.197s] Level 1:colcon.colcon_core.package_identification:_identify(my_launch/launch/__pycache__) by extension 'ros'
[0.197s] Level 1:colcon.colcon_core.package_identification:_identify(my_launch/launch/__pycache__) by extensions ['cmake', 'python']
[0.197s] Level 1:colcon.colcon_core.package_identification:_identify(my_launch/launch/__pycache__) by extension 'cmake'
[0.197s] Level 1:colcon.colcon_core.package_identification:_identify(my_launch/launch/__pycache__) by extension 'python'
[0.197s] Level 1:colcon.colcon_core.package_identification:_identify(my_launch/launch/__pycache__) by extensions ['python_setup_py']
[0.197s] Level 1:colcon.colcon_core.package_identification:_identify(my_launch/launch/__pycache__) by extension 'python_setup_py'
[0.197s] Level 1:colcon.colcon_core.package_identification:_identify(simulation) by extensions ['ignore', 'ignore_ament_install']
[0.198s] Level 1:colcon.colcon_core.package_identification:_identify(simulation) by extension 'ignore'
[0.198s] Level 1:colcon.colcon_core.package_identification:_identify(simulation) by extension 'ignore_ament_install'
[0.198s] Level 1:colcon.colcon_core.package_identification:_identify(simulation) by extensions ['colcon_pkg']
[0.198s] Level 1:colcon.colcon_core.package_identification:_identify(simulation) by extension 'colcon_pkg'
[0.198s] Level 1:colcon.colcon_core.package_identification:_identify(simulation) by extensions ['colcon_meta']
[0.198s] Level 1:colcon.colcon_core.package_identification:_identify(simulation) by extension 'colcon_meta'
[0.198s] Level 1:colcon.colcon_core.package_identification:_identify(simulation) by extensions ['ros']
[0.198s] Level 1:colcon.colcon_core.package_identification:_identify(simulation) by extension 'ros'
[0.198s] DEBUG:colcon.colcon_core.package_identification:Package 'simulation' with type 'ros.ament_cmake' and name 'simulation'
[0.198s] Level 1:colcon.colcon_core.package_identification:_identify(template) by extensions ['ignore', 'ignore_ament_install']
[0.198s] Level 1:colcon.colcon_core.package_identification:_identify(template) by extension 'ignore'
[0.198s] Level 1:colcon.colcon_core.package_identification:_identify(template) by extension 'ignore_ament_install'
[0.198s] Level 1:colcon.colcon_core.package_identification:_identify(template) by extensions ['colcon_pkg']
[0.198s] Level 1:colcon.colcon_core.package_identification:_identify(template) by extension 'colcon_pkg'
[0.198s] Level 1:colcon.colcon_core.package_identification:_identify(template) by extensions ['colcon_meta']
[0.198s] Level 1:colcon.colcon_core.package_identification:_identify(template) by extension 'colcon_meta'
[0.198s] Level 1:colcon.colcon_core.package_identification:_identify(template) by extensions ['ros']
[0.198s] Level 1:colcon.colcon_core.package_identification:_identify(template) by extension 'ros'
[0.198s] Level 1:colcon.colcon_core.package_identification:_identify(template) by extensions ['cmake', 'python']
[0.198s] Level 1:colcon.colcon_core.package_identification:_identify(template) by extension 'cmake'
[0.198s] Level 1:colcon.colcon_core.package_identification:_identify(template) by extension 'python'
[0.198s] Level 1:colcon.colcon_core.package_identification:_identify(template) by extensions ['python_setup_py']
[0.198s] Level 1:colcon.colcon_core.package_identification:_identify(template) by extension 'python_setup_py'
[0.198s] Level 1:colcon.colcon_core.package_discovery:discover_packages(recursive) using defaults
[0.198s] Level 1:colcon.colcon_core.package_discovery:discover_packages(ignore) discover
[0.198s] Level 1:colcon.colcon_core.package_discovery:discover_packages(ignore) using defaults
[0.198s] Level 1:colcon.colcon_core.package_discovery:discover_packages(path) discover
[0.198s] Level 1:colcon.colcon_core.package_discovery:discover_packages(path) using defaults
[0.212s] INFO:colcon.colcon_core.package_selection:Skipping not selected package 'map_sensing' in 'map_gen/map_sensing'
[0.212s] INFO:colcon.colcon_core.package_selection:Skipping not selected package 'mockamap' in 'map_gen/mockamap'
[0.212s] INFO:colcon.colcon_core.package_selection:Skipping not selected package 'simulation' in 'simulation'
[0.212s] Level 1:colcon.colcon_core.package_discovery:discover_packages(prefix_path) check parameters
[0.212s] Level 1:colcon.colcon_core.package_discovery:discover_packages(prefix_path) discover
[0.213s] DEBUG:colcon.colcon_installed_package_information.package_discovery:Found 4 installed packages in /home/kiki/Workspace/drone_monitor/install
[0.213s] DEBUG:colcon.colcon_installed_package_information.package_discovery:Found 290 installed packages in /opt/ros/humble
[0.214s] Level 1:colcon.colcon_core.package_discovery:discover_packages(prefix_path) using defaults
[0.230s] Level 5:colcon.colcon_core.verb:set package 'gcopter' build argument 'cmake_args' from command line to 'None'
[0.230s] Level 5:colcon.colcon_core.verb:set package 'gcopter' build argument 'cmake_target' from command line to 'None'
[0.230s] Level 5:colcon.colcon_core.verb:set package 'gcopter' build argument 'cmake_target_skip_unavailable' from command line to 'False'
[0.230s] Level 5:colcon.colcon_core.verb:set package 'gcopter' build argument 'cmake_clean_cache' from command line to 'False'
[0.230s] Level 5:colcon.colcon_core.verb:set package 'gcopter' build argument 'cmake_clean_first' from command line to 'False'
[0.230s] Level 5:colcon.colcon_core.verb:set package 'gcopter' build argument 'cmake_force_configure' from command line to 'False'
[0.230s] Level 5:colcon.colcon_core.verb:set package 'gcopter' build argument 'ament_cmake_args' from command line to 'None'
[0.230s] Level 5:colcon.colcon_core.verb:set package 'gcopter' build argument 'catkin_cmake_args' from command line to 'None'
[0.230s] Level 5:colcon.colcon_core.verb:set package 'gcopter' build argument 'catkin_skip_building_tests' from command line to 'False'
[0.230s] DEBUG:colcon.colcon_core.verb:Building package 'gcopter' with the following arguments: {'ament_cmake_args': None, 'build_base': '/home/kiki/Workspace/drone_monitor/build/gcopter', 'catkin_cmake_args': None, 'catkin_skip_building_tests': False, 'cmake_args': None, 'cmake_clean_cache': False, 'cmake_clean_first': False, 'cmake_force_configure': False, 'cmake_target': None, 'cmake_target_skip_unavailable': False, 'install_base': '/home/kiki/Workspace/drone_monitor/install/gcopter', 'merge_install': False, 'path': '/home/kiki/Workspace/drone_monitor/gcopter', 'symlink_install': False, 'test_result_base': None}
[0.230s] INFO:colcon.colcon_core.executor:Executing jobs using 'parallel' executor
[0.231s] DEBUG:colcon.colcon_parallel_executor.executor.parallel:run_until_complete
[0.231s] INFO:colcon.colcon_ros.task.ament_cmake.build:Building ROS package in '/home/kiki/Workspace/drone_monitor/gcopter' with build type 'ament_cmake'
[0.231s] INFO:colcon.colcon_cmake.task.cmake.build:Building CMake package in '/home/kiki/Workspace/drone_monitor/gcopter'
[0.232s] INFO:colcon.colcon_core.plugin_system:Skipping extension 'colcon_core.shell.bat': Not used on non-Windows systems
[0.232s] INFO:colcon.colcon_core.shell:Skip shell extension 'powershell' for command environment: Not usable outside of PowerShell
[0.232s] DEBUG:colcon.colcon_core.shell:Skip shell extension 'dsv' for command environment
[0.495s] DEBUG:colcon.colcon_core.event_handler.log_command:Invoking command in '/home/kiki/Workspace/drone_monitor/build/gcopter': CMAKE_PREFIX_PATH=${CMAKE_PREFIX_PATH}:/opt/ros/humble /usr/bin/cmake --build /home/kiki/Workspace/drone_monitor/build/gcopter -- -j32 -l32
[20.402s] DEBUG:colcon.colcon_core.event_handler.log_command:Invoked command in '/home/kiki/Workspace/drone_monitor/build/gcopter' returned '0': CMAKE_PREFIX_PATH=${CMAKE_PREFIX_PATH}:/opt/ros/humble /usr/bin/cmake --build /home/kiki/Workspace/drone_monitor/build/gcopter -- -j32 -l32
[20.416s] DEBUG:colcon.colcon_core.event_handler.log_command:Invoking command in '/home/kiki/Workspace/drone_monitor/build/gcopter': CMAKE_PREFIX_PATH=${CMAKE_PREFIX_PATH}:/opt/ros/humble /usr/bin/cmake --install /home/kiki/Workspace/drone_monitor/build/gcopter
[20.428s] Level 1:colcon.colcon_core.environment:create_environment_scripts_only(gcopter)
[20.429s] DEBUG:colcon.colcon_core.event_handler.log_command:Invoked command in '/home/kiki/Workspace/drone_monitor/build/gcopter' returned '0': CMAKE_PREFIX_PATH=${CMAKE_PREFIX_PATH}:/opt/ros/humble /usr/bin/cmake --install /home/kiki/Workspace/drone_monitor/build/gcopter
[20.429s] Level 1:colcon.colcon_core.environment:checking '/home/kiki/Workspace/drone_monitor/install/gcopter' for CMake module files
[20.430s] Level 1:colcon.colcon_core.environment:checking '/home/kiki/Workspace/drone_monitor/install/gcopter' for CMake config files
[20.430s] Level 1:colcon.colcon_core.shell:create_environment_hook('gcopter', 'cmake_prefix_path')
[20.430s] INFO:colcon.colcon_core.shell:Creating environment hook '/home/kiki/Workspace/drone_monitor/install/gcopter/share/gcopter/hook/cmake_prefix_path.ps1'
[20.430s] INFO:colcon.colcon_core.shell:Creating environment descriptor '/home/kiki/Workspace/drone_monitor/install/gcopter/share/gcopter/hook/cmake_prefix_path.dsv'
[20.430s] INFO:colcon.colcon_core.shell:Creating environment hook '/home/kiki/Workspace/drone_monitor/install/gcopter/share/gcopter/hook/cmake_prefix_path.sh'
[20.431s] Level 1:colcon.colcon_core.environment:checking '/home/kiki/Workspace/drone_monitor/install/gcopter/lib'
[20.431s] Level 1:colcon.colcon_core.environment:checking '/home/kiki/Workspace/drone_monitor/install/gcopter/bin'
[20.431s] Level 1:colcon.colcon_core.environment:checking '/home/kiki/Workspace/drone_monitor/install/gcopter/lib/pkgconfig/gcopter.pc'
[20.431s] Level 1:colcon.colcon_core.environment:checking '/home/kiki/Workspace/drone_monitor/install/gcopter/lib/python3.10/site-packages'
[20.431s] Level 1:colcon.colcon_core.environment:checking '/home/kiki/Workspace/drone_monitor/install/gcopter/bin'
[20.431s] INFO:colcon.colcon_core.shell:Creating package script '/home/kiki/Workspace/drone_monitor/install/gcopter/share/gcopter/package.ps1'
[20.431s] INFO:colcon.colcon_core.shell:Creating package descriptor '/home/kiki/Workspace/drone_monitor/install/gcopter/share/gcopter/package.dsv'
[20.431s] INFO:colcon.colcon_core.shell:Creating package script '/home/kiki/Workspace/drone_monitor/install/gcopter/share/gcopter/package.sh'
[20.432s] INFO:colcon.colcon_core.shell:Creating package script '/home/kiki/Workspace/drone_monitor/install/gcopter/share/gcopter/package.bash'
[20.432s] INFO:colcon.colcon_core.shell:Creating package script '/home/kiki/Workspace/drone_monitor/install/gcopter/share/gcopter/package.zsh'
[20.432s] Level 1:colcon.colcon_core.environment:create_file_with_runtime_dependencies(/home/kiki/Workspace/drone_monitor/install/gcopter/share/colcon-core/packages/gcopter)
[20.442s] Level 1:colcon.colcon_core.environment:create_environment_scripts_only(gcopter)
[20.442s] Level 1:colcon.colcon_core.environment:checking '/home/kiki/Workspace/drone_monitor/install/gcopter' for CMake module files
[20.442s] Level 1:colcon.colcon_core.environment:checking '/home/kiki/Workspace/drone_monitor/install/gcopter' for CMake config files
[20.442s] Level 1:colcon.colcon_core.shell:create_environment_hook('gcopter', 'cmake_prefix_path')
[20.442s] INFO:colcon.colcon_core.shell:Creating environment hook '/home/kiki/Workspace/drone_monitor/install/gcopter/share/gcopter/hook/cmake_prefix_path.ps1'
[20.443s] INFO:colcon.colcon_core.shell:Creating environment descriptor '/home/kiki/Workspace/drone_monitor/install/gcopter/share/gcopter/hook/cmake_prefix_path.dsv'
[20.443s] INFO:colcon.colcon_core.shell:Creating environment hook '/home/kiki/Workspace/drone_monitor/install/gcopter/share/gcopter/hook/cmake_prefix_path.sh'
[20.443s] Level 1:colcon.colcon_core.environment:checking '/home/kiki/Workspace/drone_monitor/install/gcopter/lib'
[20.443s] Level 1:colcon.colcon_core.environment:checking '/home/kiki/Workspace/drone_monitor/install/gcopter/bin'
[20.443s] Level 1:colcon.colcon_core.environment:checking '/home/kiki/Workspace/drone_monitor/install/gcopter/lib/pkgconfig/gcopter.pc'
[20.443s] Level 1:colcon.colcon_core.environment:checking '/home/kiki/Workspace/drone_monitor/install/gcopter/lib/python3.10/site-packages'
[20.443s] Level 1:colcon.colcon_core.environment:checking '/home/kiki/Workspace/drone_monitor/install/gcopter/bin'
[20.443s] INFO:colcon.colcon_core.shell:Creating package script '/home/kiki/Workspace/drone_monitor/install/gcopter/share/gcopter/package.ps1'
[20.444s] INFO:colcon.colcon_core.shell:Creating package descriptor '/home/kiki/Workspace/drone_monitor/install/gcopter/share/gcopter/package.dsv'
[20.444s] INFO:colcon.colcon_core.shell:Creating package script '/home/kiki/Workspace/drone_monitor/install/gcopter/share/gcopter/package.sh'
[20.444s] INFO:colcon.colcon_core.shell:Creating package script '/home/kiki/Workspace/drone_monitor/install/gcopter/share/gcopter/package.bash'
[20.444s] INFO:colcon.colcon_core.shell:Creating package script '/home/kiki/Workspace/drone_monitor/install/gcopter/share/gcopter/package.zsh'
[20.444s] Level 1:colcon.colcon_core.environment:create_file_with_runtime_dependencies(/home/kiki/Workspace/drone_monitor/install/gcopter/share/colcon-core/packages/gcopter)
[20.444s] DEBUG:colcon.colcon_parallel_executor.executor.parallel:closing loop
[20.444s] DEBUG:colcon.colcon_parallel_executor.executor.parallel:loop closed
[20.444s] DEBUG:colcon.colcon_parallel_executor.executor.parallel:run_until_complete finished with '0'
[20.444s] DEBUG:colcon.colcon_core.event_reactor:joining thread
[20.448s] INFO:colcon.colcon_core.plugin_system:Skipping extension 'colcon_notification.desktop_notification.terminal_notifier': Not used on non-Darwin systems
[20.448s] INFO:colcon.colcon_core.plugin_system:Skipping extension 'colcon_notification.desktop_notification.win32': Not used on non-Windows systems
[20.448s] INFO:colcon.colcon_notification.desktop_notification:Sending desktop notification using 'notify2'
[20.453s] DEBUG:colcon.colcon_core.event_reactor:joined thread
[20.454s] INFO:colcon.colcon_core.shell:Creating prefix script '/home/kiki/Workspace/drone_monitor/install/local_setup.ps1'
[20.454s] INFO:colcon.colcon_core.shell:Creating prefix util module '/home/kiki/Workspace/drone_monitor/install/_local_setup_util_ps1.py'
[20.455s] INFO:colcon.colcon_core.shell:Creating prefix chain script '/home/kiki/Workspace/drone_monitor/install/setup.ps1'
[20.455s] INFO:colcon.colcon_core.shell:Creating prefix script '/home/kiki/Workspace/drone_monitor/install/local_setup.sh'
[20.455s] INFO:colcon.colcon_core.shell:Creating prefix util module '/home/kiki/Workspace/drone_monitor/install/_local_setup_util_sh.py'
[20.455s] INFO:colcon.colcon_core.shell:Creating prefix chain script '/home/kiki/Workspace/drone_monitor/install/setup.sh'
[20.456s] INFO:colcon.colcon_core.shell:Creating prefix script '/home/kiki/Workspace/drone_monitor/install/local_setup.bash'
[20.456s] INFO:colcon.colcon_core.shell:Creating prefix chain script '/home/kiki/Workspace/drone_monitor/install/setup.bash'
[20.456s] INFO:colcon.colcon_core.shell:Creating prefix script '/home/kiki/Workspace/drone_monitor/install/local_setup.zsh'
[20.456s] INFO:colcon.colcon_core.shell:Creating prefix chain script '/home/kiki/Workspace/drone_monitor/install/setup.zsh'
