[0.044s] DEBUG:colcon:Command line arguments: ['/usr/bin/colcon', 'build', '--packages-select', 'gcopter']
[0.044s] DEBUG:colcon:Parsed command line arguments: Namespace(log_base=None, log_level=None, verb_name='build', build_base='build', install_base='install', merge_install=False, symlink_install=False, test_result_base=None, continue_on_error=False, executor='parallel', parallel_workers=32, event_handlers=None, ignore_user_meta=False, metas=['./colcon.meta'], base_paths=['.'], packages_ignore=None, packages_ignore_regex=None, paths=None, packages_up_to=None, packages_up_to_regex=None, packages_above=None, packages_above_and_dependencies=None, packages_above_depth=None, packages_select_by_dep=None, packages_skip_by_dep=None, packages_skip_up_to=None, packages_select_build_failed=False, packages_skip_build_finished=False, packages_select_test_failures=False, packages_skip_test_passed=False, packages_select=['gcopter'], packages_skip=None, packages_select_regex=None, packages_skip_regex=None, packages_start=None, packages_end=None, allow_overriding=[], cmake_args=None, cmake_target=None, cmake_target_skip_unavailable=False, cmake_clean_cache=False, cmake_clean_first=False, cmake_force_configure=False, ament_cmake_args=None, catkin_cmake_args=None, catkin_skip_building_tests=False, mixin_files=None, mixin=None, verb_parser=<colcon_mixin.mixin.mixin_argument.MixinArgumentDecorator object at 0x73e7edb3aef0>, verb_extension=<colcon_core.verb.build.BuildVerb object at 0x73e7edcb7160>, main=<bound method BuildVerb.main of <colcon_core.verb.build.BuildVerb object at 0x73e7edcb7160>>, mixin_verb=('build',))
[0.112s] Level 1:colcon.colcon_core.package_discovery:discover_packages(colcon_meta) check parameters
[0.112s] Level 1:colcon.colcon_core.package_discovery:discover_packages(recursive) check parameters
[0.112s] Level 1:colcon.colcon_core.package_discovery:discover_packages(ignore) check parameters
[0.113s] Level 1:colcon.colcon_core.package_discovery:discover_packages(path) check parameters
[0.113s] Level 1:colcon.colcon_core.package_discovery:discover_packages(colcon_meta) discover
[0.113s] Level 1:colcon.colcon_core.package_discovery:discover_packages(recursive) discover
[0.113s] INFO:colcon.colcon_core.package_discovery:Crawling recursively for packages in '/home/kiki/Workspace/drone_monitor'
[0.113s] Level 1:colcon.colcon_core.package_identification:_identify(.) by extensions ['ignore', 'ignore_ament_install']
[0.113s] Level 1:colcon.colcon_core.package_identification:_identify(.) by extension 'ignore'
[0.113s] Level 1:colcon.colcon_core.package_identification:_identify(.) by extension 'ignore_ament_install'
[0.113s] Level 1:colcon.colcon_core.package_identification:_identify(.) by extensions ['colcon_pkg']
[0.113s] Level 1:colcon.colcon_core.package_identification:_identify(.) by extension 'colcon_pkg'
[0.113s] Level 1:colcon.colcon_core.package_identification:_identify(.) by extensions ['colcon_meta']
[0.113s] Level 1:colcon.colcon_core.package_identification:_identify(.) by extension 'colcon_meta'
[0.113s] Level 1:colcon.colcon_core.package_identification:_identify(.) by extensions ['ros']
[0.113s] Level 1:colcon.colcon_core.package_identification:_identify(.) by extension 'ros'
[0.117s] Level 1:colcon.colcon_core.package_identification:_identify(.) by extensions ['cmake', 'python']
[0.117s] Level 1:colcon.colcon_core.package_identification:_identify(.) by extension 'cmake'
[0.117s] Level 1:colcon.colcon_core.package_identification:_identify(.) by extension 'python'
[0.117s] Level 1:colcon.colcon_core.package_identification:_identify(.) by extensions ['python_setup_py']
[0.118s] Level 1:colcon.colcon_core.package_identification:_identify(.) by extension 'python_setup_py'
[0.118s] Level 1:colcon.colcon_core.package_identification:_identify(build) by extensions ['ignore', 'ignore_ament_install']
[0.118s] Level 1:colcon.colcon_core.package_identification:_identify(build) by extension 'ignore'
[0.118s] Level 1:colcon.colcon_core.package_identification:_identify(build) ignored
[0.118s] Level 1:colcon.colcon_core.package_identification:_identify(gcopter) by extensions ['ignore', 'ignore_ament_install']
[0.118s] Level 1:colcon.colcon_core.package_identification:_identify(gcopter) by extension 'ignore'
[0.118s] Level 1:colcon.colcon_core.package_identification:_identify(gcopter) by extension 'ignore_ament_install'
[0.118s] Level 1:colcon.colcon_core.package_identification:_identify(gcopter) by extensions ['colcon_pkg']
[0.118s] Level 1:colcon.colcon_core.package_identification:_identify(gcopter) by extension 'colcon_pkg'
[0.118s] Level 1:colcon.colcon_core.package_identification:_identify(gcopter) by extensions ['colcon_meta']
[0.118s] Level 1:colcon.colcon_core.package_identification:_identify(gcopter) by extension 'colcon_meta'
[0.118s] Level 1:colcon.colcon_core.package_identification:_identify(gcopter) by extensions ['ros']
[0.118s] Level 1:colcon.colcon_core.package_identification:_identify(gcopter) by extension 'ros'
[0.119s] DEBUG:colcon.colcon_core.package_identification:Package 'gcopter' with type 'ros.ament_cmake' and name 'gcopter'
[0.119s] Level 1:colcon.colcon_core.package_identification:_identify(install) by extensions ['ignore', 'ignore_ament_install']
[0.119s] Level 1:colcon.colcon_core.package_identification:_identify(install) by extension 'ignore'
[0.119s] Level 1:colcon.colcon_core.package_identification:_identify(install) ignored
[0.119s] Level 1:colcon.colcon_core.package_identification:_identify(log) by extensions ['ignore', 'ignore_ament_install']
[0.119s] Level 1:colcon.colcon_core.package_identification:_identify(log) by extension 'ignore'
[0.119s] Level 1:colcon.colcon_core.package_identification:_identify(log) ignored
[0.119s] Level 1:colcon.colcon_core.package_identification:_identify(map_gen) by extensions ['ignore', 'ignore_ament_install']
[0.119s] Level 1:colcon.colcon_core.package_identification:_identify(map_gen) by extension 'ignore'
[0.119s] Level 1:colcon.colcon_core.package_identification:_identify(map_gen) by extension 'ignore_ament_install'
[0.119s] Level 1:colcon.colcon_core.package_identification:_identify(map_gen) by extensions ['colcon_pkg']
[0.119s] Level 1:colcon.colcon_core.package_identification:_identify(map_gen) by extension 'colcon_pkg'
[0.119s] Level 1:colcon.colcon_core.package_identification:_identify(map_gen) by extensions ['colcon_meta']
[0.119s] Level 1:colcon.colcon_core.package_identification:_identify(map_gen) by extension 'colcon_meta'
[0.119s] Level 1:colcon.colcon_core.package_identification:_identify(map_gen) by extensions ['ros']
[0.119s] Level 1:colcon.colcon_core.package_identification:_identify(map_gen) by extension 'ros'
[0.119s] Level 1:colcon.colcon_core.package_identification:_identify(map_gen) by extensions ['cmake', 'python']
[0.119s] Level 1:colcon.colcon_core.package_identification:_identify(map_gen) by extension 'cmake'
[0.119s] Level 1:colcon.colcon_core.package_identification:_identify(map_gen) by extension 'python'
[0.119s] Level 1:colcon.colcon_core.package_identification:_identify(map_gen) by extensions ['python_setup_py']
[0.119s] Level 1:colcon.colcon_core.package_identification:_identify(map_gen) by extension 'python_setup_py'
[0.119s] Level 1:colcon.colcon_core.package_identification:_identify(map_gen/map_sensing) by extensions ['ignore', 'ignore_ament_install']
[0.119s] Level 1:colcon.colcon_core.package_identification:_identify(map_gen/map_sensing) by extension 'ignore'
[0.119s] Level 1:colcon.colcon_core.package_identification:_identify(map_gen/map_sensing) by extension 'ignore_ament_install'
[0.119s] Level 1:colcon.colcon_core.package_identification:_identify(map_gen/map_sensing) by extensions ['colcon_pkg']
[0.119s] Level 1:colcon.colcon_core.package_identification:_identify(map_gen/map_sensing) by extension 'colcon_pkg'
[0.119s] Level 1:colcon.colcon_core.package_identification:_identify(map_gen/map_sensing) by extensions ['colcon_meta']
[0.120s] Level 1:colcon.colcon_core.package_identification:_identify(map_gen/map_sensing) by extension 'colcon_meta'
[0.120s] Level 1:colcon.colcon_core.package_identification:_identify(map_gen/map_sensing) by extensions ['ros']
[0.120s] Level 1:colcon.colcon_core.package_identification:_identify(map_gen/map_sensing) by extension 'ros'
[0.120s] DEBUG:colcon.colcon_core.package_identification:Package 'map_gen/map_sensing' with type 'ros.ament_cmake' and name 'map_sensing'
[0.120s] Level 1:colcon.colcon_core.package_identification:_identify(map_gen/mockamap) by extensions ['ignore', 'ignore_ament_install']
[0.120s] Level 1:colcon.colcon_core.package_identification:_identify(map_gen/mockamap) by extension 'ignore'
[0.120s] Level 1:colcon.colcon_core.package_identification:_identify(map_gen/mockamap) by extension 'ignore_ament_install'
[0.120s] Level 1:colcon.colcon_core.package_identification:_identify(map_gen/mockamap) by extensions ['colcon_pkg']
[0.120s] Level 1:colcon.colcon_core.package_identification:_identify(map_gen/mockamap) by extension 'colcon_pkg'
[0.120s] Level 1:colcon.colcon_core.package_identification:_identify(map_gen/mockamap) by extensions ['colcon_meta']
[0.120s] Level 1:colcon.colcon_core.package_identification:_identify(map_gen/mockamap) by extension 'colcon_meta'
[0.120s] Level 1:colcon.colcon_core.package_identification:_identify(map_gen/mockamap) by extensions ['ros']
[0.120s] Level 1:colcon.colcon_core.package_identification:_identify(map_gen/mockamap) by extension 'ros'
[0.121s] DEBUG:colcon.colcon_core.package_identification:Package 'map_gen/mockamap' with type 'ros.ament_cmake' and name 'mockamap'
[0.121s] Level 1:colcon.colcon_core.package_identification:_identify(my_launch) by extensions ['ignore', 'ignore_ament_install']
[0.121s] Level 1:colcon.colcon_core.package_identification:_identify(my_launch) by extension 'ignore'
[0.121s] Level 1:colcon.colcon_core.package_identification:_identify(my_launch) by extension 'ignore_ament_install'
[0.121s] Level 1:colcon.colcon_core.package_identification:_identify(my_launch) by extensions ['colcon_pkg']
[0.121s] Level 1:colcon.colcon_core.package_identification:_identify(my_launch) by extension 'colcon_pkg'
[0.121s] Level 1:colcon.colcon_core.package_identification:_identify(my_launch) by extensions ['colcon_meta']
[0.121s] Level 1:colcon.colcon_core.package_identification:_identify(my_launch) by extension 'colcon_meta'
[0.121s] Level 1:colcon.colcon_core.package_identification:_identify(my_launch) by extensions ['ros']
[0.121s] Level 1:colcon.colcon_core.package_identification:_identify(my_launch) by extension 'ros'
[0.121s] Level 1:colcon.colcon_core.package_identification:_identify(my_launch) by extensions ['cmake', 'python']
[0.121s] Level 1:colcon.colcon_core.package_identification:_identify(my_launch) by extension 'cmake'
[0.121s] Level 1:colcon.colcon_core.package_identification:_identify(my_launch) by extension 'python'
[0.121s] Level 1:colcon.colcon_core.package_identification:_identify(my_launch) by extensions ['python_setup_py']
[0.121s] Level 1:colcon.colcon_core.package_identification:_identify(my_launch) by extension 'python_setup_py'
[0.121s] Level 1:colcon.colcon_core.package_identification:_identify(my_launch/launch) by extensions ['ignore', 'ignore_ament_install']
[0.121s] Level 1:colcon.colcon_core.package_identification:_identify(my_launch/launch) by extension 'ignore'
[0.121s] Level 1:colcon.colcon_core.package_identification:_identify(my_launch/launch) by extension 'ignore_ament_install'
[0.121s] Level 1:colcon.colcon_core.package_identification:_identify(my_launch/launch) by extensions ['colcon_pkg']
[0.121s] Level 1:colcon.colcon_core.package_identification:_identify(my_launch/launch) by extension 'colcon_pkg'
[0.121s] Level 1:colcon.colcon_core.package_identification:_identify(my_launch/launch) by extensions ['colcon_meta']
[0.121s] Level 1:colcon.colcon_core.package_identification:_identify(my_launch/launch) by extension 'colcon_meta'
[0.121s] Level 1:colcon.colcon_core.package_identification:_identify(my_launch/launch) by extensions ['ros']
[0.121s] Level 1:colcon.colcon_core.package_identification:_identify(my_launch/launch) by extension 'ros'
[0.121s] Level 1:colcon.colcon_core.package_identification:_identify(my_launch/launch) by extensions ['cmake', 'python']
[0.121s] Level 1:colcon.colcon_core.package_identification:_identify(my_launch/launch) by extension 'cmake'
[0.121s] Level 1:colcon.colcon_core.package_identification:_identify(my_launch/launch) by extension 'python'
[0.121s] Level 1:colcon.colcon_core.package_identification:_identify(my_launch/launch) by extensions ['python_setup_py']
[0.121s] Level 1:colcon.colcon_core.package_identification:_identify(my_launch/launch) by extension 'python_setup_py'
[0.121s] Level 1:colcon.colcon_core.package_identification:_identify(my_launch/launch/__pycache__) by extensions ['ignore', 'ignore_ament_install']
[0.121s] Level 1:colcon.colcon_core.package_identification:_identify(my_launch/launch/__pycache__) by extension 'ignore'
[0.121s] Level 1:colcon.colcon_core.package_identification:_identify(my_launch/launch/__pycache__) by extension 'ignore_ament_install'
[0.121s] Level 1:colcon.colcon_core.package_identification:_identify(my_launch/launch/__pycache__) by extensions ['colcon_pkg']
[0.121s] Level 1:colcon.colcon_core.package_identification:_identify(my_launch/launch/__pycache__) by extension 'colcon_pkg'
[0.121s] Level 1:colcon.colcon_core.package_identification:_identify(my_launch/launch/__pycache__) by extensions ['colcon_meta']
[0.121s] Level 1:colcon.colcon_core.package_identification:_identify(my_launch/launch/__pycache__) by extension 'colcon_meta'
[0.121s] Level 1:colcon.colcon_core.package_identification:_identify(my_launch/launch/__pycache__) by extensions ['ros']
[0.121s] Level 1:colcon.colcon_core.package_identification:_identify(my_launch/launch/__pycache__) by extension 'ros'
[0.121s] Level 1:colcon.colcon_core.package_identification:_identify(my_launch/launch/__pycache__) by extensions ['cmake', 'python']
[0.121s] Level 1:colcon.colcon_core.package_identification:_identify(my_launch/launch/__pycache__) by extension 'cmake'
[0.121s] Level 1:colcon.colcon_core.package_identification:_identify(my_launch/launch/__pycache__) by extension 'python'
[0.121s] Level 1:colcon.colcon_core.package_identification:_identify(my_launch/launch/__pycache__) by extensions ['python_setup_py']
[0.121s] Level 1:colcon.colcon_core.package_identification:_identify(my_launch/launch/__pycache__) by extension 'python_setup_py'
[0.121s] Level 1:colcon.colcon_core.package_identification:_identify(simulation) by extensions ['ignore', 'ignore_ament_install']
[0.121s] Level 1:colcon.colcon_core.package_identification:_identify(simulation) by extension 'ignore'
[0.121s] Level 1:colcon.colcon_core.package_identification:_identify(simulation) by extension 'ignore_ament_install'
[0.121s] Level 1:colcon.colcon_core.package_identification:_identify(simulation) by extensions ['colcon_pkg']
[0.121s] Level 1:colcon.colcon_core.package_identification:_identify(simulation) by extension 'colcon_pkg'
[0.121s] Level 1:colcon.colcon_core.package_identification:_identify(simulation) by extensions ['colcon_meta']
[0.121s] Level 1:colcon.colcon_core.package_identification:_identify(simulation) by extension 'colcon_meta'
[0.121s] Level 1:colcon.colcon_core.package_identification:_identify(simulation) by extensions ['ros']
[0.121s] Level 1:colcon.colcon_core.package_identification:_identify(simulation) by extension 'ros'
[0.122s] DEBUG:colcon.colcon_core.package_identification:Package 'simulation' with type 'ros.ament_cmake' and name 'simulation'
[0.122s] Level 1:colcon.colcon_core.package_identification:_identify(template) by extensions ['ignore', 'ignore_ament_install']
[0.122s] Level 1:colcon.colcon_core.package_identification:_identify(template) by extension 'ignore'
[0.122s] Level 1:colcon.colcon_core.package_identification:_identify(template) by extension 'ignore_ament_install'
[0.122s] Level 1:colcon.colcon_core.package_identification:_identify(template) by extensions ['colcon_pkg']
[0.122s] Level 1:colcon.colcon_core.package_identification:_identify(template) by extension 'colcon_pkg'
[0.122s] Level 1:colcon.colcon_core.package_identification:_identify(template) by extensions ['colcon_meta']
[0.122s] Level 1:colcon.colcon_core.package_identification:_identify(template) by extension 'colcon_meta'
[0.122s] Level 1:colcon.colcon_core.package_identification:_identify(template) by extensions ['ros']
[0.122s] Level 1:colcon.colcon_core.package_identification:_identify(template) by extension 'ros'
[0.122s] Level 1:colcon.colcon_core.package_identification:_identify(template) by extensions ['cmake', 'python']
[0.122s] Level 1:colcon.colcon_core.package_identification:_identify(template) by extension 'cmake'
[0.122s] Level 1:colcon.colcon_core.package_identification:_identify(template) by extension 'python'
[0.122s] Level 1:colcon.colcon_core.package_identification:_identify(template) by extensions ['python_setup_py']
[0.122s] Level 1:colcon.colcon_core.package_identification:_identify(template) by extension 'python_setup_py'
[0.122s] Level 1:colcon.colcon_core.package_discovery:discover_packages(recursive) using defaults
[0.122s] Level 1:colcon.colcon_core.package_discovery:discover_packages(ignore) discover
[0.122s] Level 1:colcon.colcon_core.package_discovery:discover_packages(ignore) using defaults
[0.122s] Level 1:colcon.colcon_core.package_discovery:discover_packages(path) discover
[0.122s] Level 1:colcon.colcon_core.package_discovery:discover_packages(path) using defaults
[0.136s] INFO:colcon.colcon_core.package_selection:Skipping not selected package 'map_sensing' in 'map_gen/map_sensing'
[0.136s] INFO:colcon.colcon_core.package_selection:Skipping not selected package 'mockamap' in 'map_gen/mockamap'
[0.136s] INFO:colcon.colcon_core.package_selection:Skipping not selected package 'simulation' in 'simulation'
[0.136s] Level 1:colcon.colcon_core.package_discovery:discover_packages(prefix_path) check parameters
[0.136s] Level 1:colcon.colcon_core.package_discovery:discover_packages(prefix_path) discover
[0.137s] DEBUG:colcon.colcon_installed_package_information.package_discovery:Found 4 installed packages in /home/kiki/Workspace/drone_monitor/install
[0.137s] DEBUG:colcon.colcon_installed_package_information.package_discovery:Found 290 installed packages in /opt/ros/humble
[0.138s] Level 1:colcon.colcon_core.package_discovery:discover_packages(prefix_path) using defaults
[0.153s] Level 5:colcon.colcon_core.verb:set package 'gcopter' build argument 'cmake_args' from command line to 'None'
[0.153s] Level 5:colcon.colcon_core.verb:set package 'gcopter' build argument 'cmake_target' from command line to 'None'
[0.153s] Level 5:colcon.colcon_core.verb:set package 'gcopter' build argument 'cmake_target_skip_unavailable' from command line to 'False'
[0.154s] Level 5:colcon.colcon_core.verb:set package 'gcopter' build argument 'cmake_clean_cache' from command line to 'False'
[0.154s] Level 5:colcon.colcon_core.verb:set package 'gcopter' build argument 'cmake_clean_first' from command line to 'False'
[0.154s] Level 5:colcon.colcon_core.verb:set package 'gcopter' build argument 'cmake_force_configure' from command line to 'False'
[0.154s] Level 5:colcon.colcon_core.verb:set package 'gcopter' build argument 'ament_cmake_args' from command line to 'None'
[0.154s] Level 5:colcon.colcon_core.verb:set package 'gcopter' build argument 'catkin_cmake_args' from command line to 'None'
[0.154s] Level 5:colcon.colcon_core.verb:set package 'gcopter' build argument 'catkin_skip_building_tests' from command line to 'False'
[0.154s] DEBUG:colcon.colcon_core.verb:Building package 'gcopter' with the following arguments: {'ament_cmake_args': None, 'build_base': '/home/kiki/Workspace/drone_monitor/build/gcopter', 'catkin_cmake_args': None, 'catkin_skip_building_tests': False, 'cmake_args': None, 'cmake_clean_cache': False, 'cmake_clean_first': False, 'cmake_force_configure': False, 'cmake_target': None, 'cmake_target_skip_unavailable': False, 'install_base': '/home/kiki/Workspace/drone_monitor/install/gcopter', 'merge_install': False, 'path': '/home/kiki/Workspace/drone_monitor/gcopter', 'symlink_install': False, 'test_result_base': None}
[0.154s] INFO:colcon.colcon_core.executor:Executing jobs using 'parallel' executor
[0.154s] DEBUG:colcon.colcon_parallel_executor.executor.parallel:run_until_complete
[0.154s] INFO:colcon.colcon_ros.task.ament_cmake.build:Building ROS package in '/home/kiki/Workspace/drone_monitor/gcopter' with build type 'ament_cmake'
[0.155s] INFO:colcon.colcon_cmake.task.cmake.build:Building CMake package in '/home/kiki/Workspace/drone_monitor/gcopter'
[0.155s] INFO:colcon.colcon_core.plugin_system:Skipping extension 'colcon_core.shell.bat': Not used on non-Windows systems
[0.155s] INFO:colcon.colcon_core.shell:Skip shell extension 'powershell' for command environment: Not usable outside of PowerShell
[0.155s] DEBUG:colcon.colcon_core.shell:Skip shell extension 'dsv' for command environment
[0.162s] DEBUG:colcon.colcon_core.event_handler.log_command:Invoking command in '/home/kiki/Workspace/drone_monitor/build/gcopter': CMAKE_PREFIX_PATH=${CMAKE_PREFIX_PATH}:/opt/ros/humble /usr/bin/cmake --build /home/kiki/Workspace/drone_monitor/build/gcopter -- -j32 -l32
[19.721s] DEBUG:colcon.colcon_core.event_handler.log_command:Invoked command in '/home/kiki/Workspace/drone_monitor/build/gcopter' returned '0': CMAKE_PREFIX_PATH=${CMAKE_PREFIX_PATH}:/opt/ros/humble /usr/bin/cmake --build /home/kiki/Workspace/drone_monitor/build/gcopter -- -j32 -l32
[19.736s] DEBUG:colcon.colcon_core.event_handler.log_command:Invoking command in '/home/kiki/Workspace/drone_monitor/build/gcopter': CMAKE_PREFIX_PATH=${CMAKE_PREFIX_PATH}:/opt/ros/humble /usr/bin/cmake --install /home/kiki/Workspace/drone_monitor/build/gcopter
[19.748s] Level 1:colcon.colcon_core.environment:create_environment_scripts_only(gcopter)
[19.748s] DEBUG:colcon.colcon_core.event_handler.log_command:Invoked command in '/home/kiki/Workspace/drone_monitor/build/gcopter' returned '0': CMAKE_PREFIX_PATH=${CMAKE_PREFIX_PATH}:/opt/ros/humble /usr/bin/cmake --install /home/kiki/Workspace/drone_monitor/build/gcopter
[19.749s] Level 1:colcon.colcon_core.environment:checking '/home/kiki/Workspace/drone_monitor/install/gcopter' for CMake module files
[19.749s] Level 1:colcon.colcon_core.environment:checking '/home/kiki/Workspace/drone_monitor/install/gcopter' for CMake config files
[19.749s] Level 1:colcon.colcon_core.shell:create_environment_hook('gcopter', 'cmake_prefix_path')
[19.749s] INFO:colcon.colcon_core.shell:Creating environment hook '/home/kiki/Workspace/drone_monitor/install/gcopter/share/gcopter/hook/cmake_prefix_path.ps1'
[19.750s] INFO:colcon.colcon_core.shell:Creating environment descriptor '/home/kiki/Workspace/drone_monitor/install/gcopter/share/gcopter/hook/cmake_prefix_path.dsv'
[19.751s] INFO:colcon.colcon_core.shell:Creating environment hook '/home/kiki/Workspace/drone_monitor/install/gcopter/share/gcopter/hook/cmake_prefix_path.sh'
[19.753s] Level 1:colcon.colcon_core.environment:checking '/home/kiki/Workspace/drone_monitor/install/gcopter/lib'
[19.753s] Level 1:colcon.colcon_core.environment:checking '/home/kiki/Workspace/drone_monitor/install/gcopter/bin'
[19.753s] Level 1:colcon.colcon_core.environment:checking '/home/kiki/Workspace/drone_monitor/install/gcopter/lib/pkgconfig/gcopter.pc'
[19.753s] Level 1:colcon.colcon_core.environment:checking '/home/kiki/Workspace/drone_monitor/install/gcopter/lib/python3.10/site-packages'
[19.753s] Level 1:colcon.colcon_core.environment:checking '/home/kiki/Workspace/drone_monitor/install/gcopter/bin'
[19.753s] INFO:colcon.colcon_core.shell:Creating package script '/home/kiki/Workspace/drone_monitor/install/gcopter/share/gcopter/package.ps1'
[19.754s] INFO:colcon.colcon_core.shell:Creating package descriptor '/home/kiki/Workspace/drone_monitor/install/gcopter/share/gcopter/package.dsv'
[19.755s] INFO:colcon.colcon_core.shell:Creating package script '/home/kiki/Workspace/drone_monitor/install/gcopter/share/gcopter/package.sh'
[19.756s] INFO:colcon.colcon_core.shell:Creating package script '/home/kiki/Workspace/drone_monitor/install/gcopter/share/gcopter/package.bash'
[19.757s] INFO:colcon.colcon_core.shell:Creating package script '/home/kiki/Workspace/drone_monitor/install/gcopter/share/gcopter/package.zsh'
[19.758s] Level 1:colcon.colcon_core.environment:create_file_with_runtime_dependencies(/home/kiki/Workspace/drone_monitor/install/gcopter/share/colcon-core/packages/gcopter)
[19.769s] Level 1:colcon.colcon_core.environment:create_environment_scripts_only(gcopter)
[19.769s] Level 1:colcon.colcon_core.environment:checking '/home/kiki/Workspace/drone_monitor/install/gcopter' for CMake module files
[19.769s] Level 1:colcon.colcon_core.environment:checking '/home/kiki/Workspace/drone_monitor/install/gcopter' for CMake config files
[19.769s] Level 1:colcon.colcon_core.shell:create_environment_hook('gcopter', 'cmake_prefix_path')
[19.769s] INFO:colcon.colcon_core.shell:Creating environment hook '/home/kiki/Workspace/drone_monitor/install/gcopter/share/gcopter/hook/cmake_prefix_path.ps1'
[19.770s] INFO:colcon.colcon_core.shell:Creating environment descriptor '/home/kiki/Workspace/drone_monitor/install/gcopter/share/gcopter/hook/cmake_prefix_path.dsv'
[19.771s] INFO:colcon.colcon_core.shell:Creating environment hook '/home/kiki/Workspace/drone_monitor/install/gcopter/share/gcopter/hook/cmake_prefix_path.sh'
[19.772s] Level 1:colcon.colcon_core.environment:checking '/home/kiki/Workspace/drone_monitor/install/gcopter/lib'
[19.772s] Level 1:colcon.colcon_core.environment:checking '/home/kiki/Workspace/drone_monitor/install/gcopter/bin'
[19.772s] Level 1:colcon.colcon_core.environment:checking '/home/kiki/Workspace/drone_monitor/install/gcopter/lib/pkgconfig/gcopter.pc'
[19.772s] Level 1:colcon.colcon_core.environment:checking '/home/kiki/Workspace/drone_monitor/install/gcopter/lib/python3.10/site-packages'
[19.773s] Level 1:colcon.colcon_core.environment:checking '/home/kiki/Workspace/drone_monitor/install/gcopter/bin'
[19.773s] INFO:colcon.colcon_core.shell:Creating package script '/home/kiki/Workspace/drone_monitor/install/gcopter/share/gcopter/package.ps1'
[19.774s] INFO:colcon.colcon_core.shell:Creating package descriptor '/home/kiki/Workspace/drone_monitor/install/gcopter/share/gcopter/package.dsv'
[19.775s] INFO:colcon.colcon_core.shell:Creating package script '/home/kiki/Workspace/drone_monitor/install/gcopter/share/gcopter/package.sh'
[19.776s] INFO:colcon.colcon_core.shell:Creating package script '/home/kiki/Workspace/drone_monitor/install/gcopter/share/gcopter/package.bash'
[19.777s] INFO:colcon.colcon_core.shell:Creating package script '/home/kiki/Workspace/drone_monitor/install/gcopter/share/gcopter/package.zsh'
[19.777s] Level 1:colcon.colcon_core.environment:create_file_with_runtime_dependencies(/home/kiki/Workspace/drone_monitor/install/gcopter/share/colcon-core/packages/gcopter)
[19.778s] DEBUG:colcon.colcon_parallel_executor.executor.parallel:closing loop
[19.779s] DEBUG:colcon.colcon_parallel_executor.executor.parallel:loop closed
[19.779s] DEBUG:colcon.colcon_parallel_executor.executor.parallel:run_until_complete finished with '0'
[19.779s] DEBUG:colcon.colcon_core.event_reactor:joining thread
[19.782s] INFO:colcon.colcon_core.plugin_system:Skipping extension 'colcon_notification.desktop_notification.terminal_notifier': Not used on non-Darwin systems
[19.782s] INFO:colcon.colcon_core.plugin_system:Skipping extension 'colcon_notification.desktop_notification.win32': Not used on non-Windows systems
[19.782s] INFO:colcon.colcon_notification.desktop_notification:Sending desktop notification using 'notify2'
[19.788s] DEBUG:colcon.colcon_core.event_reactor:joined thread
[19.788s] INFO:colcon.colcon_core.shell:Creating prefix script '/home/kiki/Workspace/drone_monitor/install/local_setup.ps1'
[19.789s] INFO:colcon.colcon_core.shell:Creating prefix util module '/home/kiki/Workspace/drone_monitor/install/_local_setup_util_ps1.py'
[19.791s] INFO:colcon.colcon_core.shell:Creating prefix chain script '/home/kiki/Workspace/drone_monitor/install/setup.ps1'
[19.792s] INFO:colcon.colcon_core.shell:Creating prefix script '/home/kiki/Workspace/drone_monitor/install/local_setup.sh'
[19.793s] INFO:colcon.colcon_core.shell:Creating prefix util module '/home/kiki/Workspace/drone_monitor/install/_local_setup_util_sh.py'
[19.794s] INFO:colcon.colcon_core.shell:Creating prefix chain script '/home/kiki/Workspace/drone_monitor/install/setup.sh'
[19.795s] INFO:colcon.colcon_core.shell:Creating prefix script '/home/kiki/Workspace/drone_monitor/install/local_setup.bash'
[19.796s] INFO:colcon.colcon_core.shell:Creating prefix chain script '/home/kiki/Workspace/drone_monitor/install/setup.bash'
[19.797s] INFO:colcon.colcon_core.shell:Creating prefix script '/home/kiki/Workspace/drone_monitor/install/local_setup.zsh'
[19.798s] INFO:colcon.colcon_core.shell:Creating prefix chain script '/home/kiki/Workspace/drone_monitor/install/setup.zsh'
