-- Found ament_cmake: 1.3.8 (/home/kiki/ros2_humble/install/ament_cmake/share/ament_cmake/cmake)
-- Found rclcpp: 16.0.8 (/home/kiki/ros2_humble/install/rclcpp/share/rclcpp/cmake)
-- Found rosidl_generator_c: 3.1.5 (/home/kiki/ros2_humble/install/rosidl_generator_c/share/rosidl_generator_c/cmake)
-- Found rosidl_adapter: 3.1.5 (/home/kiki/ros2_humble/install/rosidl_adapter/share/rosidl_adapter/cmake)
-- Found rosidl_generator_cpp: 3.1.5 (/home/kiki/ros2_humble/install/rosidl_generator_cpp/share/rosidl_generator_cpp/cmake)
-- Using all available rosidl_typesupport_c: rosidl_typesupport_introspection_c;rosidl_typesupport_fastrtps_c
-- Using all available rosidl_typesupport_cpp: rosidl_typesupport_introspection_cpp;rosidl_typesupport_fastrtps_cpp
-- Found rmw_implementation_cmake: 6.1.1 (/home/kiki/ros2_humble/install/rmw_implementation_cmake/share/rmw_implementation_cmake/cmake)
-- Found rmw_fastrtps_cpp: 6.2.6 (/home/kiki/ros2_humble/install/rmw_fastrtps_cpp/share/rmw_fastrtps_cpp/cmake)
-- Using RMW implementation 'rmw_fastrtps_cpp' as default
-- Found geometry_msgs: 4.2.3 (/home/kiki/ros2_humble/install/geometry_msgs/share/geometry_msgs/cmake)
-- Found sensor_msgs: 4.2.3 (/home/kiki/ros2_humble/install/sensor_msgs/share/sensor_msgs/cmake)
-- Found visualization_msgs: 4.2.3 (/home/kiki/ros2_humble/install/visualization_msgs/share/visualization_msgs/cmake)
-- Configuring done
-- Generating done
-- Build files have been written to: /home/kiki/Workspace/drone_monitor/gcopter/build/gcopter
[35m[1mConsolidate compiler generated dependencies of target global_planning[0m
[ 50%] [32mBuilding CXX object CMakeFiles/global_planning.dir/src/global_planning.cpp.o[0m
[100%] [32m[1mLinking CXX executable global_planning[0m
[100%] Built target global_planning
-- Install configuration: ""
-- Up-to-date: /home/kiki/Workspace/drone_monitor/gcopter/install/gcopter/share/ament_index/resource_index/package_run_dependencies/gcopter
-- Installing: /home/kiki/Workspace/drone_monitor/gcopter/install/gcopter/share/ament_index/resource_index/parent_prefix_path/gcopter
-- Installing: /home/kiki/Workspace/drone_monitor/gcopter/install/gcopter/share/gcopter/environment/ament_prefix_path.dsv
-- Installing: /home/kiki/Workspace/drone_monitor/gcopter/install/gcopter/share/gcopter/environment/path.dsv
-- Up-to-date: /home/kiki/Workspace/drone_monitor/gcopter/install/gcopter/share/gcopter/local_setup.bash
-- Up-to-date: /home/kiki/Workspace/drone_monitor/gcopter/install/gcopter/share/gcopter/local_setup.sh
-- Up-to-date: /home/kiki/Workspace/drone_monitor/gcopter/install/gcopter/share/gcopter/local_setup.zsh
-- Installing: /home/kiki/Workspace/drone_monitor/gcopter/install/gcopter/share/gcopter/local_setup.dsv
-- Installing: /home/kiki/Workspace/drone_monitor/gcopter/install/gcopter/share/gcopter/package.dsv
-- Up-to-date: /home/kiki/Workspace/drone_monitor/gcopter/install/gcopter/share/ament_index/resource_index/packages/gcopter
-- Up-to-date: /home/kiki/Workspace/drone_monitor/gcopter/install/gcopter/share/gcopter/cmake/gcopterConfig.cmake
-- Up-to-date: /home/kiki/Workspace/drone_monitor/gcopter/install/gcopter/share/gcopter/cmake/gcopterConfig-version.cmake
-- Up-to-date: /home/kiki/Workspace/drone_monitor/gcopter/install/gcopter/share/gcopter/package.xml
