[0.096s] DEBUG:colcon:Command line arguments: ['/usr/bin/colcon', 'build']
[0.097s] DEBUG:colcon:Parsed command line arguments: Namespace(log_base=None, log_level=None, verb_name='build', build_base='build', install_base='install', merge_install=False, symlink_install=False, test_result_base=None, continue_on_error=False, executor='parallel', parallel_workers=32, event_handlers=None, ignore_user_meta=False, metas=['./colcon.meta'], base_paths=['.'], packages_ignore=None, packages_ignore_regex=None, paths=None, packages_up_to=None, packages_up_to_regex=None, packages_above=None, packages_above_and_dependencies=None, packages_above_depth=None, packages_select_by_dep=None, packages_skip_by_dep=None, packages_skip_up_to=None, packages_select_build_failed=False, packages_skip_build_finished=False, packages_select_test_failures=False, packages_skip_test_passed=False, packages_select=None, packages_skip=None, packages_select_regex=None, packages_skip_regex=None, packages_start=None, packages_end=None, allow_overriding=[], cmake_args=None, cmake_target=None, cmake_target_skip_unavailable=False, cmake_clean_cache=False, cmake_clean_first=False, cmake_force_configure=False, ament_cmake_args=None, catkin_cmake_args=None, catkin_skip_building_tests=False, mixin_files=None, mixin=None, verb_parser=<colcon_mixin.mixin.mixin_argument.MixinArgumentDecorator object at 0x7de17fca1cc0>, verb_extension=<colcon_core.verb.build.BuildVerb object at 0x7de17fd9a260>, main=<bound method BuildVerb.main of <colcon_core.verb.build.BuildVerb object at 0x7de17fd9a260>>, mixin_verb=('build',))
[0.209s] Level 1:colcon.colcon_core.package_discovery:discover_packages(colcon_meta) check parameters
[0.209s] Level 1:colcon.colcon_core.package_discovery:discover_packages(recursive) check parameters
[0.209s] Level 1:colcon.colcon_core.package_discovery:discover_packages(ignore) check parameters
[0.209s] Level 1:colcon.colcon_core.package_discovery:discover_packages(path) check parameters
[0.209s] Level 1:colcon.colcon_core.package_discovery:discover_packages(colcon_meta) discover
[0.209s] Level 1:colcon.colcon_core.package_discovery:discover_packages(recursive) discover
[0.209s] INFO:colcon.colcon_core.package_discovery:Crawling recursively for packages in '/home/kiki/Workspace/drone_monitor/gcopter'
[0.209s] Level 1:colcon.colcon_core.package_identification:_identify(.) by extensions ['ignore', 'ignore_ament_install']
[0.209s] Level 1:colcon.colcon_core.package_identification:_identify(.) by extension 'ignore'
[0.209s] Level 1:colcon.colcon_core.package_identification:_identify(.) by extension 'ignore_ament_install'
[0.209s] Level 1:colcon.colcon_core.package_identification:_identify(.) by extensions ['colcon_pkg']
[0.209s] Level 1:colcon.colcon_core.package_identification:_identify(.) by extension 'colcon_pkg'
[0.209s] Level 1:colcon.colcon_core.package_identification:_identify(.) by extensions ['colcon_meta']
[0.209s] Level 1:colcon.colcon_core.package_identification:_identify(.) by extension 'colcon_meta'
[0.209s] Level 1:colcon.colcon_core.package_identification:_identify(.) by extensions ['ros']
[0.209s] Level 1:colcon.colcon_core.package_identification:_identify(.) by extension 'ros'
[0.216s] DEBUG:colcon.colcon_core.package_identification:Package '.' with type 'ros.ament_cmake' and name 'gcopter'
[0.216s] Level 1:colcon.colcon_core.package_discovery:discover_packages(recursive) using defaults
[0.216s] Level 1:colcon.colcon_core.package_discovery:discover_packages(ignore) discover
[0.216s] Level 1:colcon.colcon_core.package_discovery:discover_packages(ignore) using defaults
[0.216s] Level 1:colcon.colcon_core.package_discovery:discover_packages(path) discover
[0.216s] Level 1:colcon.colcon_core.package_discovery:discover_packages(path) using defaults
[0.235s] Level 1:colcon.colcon_core.package_discovery:discover_packages(prefix_path) check parameters
[0.235s] Level 1:colcon.colcon_core.package_discovery:discover_packages(prefix_path) discover
[0.240s] DEBUG:colcon.colcon_installed_package_information.package_discovery:Found 10 installed packages in /home/kiki/Workspace/ros2_ws/install
[0.243s] DEBUG:colcon.colcon_installed_package_information.package_discovery:Found 345 installed packages in /home/kiki/ros2_humble/install
[0.244s] DEBUG:colcon.colcon_installed_package_information.package_discovery:Found 271 installed packages in /opt/ros/humble
[0.248s] Level 1:colcon.colcon_core.package_discovery:discover_packages(prefix_path) using defaults
[0.273s] Level 5:colcon.colcon_core.verb:set package 'gcopter' build argument 'cmake_args' from command line to 'None'
[0.273s] Level 5:colcon.colcon_core.verb:set package 'gcopter' build argument 'cmake_target' from command line to 'None'
[0.273s] Level 5:colcon.colcon_core.verb:set package 'gcopter' build argument 'cmake_target_skip_unavailable' from command line to 'False'
[0.273s] Level 5:colcon.colcon_core.verb:set package 'gcopter' build argument 'cmake_clean_cache' from command line to 'False'
[0.273s] Level 5:colcon.colcon_core.verb:set package 'gcopter' build argument 'cmake_clean_first' from command line to 'False'
[0.273s] Level 5:colcon.colcon_core.verb:set package 'gcopter' build argument 'cmake_force_configure' from command line to 'False'
[0.273s] Level 5:colcon.colcon_core.verb:set package 'gcopter' build argument 'ament_cmake_args' from command line to 'None'
[0.273s] Level 5:colcon.colcon_core.verb:set package 'gcopter' build argument 'catkin_cmake_args' from command line to 'None'
[0.273s] Level 5:colcon.colcon_core.verb:set package 'gcopter' build argument 'catkin_skip_building_tests' from command line to 'False'
[0.273s] DEBUG:colcon.colcon_core.verb:Building package 'gcopter' with the following arguments: {'ament_cmake_args': None, 'build_base': '/home/kiki/Workspace/drone_monitor/gcopter/build/gcopter', 'catkin_cmake_args': None, 'catkin_skip_building_tests': False, 'cmake_args': None, 'cmake_clean_cache': False, 'cmake_clean_first': False, 'cmake_force_configure': False, 'cmake_target': None, 'cmake_target_skip_unavailable': False, 'install_base': '/home/kiki/Workspace/drone_monitor/gcopter/install/gcopter', 'merge_install': False, 'path': '/home/kiki/Workspace/drone_monitor/gcopter', 'symlink_install': False, 'test_result_base': None}
[0.273s] INFO:colcon.colcon_core.executor:Executing jobs using 'parallel' executor
[0.273s] DEBUG:colcon.colcon_parallel_executor.executor.parallel:run_until_complete
[0.273s] INFO:colcon.colcon_ros.task.ament_cmake.build:Building ROS package in '/home/kiki/Workspace/drone_monitor/gcopter' with build type 'ament_cmake'
[0.273s] INFO:colcon.colcon_cmake.task.cmake.build:Building CMake package in '/home/kiki/Workspace/drone_monitor/gcopter'
[0.276s] INFO:colcon.colcon_core.plugin_system:Skipping extension 'colcon_core.shell.bat': Not used on non-Windows systems
[0.276s] INFO:colcon.colcon_core.shell:Skip shell extension 'powershell' for command environment: Not usable outside of PowerShell
[0.276s] DEBUG:colcon.colcon_core.shell:Skip shell extension 'dsv' for command environment
[0.292s] DEBUG:colcon.colcon_core.event_handler.log_command:Invoking command in '/home/kiki/Workspace/drone_monitor/gcopter/build/gcopter': CMAKE_PREFIX_PATH=${CMAKE_PREFIX_PATH}:/home/kiki/ros2_humble/install/rqt_bag_plugins:/home/kiki/ros2_humble/install/rqt_bag:/home/kiki/ros2_humble/install/ros2bag:/home/kiki/ros2_humble/install/tracetools_test:/home/kiki/ros2_humble/install/tracetools_launch:/home/kiki/ros2_humble/install/topic_monitor:/home/kiki/ros2_humble/install/tf2_tools:/home/kiki/ros2_humble/install/examples_tf2_py:/home/kiki/ros2_humble/install/tf2_ros_py:/home/kiki/ros2_humble/install/sros2:/home/kiki/ros2_humble/install/rqt_topic:/home/kiki/ros2_humble/install/rqt_srv:/home/kiki/ros2_humble/install/rqt_shell:/home/kiki/ros2_humble/install/rqt_service_caller:/home/kiki/ros2_humble/install/rqt_reconfigure:/home/kiki/ros2_humble/install/rqt_py_console:/home/kiki/ros2_humble/install/rqt_publisher:/home/kiki/ros2_humble/install/rqt_plot:/home/kiki/ros2_humble/install/rqt_action:/home/kiki/ros2_humble/install/rqt_msg:/home/kiki/ros2_humble/install/rqt_console:/home/kiki/ros2_humble/install/rqt:/home/kiki/ros2_humble/install/rqt_graph:/home/kiki/ros2_humble/install/rqt_gui_py:/home/kiki/ros2_humble/install/rqt_gui:/home/kiki/ros2_humble/install/ros2trace:/home/kiki/ros2_humble/install/ros2topic:/home/kiki/ros2_humble/install/ros2test:/home/kiki/ros2_humble/install/ros2component:/home/kiki/ros2_humble/install/ros2param:/home/kiki/ros2_humble/install/ros2lifecycle:/home/kiki/ros2_humble/install/ros2service:/home/kiki/ros2_humble/install/ros2run:/home/kiki/ros2_humble/install/ros2launch:/home/kiki/ros2_humble/install/ros2pkg:/home/kiki/ros2_humble/install/ros2node:/home/kiki/ros2_humble/install/ros2multicast:/home/kiki/ros2_humble/install/ros2interface:/home/kiki/ros2_humble/install/ros2doctor:/home/kiki/ros2_humble/install/ros2action:/home/kiki/ros2_humble/install/ros2cli:/home/kiki/ros2_humble/install/quality_of_service_demo_py:/home/kiki/ros2_humble/install/lifecycle_py:/home/kiki/ros2_humble/install/launch_testing_ros:/home/kiki/ros2_humble/install/launch_ros:/home/kiki/ros2_humble/install/examples_rclpy_pointcloud_publisher:/home/kiki/ros2_humble/install/examples_rclpy_minimal_subscriber:/home/kiki/ros2_humble/install/examples_rclpy_minimal_service:/home/kiki/ros2_humble/install/examples_rclpy_minimal_publisher:/home/kiki/ros2_humble/install/examples_rclpy_minimal_client:/home/kiki/ros2_humble/install/examples_rclpy_minimal_action_server:/home/kiki/ros2_humble/install/examples_rclpy_minimal_action_client:/home/kiki/ros2_humble/install/examples_rclpy_guard_conditions:/home/kiki/ros2_humble/install/examples_rclpy_executors:/home/kiki/ros2_humble/install/demo_nodes_py:/home/kiki/ros2_humble/install/action_tutorials_py:/home/kiki/ros2_humble/install/ament_uncrustify:/home/kiki/ros2_humble/install/tracetools_trace:/home/kiki/ros2_humble/install/tracetools_read:/home/kiki/ros2_humble/install/test_tracetools_launch:/home/kiki/ros2_humble/install/test_launch_ros:/home/kiki/ros2_humble/install/sensor_msgs_py:/home/kiki/ros2_humble/install/rpyutils:/home/kiki/ros2_humble/install/rosidl_runtime_py:/home/kiki/ros2_humble/install/rosidl_cli:/home/kiki/ros2_humble/install/launch_pytest:/home/kiki/ros2_humble/install/launch_testing:/home/kiki/ros2_humble/install/launch_yaml:/home/kiki/ros2_humble/install/launch_xml:/home/kiki/ros2_humble/install/launch:/home/kiki/ros2_humble/install/osrf_pycommon:/home/kiki/ros2_humble/install/launch_testing_examples:/home/kiki/ros2_humble/install/domain_coordinator:/home/kiki/ros2_humble/install/ament_xmllint:/home/kiki/ros2_humble/install/ament_pyflakes:/home/kiki/ros2_humble/install/ament_pycodestyle:/home/kiki/ros2_humble/install/ament_pep257:/home/kiki/ros2_humble/install/ament_pclint:/home/kiki/ros2_humble/install/ament_package:/home/kiki/ros2_humble/install/ament_mypy:/home/kiki/ros2_humble/install/ament_lint_cmake:/home/kiki/ros2_humble/install/ament_flake8:/home/kiki/ros2_humble/install/ament_copyright:/home/kiki/ros2_humble/install/ament_lint:/home/kiki/ros2_humble/install/ament_index_python:/home/kiki/ros2_humble/install/ament_cpplint:/home/kiki/ros2_humble/install/ament_cppcheck:/home/kiki/ros2_humble/install/ament_clang_tidy:/home/kiki/ros2_humble/install/ament_clang_format:/opt/ros/humble /usr/bin/cmake --build /home/kiki/Workspace/drone_monitor/gcopter/build/gcopter -- -j32 -l32
[1.029s] DEBUG:colcon.colcon_core.event_handler.log_command:Invoked command in '/home/kiki/Workspace/drone_monitor/gcopter/build/gcopter' returned '2': CMAKE_PREFIX_PATH=${CMAKE_PREFIX_PATH}:/home/kiki/ros2_humble/install/rqt_bag_plugins:/home/kiki/ros2_humble/install/rqt_bag:/home/kiki/ros2_humble/install/ros2bag:/home/kiki/ros2_humble/install/tracetools_test:/home/kiki/ros2_humble/install/tracetools_launch:/home/kiki/ros2_humble/install/topic_monitor:/home/kiki/ros2_humble/install/tf2_tools:/home/kiki/ros2_humble/install/examples_tf2_py:/home/kiki/ros2_humble/install/tf2_ros_py:/home/kiki/ros2_humble/install/sros2:/home/kiki/ros2_humble/install/rqt_topic:/home/kiki/ros2_humble/install/rqt_srv:/home/kiki/ros2_humble/install/rqt_shell:/home/kiki/ros2_humble/install/rqt_service_caller:/home/kiki/ros2_humble/install/rqt_reconfigure:/home/kiki/ros2_humble/install/rqt_py_console:/home/kiki/ros2_humble/install/rqt_publisher:/home/kiki/ros2_humble/install/rqt_plot:/home/kiki/ros2_humble/install/rqt_action:/home/kiki/ros2_humble/install/rqt_msg:/home/kiki/ros2_humble/install/rqt_console:/home/kiki/ros2_humble/install/rqt:/home/kiki/ros2_humble/install/rqt_graph:/home/kiki/ros2_humble/install/rqt_gui_py:/home/kiki/ros2_humble/install/rqt_gui:/home/kiki/ros2_humble/install/ros2trace:/home/kiki/ros2_humble/install/ros2topic:/home/kiki/ros2_humble/install/ros2test:/home/kiki/ros2_humble/install/ros2component:/home/kiki/ros2_humble/install/ros2param:/home/kiki/ros2_humble/install/ros2lifecycle:/home/kiki/ros2_humble/install/ros2service:/home/kiki/ros2_humble/install/ros2run:/home/kiki/ros2_humble/install/ros2launch:/home/kiki/ros2_humble/install/ros2pkg:/home/kiki/ros2_humble/install/ros2node:/home/kiki/ros2_humble/install/ros2multicast:/home/kiki/ros2_humble/install/ros2interface:/home/kiki/ros2_humble/install/ros2doctor:/home/kiki/ros2_humble/install/ros2action:/home/kiki/ros2_humble/install/ros2cli:/home/kiki/ros2_humble/install/quality_of_service_demo_py:/home/kiki/ros2_humble/install/lifecycle_py:/home/kiki/ros2_humble/install/launch_testing_ros:/home/kiki/ros2_humble/install/launch_ros:/home/kiki/ros2_humble/install/examples_rclpy_pointcloud_publisher:/home/kiki/ros2_humble/install/examples_rclpy_minimal_subscriber:/home/kiki/ros2_humble/install/examples_rclpy_minimal_service:/home/kiki/ros2_humble/install/examples_rclpy_minimal_publisher:/home/kiki/ros2_humble/install/examples_rclpy_minimal_client:/home/kiki/ros2_humble/install/examples_rclpy_minimal_action_server:/home/kiki/ros2_humble/install/examples_rclpy_minimal_action_client:/home/kiki/ros2_humble/install/examples_rclpy_guard_conditions:/home/kiki/ros2_humble/install/examples_rclpy_executors:/home/kiki/ros2_humble/install/demo_nodes_py:/home/kiki/ros2_humble/install/action_tutorials_py:/home/kiki/ros2_humble/install/ament_uncrustify:/home/kiki/ros2_humble/install/tracetools_trace:/home/kiki/ros2_humble/install/tracetools_read:/home/kiki/ros2_humble/install/test_tracetools_launch:/home/kiki/ros2_humble/install/test_launch_ros:/home/kiki/ros2_humble/install/sensor_msgs_py:/home/kiki/ros2_humble/install/rpyutils:/home/kiki/ros2_humble/install/rosidl_runtime_py:/home/kiki/ros2_humble/install/rosidl_cli:/home/kiki/ros2_humble/install/launch_pytest:/home/kiki/ros2_humble/install/launch_testing:/home/kiki/ros2_humble/install/launch_yaml:/home/kiki/ros2_humble/install/launch_xml:/home/kiki/ros2_humble/install/launch:/home/kiki/ros2_humble/install/osrf_pycommon:/home/kiki/ros2_humble/install/launch_testing_examples:/home/kiki/ros2_humble/install/domain_coordinator:/home/kiki/ros2_humble/install/ament_xmllint:/home/kiki/ros2_humble/install/ament_pyflakes:/home/kiki/ros2_humble/install/ament_pycodestyle:/home/kiki/ros2_humble/install/ament_pep257:/home/kiki/ros2_humble/install/ament_pclint:/home/kiki/ros2_humble/install/ament_package:/home/kiki/ros2_humble/install/ament_mypy:/home/kiki/ros2_humble/install/ament_lint_cmake:/home/kiki/ros2_humble/install/ament_flake8:/home/kiki/ros2_humble/install/ament_copyright:/home/kiki/ros2_humble/install/ament_lint:/home/kiki/ros2_humble/install/ament_index_python:/home/kiki/ros2_humble/install/ament_cpplint:/home/kiki/ros2_humble/install/ament_cppcheck:/home/kiki/ros2_humble/install/ament_clang_tidy:/home/kiki/ros2_humble/install/ament_clang_format:/opt/ros/humble /usr/bin/cmake --build /home/kiki/Workspace/drone_monitor/gcopter/build/gcopter -- -j32 -l32
[1.057s] Level 1:colcon.colcon_core.environment:create_environment_scripts_only(gcopter)
[1.060s] Level 1:colcon.colcon_core.environment:checking '/home/kiki/Workspace/drone_monitor/gcopter/install/gcopter' for CMake module files
[1.060s] Level 1:colcon.colcon_core.environment:checking '/home/kiki/Workspace/drone_monitor/gcopter/install/gcopter' for CMake config files
[1.060s] Level 1:colcon.colcon_core.shell:create_environment_hook('gcopter', 'cmake_prefix_path')
[1.060s] INFO:colcon.colcon_core.shell:Creating environment hook '/home/kiki/Workspace/drone_monitor/gcopter/install/gcopter/share/gcopter/hook/cmake_prefix_path.ps1'
[1.061s] INFO:colcon.colcon_core.shell:Creating environment descriptor '/home/kiki/Workspace/drone_monitor/gcopter/install/gcopter/share/gcopter/hook/cmake_prefix_path.dsv'
[1.061s] INFO:colcon.colcon_core.shell:Creating environment hook '/home/kiki/Workspace/drone_monitor/gcopter/install/gcopter/share/gcopter/hook/cmake_prefix_path.sh'
[1.061s] Level 1:colcon.colcon_core.environment:checking '/home/kiki/Workspace/drone_monitor/gcopter/install/gcopter/bin'
[1.061s] Level 1:colcon.colcon_core.environment:checking '/home/kiki/Workspace/drone_monitor/gcopter/install/gcopter/lib/pkgconfig/gcopter.pc'
[1.061s] Level 1:colcon.colcon_core.environment:checking '/home/kiki/Workspace/drone_monitor/gcopter/install/gcopter/lib/python3.10/site-packages'
[1.061s] Level 1:colcon.colcon_core.environment:checking '/home/kiki/Workspace/drone_monitor/gcopter/install/gcopter/bin'
[1.062s] INFO:colcon.colcon_core.shell:Creating package script '/home/kiki/Workspace/drone_monitor/gcopter/install/gcopter/share/gcopter/package.ps1'
[1.062s] INFO:colcon.colcon_core.shell:Creating package descriptor '/home/kiki/Workspace/drone_monitor/gcopter/install/gcopter/share/gcopter/package.dsv'
[1.062s] INFO:colcon.colcon_core.shell:Creating package script '/home/kiki/Workspace/drone_monitor/gcopter/install/gcopter/share/gcopter/package.sh'
[1.062s] INFO:colcon.colcon_core.shell:Creating package script '/home/kiki/Workspace/drone_monitor/gcopter/install/gcopter/share/gcopter/package.bash'
[1.063s] INFO:colcon.colcon_core.shell:Creating package script '/home/kiki/Workspace/drone_monitor/gcopter/install/gcopter/share/gcopter/package.zsh'
[1.063s] Level 1:colcon.colcon_core.environment:create_file_with_runtime_dependencies(/home/kiki/Workspace/drone_monitor/gcopter/install/gcopter/share/colcon-core/packages/gcopter)
[1.073s] DEBUG:colcon.colcon_parallel_executor.executor.parallel:closing loop
[1.073s] DEBUG:colcon.colcon_parallel_executor.executor.parallel:loop closed
[1.073s] DEBUG:colcon.colcon_parallel_executor.executor.parallel:run_until_complete finished with '2'
[1.073s] DEBUG:colcon.colcon_core.event_reactor:joining thread
[1.079s] INFO:colcon.colcon_core.plugin_system:Skipping extension 'colcon_notification.desktop_notification.terminal_notifier': Not used on non-Darwin systems
[1.079s] INFO:colcon.colcon_core.plugin_system:Skipping extension 'colcon_notification.desktop_notification.win32': Not used on non-Windows systems
[1.079s] INFO:colcon.colcon_notification.desktop_notification:Sending desktop notification using 'notify2'
[1.084s] DEBUG:colcon.colcon_core.event_reactor:joined thread
[1.085s] INFO:colcon.colcon_core.shell:Creating prefix script '/home/kiki/Workspace/drone_monitor/gcopter/install/local_setup.ps1'
[1.085s] INFO:colcon.colcon_core.shell:Creating prefix util module '/home/kiki/Workspace/drone_monitor/gcopter/install/_local_setup_util_ps1.py'
[1.086s] INFO:colcon.colcon_core.shell:Creating prefix chain script '/home/kiki/Workspace/drone_monitor/gcopter/install/setup.ps1'
[1.090s] INFO:colcon.colcon_core.shell:Creating prefix script '/home/kiki/Workspace/drone_monitor/gcopter/install/local_setup.sh'
[1.090s] INFO:colcon.colcon_core.shell:Creating prefix util module '/home/kiki/Workspace/drone_monitor/gcopter/install/_local_setup_util_sh.py'
[1.090s] INFO:colcon.colcon_core.shell:Creating prefix chain script '/home/kiki/Workspace/drone_monitor/gcopter/install/setup.sh'
[1.095s] INFO:colcon.colcon_core.shell:Creating prefix script '/home/kiki/Workspace/drone_monitor/gcopter/install/local_setup.bash'
[1.096s] INFO:colcon.colcon_core.shell:Creating prefix chain script '/home/kiki/Workspace/drone_monitor/gcopter/install/setup.bash'
[1.101s] INFO:colcon.colcon_core.shell:Creating prefix script '/home/kiki/Workspace/drone_monitor/gcopter/install/local_setup.zsh'
[1.102s] INFO:colcon.colcon_core.shell:Creating prefix chain script '/home/kiki/Workspace/drone_monitor/gcopter/install/setup.zsh'
