In file included from [01m[K/home/kiki/Workspace/drone_monitor/gcopter/include/gcopter/geo_utils.hpp:5[m[K,
                 from [01m[K/home/kiki/Workspace/drone_monitor/gcopter/include/misc/visualizer.hpp:6[m[K,
                 from [01m[K/home/kiki/Workspace/drone_monitor/gcopter/src/global_planning.cpp:1[m[K:
[01m[K/home/kiki/Workspace/drone_monitor/gcopter/include/gcopter/sdlp.hpp:[m[K In function ‘[01m[Kint sdlp::linfracprog(const double*, int, int, const double*, const double*, double*, double*, int*, int*) [with int d = 1][m[K’:
[01m[K/home/kiki/Workspace/drone_monitor/gcopter/include/gcopter/sdlp.hpp:666:41:[m[K [01;35m[Kwarning: [m[Kunused parameter ‘[01m[Kmax_size[m[K’ [[01;35m[K]8;;https://gcc.gnu.org/onlinedocs/gcc/Warning-Options.html#index-Wunused-parameter-Wunused-parameter]8;;[m[K]
  666 |                               [01;35m[Kconst int max_size[m[K,
      |                               [01;35m[K~~~~~~~~~~^~~~~~~~[m[K
[01m[K/home/kiki/Workspace/drone_monitor/gcopter/include/gcopter/sdlp.hpp:671:39:[m[K [01;35m[Kwarning: [m[Kunused parameter ‘[01m[Kwork[m[K’ [[01;35m[K]8;;https://gcc.gnu.org/onlinedocs/gcc/Warning-Options.html#index-Wunused-parameter-Wunused-parameter]8;;[m[K]
  671 |                               [01;35m[Kdouble *work[m[K,
      |                               [01;35m[K~~~~~~~~^~~~[m[K
/usr/bin/ld: CMakeFiles/global_planning.dir/src/global_planning.cpp.o: warning: relocation against `_ZTIN4ompl9geometric13PathGeometricE' in read-only section `.text._ZN7sfc_gen8planPathIN9voxel_map8VoxelMapEEEdRKN5Eigen6MatrixIdLi3ELi1ELi0ELi3ELi1EEES7_S7_S7_PKT_RKdRSt6vectorIS5_SaIS5_EE[_ZN7sfc_gen8planPathIN9voxel_map8VoxelMapEEEdRKN5Eigen6MatrixIdLi3ELi1ELi0ELi3ELi1EEES7_S7_S7_PKT_RKdRSt6vectorIS5_SaIS5_EE]'
/usr/bin/ld: CMakeFiles/global_planning.dir/src/global_planning.cpp.o: in function `ompl::base::RealVectorBounds::RealVectorBounds(unsigned int)':
global_planning.cpp:(.text._ZN4ompl4base16RealVectorBoundsC2Ej[_ZN4ompl4base16RealVectorBoundsC5Ej]+0x3e): undefined reference to `ompl::base::RealVectorBounds::resize(unsigned long)'
/usr/bin/ld: CMakeFiles/global_planning.dir/src/global_planning.cpp.o: in function `ompl::base::RealVectorStateSpace::RealVectorStateSpace(unsigned int)':
global_planning.cpp:(.text._ZN4ompl4base20RealVectorStateSpaceC2Ej[_ZN4ompl4base20RealVectorStateSpaceC5Ej]+0x2b): undefined reference to `ompl::base::StateSpace::StateSpace()'
/usr/bin/ld: global_planning.cpp:(.text._ZN4ompl4base20RealVectorStateSpaceC2Ej[_ZN4ompl4base20RealVectorStateSpaceC5Ej]+0x32): undefined reference to `vtable for ompl::base::RealVectorStateSpace'
/usr/bin/ld: global_planning.cpp:(.text._ZN4ompl4base20RealVectorStateSpaceC2Ej[_ZN4ompl4base20RealVectorStateSpaceC5Ej]+0xb3): undefined reference to `ompl::base::StateSpace::getName[abi:cxx11]() const'
/usr/bin/ld: global_planning.cpp:(.text._ZN4ompl4base20RealVectorStateSpaceC2Ej[_ZN4ompl4base20RealVectorStateSpaceC5Ej]+0xdb): undefined reference to `ompl::base::StateSpace::setName(std::__cxx11::basic_string<char, std::char_traits<char>, std::allocator<char> > const&)'
/usr/bin/ld: global_planning.cpp:(.text._ZN4ompl4base20RealVectorStateSpaceC2Ej[_ZN4ompl4base20RealVectorStateSpaceC5Ej]+0x1ec): undefined reference to `ompl::base::StateSpace::~StateSpace()'
/usr/bin/ld: CMakeFiles/global_planning.dir/src/global_planning.cpp.o: in function `ompl::base::ProblemDefinition::setStartAndGoalStates(ompl::base::ScopedState<ompl::base::StateSpace> const&, ompl::base::ScopedState<ompl::base::StateSpace> const&, double)':
global_planning.cpp:(.text._ZN4ompl4base17ProblemDefinition21setStartAndGoalStatesERKNS0_11ScopedStateINS0_10StateSpaceEEES6_d[_ZN4ompl4base17ProblemDefinition21setStartAndGoalStatesERKNS0_11ScopedStateINS0_10StateSpaceEEES6_d]+0x53): undefined reference to `ompl::base::ProblemDefinition::setStartAndGoalStates(ompl::base::State const*, ompl::base::State const*, double)'
/usr/bin/ld: CMakeFiles/global_planning.dir/src/global_planning.cpp.o: in function `ompl::geometric::PathGeometric::~PathGeometric()':
global_planning.cpp:(.text._ZN4ompl9geometric13PathGeometricD2Ev[_ZN4ompl9geometric13PathGeometricD5Ev]+0x13): undefined reference to `vtable for ompl::geometric::PathGeometric'
/usr/bin/ld: global_planning.cpp:(.text._ZN4ompl9geometric13PathGeometricD2Ev[_ZN4ompl9geometric13PathGeometricD5Ev]+0x26): undefined reference to `ompl::geometric::PathGeometric::freeMemory()'
/usr/bin/ld: CMakeFiles/global_planning.dir/src/global_planning.cpp.o: in function `double sfc_gen::planPath<voxel_map::VoxelMap>(Eigen::Matrix<double, 3, 1, 0, 3, 1> const&, Eigen::Matrix<double, 3, 1, 0, 3, 1> const&, Eigen::Matrix<double, 3, 1, 0, 3, 1> const&, Eigen::Matrix<double, 3, 1, 0, 3, 1> const&, voxel_map::VoxelMap const*, double const&, std::vector<Eigen::Matrix<double, 3, 1, 0, 3, 1>, std::allocator<Eigen::Matrix<double, 3, 1, 0, 3, 1> > >&)':
global_planning.cpp:(.text._ZN7sfc_gen8planPathIN9voxel_map8VoxelMapEEEdRKN5Eigen6MatrixIdLi3ELi1ELi0ELi3ELi1EEES7_S7_S7_PKT_RKdRSt6vectorIS5_SaIS5_EE[_ZN7sfc_gen8planPathIN9voxel_map8VoxelMapEEEdRKN5Eigen6MatrixIdLi3ELi1ELi0ELi3ELi1EEES7_S7_S7_PKT_RKdRSt6vectorIS5_SaIS5_EE]+0xa3): undefined reference to `ompl::base::RealVectorBounds::setLow(unsigned int, double)'
/usr/bin/ld: global_planning.cpp:(.text._ZN7sfc_gen8planPathIN9voxel_map8VoxelMapEEEdRKN5Eigen6MatrixIdLi3ELi1ELi0ELi3ELi1EEES7_S7_S7_PKT_RKdRSt6vectorIS5_SaIS5_EE[_ZN7sfc_gen8planPathIN9voxel_map8VoxelMapEEEdRKN5Eigen6MatrixIdLi3ELi1ELi0ELi3ELi1EEES7_S7_S7_PKT_RKdRSt6vectorIS5_SaIS5_EE]+0x105): undefined reference to `ompl::base::RealVectorBounds::setHigh(unsigned int, double)'
/usr/bin/ld: global_planning.cpp:(.text._ZN7sfc_gen8planPathIN9voxel_map8VoxelMapEEEdRKN5Eigen6MatrixIdLi3ELi1ELi0ELi3ELi1EEES7_S7_S7_PKT_RKdRSt6vectorIS5_SaIS5_EE[_ZN7sfc_gen8planPathIN9voxel_map8VoxelMapEEEdRKN5Eigen6MatrixIdLi3ELi1ELi0ELi3ELi1EEES7_S7_S7_PKT_RKdRSt6vectorIS5_SaIS5_EE]+0x125): undefined reference to `ompl::base::RealVectorBounds::setLow(unsigned int, double)'
/usr/bin/ld: global_planning.cpp:(.text._ZN7sfc_gen8planPathIN9voxel_map8VoxelMapEEEdRKN5Eigen6MatrixIdLi3ELi1ELi0ELi3ELi1EEES7_S7_S7_PKT_RKdRSt6vectorIS5_SaIS5_EE[_ZN7sfc_gen8planPathIN9voxel_map8VoxelMapEEEdRKN5Eigen6MatrixIdLi3ELi1ELi0ELi3ELi1EEES7_S7_S7_PKT_RKdRSt6vectorIS5_SaIS5_EE]+0x187): undefined reference to `ompl::base::RealVectorBounds::setHigh(unsigned int, double)'
/usr/bin/ld: global_planning.cpp:(.text._ZN7sfc_gen8planPathIN9voxel_map8VoxelMapEEEdRKN5Eigen6MatrixIdLi3ELi1ELi0ELi3ELi1EEES7_S7_S7_PKT_RKdRSt6vectorIS5_SaIS5_EE[_ZN7sfc_gen8planPathIN9voxel_map8VoxelMapEEEdRKN5Eigen6MatrixIdLi3ELi1ELi0ELi3ELi1EEES7_S7_S7_PKT_RKdRSt6vectorIS5_SaIS5_EE]+0x1a7): undefined reference to `ompl::base::RealVectorBounds::setLow(unsigned int, double)'
/usr/bin/ld: global_planning.cpp:(.text._ZN7sfc_gen8planPathIN9voxel_map8VoxelMapEEEdRKN5Eigen6MatrixIdLi3ELi1ELi0ELi3ELi1EEES7_S7_S7_PKT_RKdRSt6vectorIS5_SaIS5_EE[_ZN7sfc_gen8planPathIN9voxel_map8VoxelMapEEEdRKN5Eigen6MatrixIdLi3ELi1ELi0ELi3ELi1EEES7_S7_S7_PKT_RKdRSt6vectorIS5_SaIS5_EE]+0x209): undefined reference to `ompl::base::RealVectorBounds::setHigh(unsigned int, double)'
/usr/bin/ld: global_planning.cpp:(.text._ZN7sfc_gen8planPathIN9voxel_map8VoxelMapEEEdRKN5Eigen6MatrixIdLi3ELi1ELi0ELi3ELi1EEES7_S7_S7_PKT_RKdRSt6vectorIS5_SaIS5_EE[_ZN7sfc_gen8planPathIN9voxel_map8VoxelMapEEEdRKN5Eigen6MatrixIdLi3ELi1ELi0ELi3ELi1EEES7_S7_S7_PKT_RKdRSt6vectorIS5_SaIS5_EE]+0x22d): undefined reference to `ompl::base::RealVectorStateSpace::setBounds(ompl::base::RealVectorBounds const&)'
/usr/bin/ld: global_planning.cpp:(.text._ZN7sfc_gen8planPathIN9voxel_map8VoxelMapEEEdRKN5Eigen6MatrixIdLi3ELi1ELi0ELi3ELi1EEES7_S7_S7_PKT_RKdRSt6vectorIS5_SaIS5_EE[_ZN7sfc_gen8planPathIN9voxel_map8VoxelMapEEEdRKN5Eigen6MatrixIdLi3ELi1ELi0ELi3ELi1EEES7_S7_S7_PKT_RKdRSt6vectorIS5_SaIS5_EE]+0x290): undefined reference to `ompl::base::SpaceInformation::setStateValidityChecker(std::function<bool (ompl::base::State const*)> const&)'
/usr/bin/ld: global_planning.cpp:(.text._ZN7sfc_gen8planPathIN9voxel_map8VoxelMapEEEdRKN5Eigen6MatrixIdLi3ELi1ELi0ELi3ELi1EEES7_S7_S7_PKT_RKdRSt6vectorIS5_SaIS5_EE[_ZN7sfc_gen8planPathIN9voxel_map8VoxelMapEEEdRKN5Eigen6MatrixIdLi3ELi1ELi0ELi3ELi1EEES7_S7_S7_PKT_RKdRSt6vectorIS5_SaIS5_EE]+0x2c4): undefined reference to `ompl::msg::setLogLevel(ompl::msg::LogLevel)'
/usr/bin/ld: global_planning.cpp:(.text._ZN7sfc_gen8planPathIN9voxel_map8VoxelMapEEEdRKN5Eigen6MatrixIdLi3ELi1ELi0ELi3ELi1EEES7_S7_S7_PKT_RKdRSt6vectorIS5_SaIS5_EE[_ZN7sfc_gen8planPathIN9voxel_map8VoxelMapEEEdRKN5Eigen6MatrixIdLi3ELi1ELi0ELi3ELi1EEES7_S7_S7_PKT_RKdRSt6vectorIS5_SaIS5_EE]+0x716): undefined reference to `ompl::base::Planner::solve(double)'
/usr/bin/ld: global_planning.cpp:(.text._ZN7sfc_gen8planPathIN9voxel_map8VoxelMapEEEdRKN5Eigen6MatrixIdLi3ELi1ELi0ELi3ELi1EEES7_S7_S7_PKT_RKdRSt6vectorIS5_SaIS5_EE[_ZN7sfc_gen8planPathIN9voxel_map8VoxelMapEEEdRKN5Eigen6MatrixIdLi3ELi1ELi0ELi3ELi1EEES7_S7_S7_PKT_RKdRSt6vectorIS5_SaIS5_EE]+0x776): undefined reference to `ompl::base::ProblemDefinition::getSolutionPath() const'
/usr/bin/ld: global_planning.cpp:(.text._ZN7sfc_gen8planPathIN9voxel_map8VoxelMapEEEdRKN5Eigen6MatrixIdLi3ELi1ELi0ELi3ELi1EEES7_S7_S7_PKT_RKdRSt6vectorIS5_SaIS5_EE[_ZN7sfc_gen8planPathIN9voxel_map8VoxelMapEEEdRKN5Eigen6MatrixIdLi3ELi1ELi0ELi3ELi1EEES7_S7_S7_PKT_RKdRSt6vectorIS5_SaIS5_EE]+0x794): undefined reference to `typeinfo for ompl::geometric::PathGeometric'
/usr/bin/ld: global_planning.cpp:(.text._ZN7sfc_gen8planPathIN9voxel_map8VoxelMapEEEdRKN5Eigen6MatrixIdLi3ELi1ELi0ELi3ELi1EEES7_S7_S7_PKT_RKdRSt6vectorIS5_SaIS5_EE[_ZN7sfc_gen8planPathIN9voxel_map8VoxelMapEEEdRKN5Eigen6MatrixIdLi3ELi1ELi0ELi3ELi1EEES7_S7_S7_PKT_RKdRSt6vectorIS5_SaIS5_EE]+0x7bf): undefined reference to `ompl::geometric::PathGeometric::PathGeometric(ompl::geometric::PathGeometric const&)'
/usr/bin/ld: global_planning.cpp:(.text._ZN7sfc_gen8planPathIN9voxel_map8VoxelMapEEEdRKN5Eigen6MatrixIdLi3ELi1ELi0ELi3ELi1EEES7_S7_S7_PKT_RKdRSt6vectorIS5_SaIS5_EE[_ZN7sfc_gen8planPathIN9voxel_map8VoxelMapEEEdRKN5Eigen6MatrixIdLi3ELi1ELi0ELi3ELi1EEES7_S7_S7_PKT_RKdRSt6vectorIS5_SaIS5_EE]+0x90b): undefined reference to `ompl::base::ProblemDefinition::getSolutionPath() const'
/usr/bin/ld: CMakeFiles/global_planning.dir/src/global_planning.cpp.o: in function `void __gnu_cxx::new_allocator<ompl::base::SpaceInformation>::construct<ompl::base::SpaceInformation, std::shared_ptr<ompl::base::RealVectorStateSpace>&>(ompl::base::SpaceInformation*, std::shared_ptr<ompl::base::RealVectorStateSpace>&)':
global_planning.cpp:(.text._ZN9__gnu_cxx13new_allocatorIN4ompl4base16SpaceInformationEE9constructIS3_JRSt10shared_ptrINS2_20RealVectorStateSpaceEEEEEvPT_DpOT0_[_ZN9__gnu_cxx13new_allocatorIN4ompl4base16SpaceInformationEE9constructIS3_JRSt10shared_ptrINS2_20RealVectorStateSpaceEEEEEvPT_DpOT0_]+0x69): undefined reference to `ompl::base::SpaceInformation::SpaceInformation(std::shared_ptr<ompl::base::StateSpace>)'
/usr/bin/ld: CMakeFiles/global_planning.dir/src/global_planning.cpp.o: in function `void __gnu_cxx::new_allocator<ompl::base::ProblemDefinition>::construct<ompl::base::ProblemDefinition, std::shared_ptr<ompl::base::SpaceInformation>&>(ompl::base::ProblemDefinition*, std::shared_ptr<ompl::base::SpaceInformation>&)':
global_planning.cpp:(.text._ZN9__gnu_cxx13new_allocatorIN4ompl4base17ProblemDefinitionEE9constructIS3_JRSt10shared_ptrINS2_16SpaceInformationEEEEEvPT_DpOT0_[_ZN9__gnu_cxx13new_allocatorIN4ompl4base17ProblemDefinitionEE9constructIS3_JRSt10shared_ptrINS2_16SpaceInformationEEEEEvPT_DpOT0_]+0x69): undefined reference to `ompl::base::ProblemDefinition::ProblemDefinition(std::shared_ptr<ompl::base::SpaceInformation>)'
/usr/bin/ld: CMakeFiles/global_planning.dir/src/global_planning.cpp.o: in function `void __gnu_cxx::new_allocator<ompl::base::PathLengthOptimizationObjective>::construct<ompl::base::PathLengthOptimizationObjective, std::shared_ptr<ompl::base::SpaceInformation>&>(ompl::base::PathLengthOptimizationObjective*, std::shared_ptr<ompl::base::SpaceInformation>&)':
global_planning.cpp:(.text._ZN9__gnu_cxx13new_allocatorIN4ompl4base31PathLengthOptimizationObjectiveEE9constructIS3_JRSt10shared_ptrINS2_16SpaceInformationEEEEEvPT_DpOT0_[_ZN9__gnu_cxx13new_allocatorIN4ompl4base31PathLengthOptimizationObjectiveEE9constructIS3_JRSt10shared_ptrINS2_16SpaceInformationEEEEEvPT_DpOT0_]+0x47): undefined reference to `ompl::base::PathLengthOptimizationObjective::PathLengthOptimizationObjective(std::shared_ptr<ompl::base::SpaceInformation> const&)'
/usr/bin/ld: CMakeFiles/global_planning.dir/src/global_planning.cpp.o: in function `void __gnu_cxx::new_allocator<ompl::geometric::InformedRRTstar>::construct<ompl::geometric::InformedRRTstar, std::shared_ptr<ompl::base::SpaceInformation>&>(ompl::geometric::InformedRRTstar*, std::shared_ptr<ompl::base::SpaceInformation>&)':
global_planning.cpp:(.text._ZN9__gnu_cxx13new_allocatorIN4ompl9geometric15InformedRRTstarEE9constructIS3_JRSt10shared_ptrINS1_4base16SpaceInformationEEEEEvPT_DpOT0_[_ZN9__gnu_cxx13new_allocatorIN4ompl9geometric15InformedRRTstarEE9constructIS3_JRSt10shared_ptrINS1_4base16SpaceInformationEEEEEvPT_DpOT0_]+0x47): undefined reference to `ompl::geometric::InformedRRTstar::InformedRRTstar(std::shared_ptr<ompl::base::SpaceInformation> const&)'
/usr/bin/ld: warning: creating DT_TEXTREL in a PIE
collect2: error: ld returned 1 exit status
gmake[2]: *** [CMakeFiles/global_planning.dir/build.make:183: global_planning] Error 1
gmake[1]: *** [CMakeFiles/Makefile2:137: CMakeFiles/global_planning.dir/all] Error 2
gmake: *** [Makefile:146: all] Error 2
