-- Found ament_cmake: 1.3.8 (/home/kiki/ros2_humble/install/ament_cmake/share/ament_cmake/cmake)
-- Found rclcpp: 16.0.8 (/home/kiki/ros2_humble/install/rclcpp/share/rclcpp/cmake)
-- Found rosidl_generator_c: 3.1.5 (/home/kiki/ros2_humble/install/rosidl_generator_c/share/rosidl_generator_c/cmake)
-- Found rosidl_adapter: 3.1.5 (/home/kiki/ros2_humble/install/rosidl_adapter/share/rosidl_adapter/cmake)
-- Found rosidl_generator_cpp: 3.1.5 (/home/kiki/ros2_humble/install/rosidl_generator_cpp/share/rosidl_generator_cpp/cmake)
-- Using all available rosidl_typesupport_c: rosidl_typesupport_introspection_c;rosidl_typesupport_fastrtps_c
-- Using all available rosidl_typesupport_cpp: rosidl_typesupport_introspection_cpp;rosidl_typesupport_fastrtps_cpp
-- Found rmw_implementation_cmake: 6.1.1 (/home/kiki/ros2_humble/install/rmw_implementation_cmake/share/rmw_implementation_cmake/cmake)
-- Found rmw_fastrtps_cpp: 6.2.6 (/home/kiki/ros2_humble/install/rmw_fastrtps_cpp/share/rmw_fastrtps_cpp/cmake)
-- Using RMW implementation 'rmw_fastrtps_cpp' as default
-- Found geometry_msgs: 4.2.3 (/home/kiki/ros2_humble/install/geometry_msgs/share/geometry_msgs/cmake)
-- Found sensor_msgs: 4.2.3 (/home/kiki/ros2_humble/install/sensor_msgs/share/sensor_msgs/cmake)
-- Found visualization_msgs: 4.2.3 (/home/kiki/ros2_humble/install/visualization_msgs/share/visualization_msgs/cmake)
-- Configuring done
-- Generating done
-- Build files have been written to: /home/kiki/Workspace/drone_monitor/gcopter/build/gcopter
[ 50%] [32mBuilding CXX object CMakeFiles/global_planning.dir/src/global_planning.cpp.o[0m
In file included from [01m[K/home/kiki/Workspace/drone_monitor/gcopter/include/gcopter/trajectory.hpp:4[m[K,
                 from [01m[K/home/kiki/Workspace/drone_monitor/gcopter/include/misc/visualizer.hpp:4[m[K,
                 from [01m[K/home/kiki/Workspace/drone_monitor/gcopter/src/global_planning.cpp:1[m[K:
[01m[K/home/kiki/Workspace/drone_monitor/gcopter/include/gcopter/root_finder.hpp:8:10:[m[K [01;31m[Kfatal error: [m[KEigen/Eigen: No such file or directory
    8 | #include [01;31m[K<Eigen/Eigen>[m[K
      |          [01;31m[K^~~~~~~~~~~~~[m[K
compilation terminated.
gmake[2]: *** [CMakeFiles/global_planning.dir/build.make:76: CMakeFiles/global_planning.dir/src/global_planning.cpp.o] Error 1
gmake[1]: *** [CMakeFiles/Makefile2:137: CMakeFiles/global_planning.dir/all] Error 2
gmake: *** [Makefile:146: all] Error 2
