-- Found ament_cmake: 1.3.8 (/home/kiki/ros2_humble/install/ament_cmake/share/ament_cmake/cmake)
-- Found rclcpp: 16.0.8 (/home/kiki/ros2_humble/install/rclcpp/share/rclcpp/cmake)
-- Found rosidl_generator_c: 3.1.5 (/home/kiki/ros2_humble/install/rosidl_generator_c/share/rosidl_generator_c/cmake)
-- Found rosidl_adapter: 3.1.5 (/home/kiki/ros2_humble/install/rosidl_adapter/share/rosidl_adapter/cmake)
-- Found rosidl_generator_cpp: 3.1.5 (/home/kiki/ros2_humble/install/rosidl_generator_cpp/share/rosidl_generator_cpp/cmake)
-- Using all available rosidl_typesupport_c: rosidl_typesupport_introspection_c;rosidl_typesupport_fastrtps_c
-- Using all available rosidl_typesupport_cpp: rosidl_typesupport_introspection_cpp;rosidl_typesupport_fastrtps_cpp
-- Found rmw_implementation_cmake: 6.1.1 (/home/kiki/ros2_humble/install/rmw_implementation_cmake/share/rmw_implementation_cmake/cmake)
-- Found rmw_fastrtps_cpp: 6.2.6 (/home/kiki/ros2_humble/install/rmw_fastrtps_cpp/share/rmw_fastrtps_cpp/cmake)
-- Using RMW implementation 'rmw_fastrtps_cpp' as default
-- Found geometry_msgs: 4.2.3 (/home/kiki/ros2_humble/install/geometry_msgs/share/geometry_msgs/cmake)
-- Found sensor_msgs: 4.2.3 (/home/kiki/ros2_humble/install/sensor_msgs/share/sensor_msgs/cmake)
-- Found visualization_msgs: 4.2.3 (/home/kiki/ros2_humble/install/visualization_msgs/share/visualization_msgs/cmake)
-- Configuring done
-- Generating done
-- Build files have been written to: /home/kiki/Workspace/drone_monitor/gcopter/build/gcopter
[35m[1mConsolidate compiler generated dependencies of target bls[0m
[ 50%] [32m[1mLinking CXX executable bls[0m
/usr/bin/ld: CMakeFiles/bls.dir/debug/bls.cpp.o: warning: relocation against `_ZTVN4ompl9geometric13PathGeometricE' in read-only section `.text._ZN4ompl9geometric13PathGeometricD2Ev[_ZN4ompl9geometric13PathGeometricD5Ev]'
/usr/bin/ld: CMakeFiles/bls.dir/debug/bls.cpp.o: in function `ompl::base::RealVectorBounds::RealVectorBounds(unsigned int)':
bls.cpp:(.text._ZN4ompl4base16RealVectorBoundsC2Ej[_ZN4ompl4base16RealVectorBoundsC5Ej]+0x3e): undefined reference to `ompl::base::RealVectorBounds::resize(unsigned long)'
/usr/bin/ld: CMakeFiles/bls.dir/debug/bls.cpp.o: in function `ompl::base::RealVectorStateSpace::RealVectorStateSpace(unsigned int)':
bls.cpp:(.text._ZN4ompl4base20RealVectorStateSpaceC2Ej[_ZN4ompl4base20RealVectorStateSpaceC5Ej]+0x2b): undefined reference to `ompl::base::StateSpace::StateSpace()'
/usr/bin/ld: bls.cpp:(.text._ZN4ompl4base20RealVectorStateSpaceC2Ej[_ZN4ompl4base20RealVectorStateSpaceC5Ej]+0x32): undefined reference to `vtable for ompl::base::RealVectorStateSpace'
/usr/bin/ld: bls.cpp:(.text._ZN4ompl4base20RealVectorStateSpaceC2Ej[_ZN4ompl4base20RealVectorStateSpaceC5Ej]+0xb3): undefined reference to `ompl::base::StateSpace::getName[abi:cxx11]() const'
/usr/bin/ld: bls.cpp:(.text._ZN4ompl4base20RealVectorStateSpaceC2Ej[_ZN4ompl4base20RealVectorStateSpaceC5Ej]+0xdb): undefined reference to `ompl::base::StateSpace::setName(std::__cxx11::basic_string<char, std::char_traits<char>, std::allocator<char> > const&)'
/usr/bin/ld: bls.cpp:(.text._ZN4ompl4base20RealVectorStateSpaceC2Ej[_ZN4ompl4base20RealVectorStateSpaceC5Ej]+0x1ec): undefined reference to `ompl::base::StateSpace::~StateSpace()'
/usr/bin/ld: CMakeFiles/bls.dir/debug/bls.cpp.o: in function `ompl::base::ProblemDefinition::setStartAndGoalStates(ompl::base::ScopedState<ompl::base::StateSpace> const&, ompl::base::ScopedState<ompl::base::StateSpace> const&, double)':
bls.cpp:(.text._ZN4ompl4base17ProblemDefinition21setStartAndGoalStatesERKNS0_11ScopedStateINS0_10StateSpaceEEES6_d[_ZN4ompl4base17ProblemDefinition21setStartAndGoalStatesERKNS0_11ScopedStateINS0_10StateSpaceEEES6_d]+0x53): undefined reference to `ompl::base::ProblemDefinition::setStartAndGoalStates(ompl::base::State const*, ompl::base::State const*, double)'
/usr/bin/ld: CMakeFiles/bls.dir/debug/bls.cpp.o: in function `ompl::geometric::PathGeometric::~PathGeometric()':
bls.cpp:(.text._ZN4ompl9geometric13PathGeometricD2Ev[_ZN4ompl9geometric13PathGeometricD5Ev]+0x13): undefined reference to `vtable for ompl::geometric::PathGeometric'
/usr/bin/ld: bls.cpp:(.text._ZN4ompl9geometric13PathGeometricD2Ev[_ZN4ompl9geometric13PathGeometricD5Ev]+0x26): undefined reference to `ompl::geometric::PathGeometric::freeMemory()'
/usr/bin/ld: CMakeFiles/bls.dir/debug/bls.cpp.o: in function `double sfc_gen::planPath<voxel_map::VoxelMap>(Eigen::Matrix<double, 3, 1, 0, 3, 1> const&, Eigen::Matrix<double, 3, 1, 0, 3, 1> const&, Eigen::Matrix<double, 3, 1, 0, 3, 1> const&, Eigen::Matrix<double, 3, 1, 0, 3, 1> const&, voxel_map::VoxelMap const*, double const&, std::vector<Eigen::Matrix<double, 3, 1, 0, 3, 1>, std::allocator<Eigen::Matrix<double, 3, 1, 0, 3, 1> > >&)':
bls.cpp:(.text._ZN7sfc_gen8planPathIN9voxel_map8VoxelMapEEEdRKN5Eigen6MatrixIdLi3ELi1ELi0ELi3ELi1EEES7_S7_S7_PKT_RKdRSt6vectorIS5_SaIS5_EE[_ZN7sfc_gen8planPathIN9voxel_map8VoxelMapEEEdRKN5Eigen6MatrixIdLi3ELi1ELi0ELi3ELi1EEES7_S7_S7_PKT_RKdRSt6vectorIS5_SaIS5_EE]+0xa3): undefined reference to `ompl::base::RealVectorBounds::setLow(unsigned int, double)'
/usr/bin/ld: bls.cpp:(.text._ZN7sfc_gen8planPathIN9voxel_map8VoxelMapEEEdRKN5Eigen6MatrixIdLi3ELi1ELi0ELi3ELi1EEES7_S7_S7_PKT_RKdRSt6vectorIS5_SaIS5_EE[_ZN7sfc_gen8planPathIN9voxel_map8VoxelMapEEEdRKN5Eigen6MatrixIdLi3ELi1ELi0ELi3ELi1EEES7_S7_S7_PKT_RKdRSt6vectorIS5_SaIS5_EE]+0x105): undefined reference to `ompl::base::RealVectorBounds::setHigh(unsigned int, double)'
/usr/bin/ld: bls.cpp:(.text._ZN7sfc_gen8planPathIN9voxel_map8VoxelMapEEEdRKN5Eigen6MatrixIdLi3ELi1ELi0ELi3ELi1EEES7_S7_S7_PKT_RKdRSt6vectorIS5_SaIS5_EE[_ZN7sfc_gen8planPathIN9voxel_map8VoxelMapEEEdRKN5Eigen6MatrixIdLi3ELi1ELi0ELi3ELi1EEES7_S7_S7_PKT_RKdRSt6vectorIS5_SaIS5_EE]+0x125): undefined reference to `ompl::base::RealVectorBounds::setLow(unsigned int, double)'
/usr/bin/ld: bls.cpp:(.text._ZN7sfc_gen8planPathIN9voxel_map8VoxelMapEEEdRKN5Eigen6MatrixIdLi3ELi1ELi0ELi3ELi1EEES7_S7_S7_PKT_RKdRSt6vectorIS5_SaIS5_EE[_ZN7sfc_gen8planPathIN9voxel_map8VoxelMapEEEdRKN5Eigen6MatrixIdLi3ELi1ELi0ELi3ELi1EEES7_S7_S7_PKT_RKdRSt6vectorIS5_SaIS5_EE]+0x187): undefined reference to `ompl::base::RealVectorBounds::setHigh(unsigned int, double)'
/usr/bin/ld: bls.cpp:(.text._ZN7sfc_gen8planPathIN9voxel_map8VoxelMapEEEdRKN5Eigen6MatrixIdLi3ELi1ELi0ELi3ELi1EEES7_S7_S7_PKT_RKdRSt6vectorIS5_SaIS5_EE[_ZN7sfc_gen8planPathIN9voxel_map8VoxelMapEEEdRKN5Eigen6MatrixIdLi3ELi1ELi0ELi3ELi1EEES7_S7_S7_PKT_RKdRSt6vectorIS5_SaIS5_EE]+0x1a7): undefined reference to `ompl::base::RealVectorBounds::setLow(unsigned int, double)'
/usr/bin/ld: bls.cpp:(.text._ZN7sfc_gen8planPathIN9voxel_map8VoxelMapEEEdRKN5Eigen6MatrixIdLi3ELi1ELi0ELi3ELi1EEES7_S7_S7_PKT_RKdRSt6vectorIS5_SaIS5_EE[_ZN7sfc_gen8planPathIN9voxel_map8VoxelMapEEEdRKN5Eigen6MatrixIdLi3ELi1ELi0ELi3ELi1EEES7_S7_S7_PKT_RKdRSt6vectorIS5_SaIS5_EE]+0x209): undefined reference to `ompl::base::RealVectorBounds::setHigh(unsigned int, double)'
/usr/bin/ld: bls.cpp:(.text._ZN7sfc_gen8planPathIN9voxel_map8VoxelMapEEEdRKN5Eigen6MatrixIdLi3ELi1ELi0ELi3ELi1EEES7_S7_S7_PKT_RKdRSt6vectorIS5_SaIS5_EE[_ZN7sfc_gen8planPathIN9voxel_map8VoxelMapEEEdRKN5Eigen6MatrixIdLi3ELi1ELi0ELi3ELi1EEES7_S7_S7_PKT_RKdRSt6vectorIS5_SaIS5_EE]+0x22d): undefined reference to `ompl::base::RealVectorStateSpace::setBounds(ompl::base::RealVectorBounds const&)'
/usr/bin/ld: bls.cpp:(.text._ZN7sfc_gen8planPathIN9voxel_map8VoxelMapEEEdRKN5Eigen6MatrixIdLi3ELi1ELi0ELi3ELi1EEES7_S7_S7_PKT_RKdRSt6vectorIS5_SaIS5_EE[_ZN7sfc_gen8planPathIN9voxel_map8VoxelMapEEEdRKN5Eigen6MatrixIdLi3ELi1ELi0ELi3ELi1EEES7_S7_S7_PKT_RKdRSt6vectorIS5_SaIS5_EE]+0x290): undefined reference to `ompl::base::SpaceInformation::setStateValidityChecker(std::function<bool (ompl::base::State const*)> const&)'
/usr/bin/ld: bls.cpp:(.text._ZN7sfc_gen8planPathIN9voxel_map8VoxelMapEEEdRKN5Eigen6MatrixIdLi3ELi1ELi0ELi3ELi1EEES7_S7_S7_PKT_RKdRSt6vectorIS5_SaIS5_EE[_ZN7sfc_gen8planPathIN9voxel_map8VoxelMapEEEdRKN5Eigen6MatrixIdLi3ELi1ELi0ELi3ELi1EEES7_S7_S7_PKT_RKdRSt6vectorIS5_SaIS5_EE]+0x2c4): undefined reference to `ompl::msg::setLogLevel(ompl::msg::LogLevel)'
/usr/bin/ld: bls.cpp:(.text._ZN7sfc_gen8planPathIN9voxel_map8VoxelMapEEEdRKN5Eigen6MatrixIdLi3ELi1ELi0ELi3ELi1EEES7_S7_S7_PKT_RKdRSt6vectorIS5_SaIS5_EE[_ZN7sfc_gen8planPathIN9voxel_map8VoxelMapEEEdRKN5Eigen6MatrixIdLi3ELi1ELi0ELi3ELi1EEES7_S7_S7_PKT_RKdRSt6vectorIS5_SaIS5_EE]+0x6fe): undefined reference to `ompl::base::Planner::solve(double)'
/usr/bin/ld: bls.cpp:(.text._ZN7sfc_gen8planPathIN9voxel_map8VoxelMapEEEdRKN5Eigen6MatrixIdLi3ELi1ELi0ELi3ELi1EEES7_S7_S7_PKT_RKdRSt6vectorIS5_SaIS5_EE[_ZN7sfc_gen8planPathIN9voxel_map8VoxelMapEEEdRKN5Eigen6MatrixIdLi3ELi1ELi0ELi3ELi1EEES7_S7_S7_PKT_RKdRSt6vectorIS5_SaIS5_EE]+0x75e): undefined reference to `ompl::base::ProblemDefinition::getSolutionPath() const'
/usr/bin/ld: bls.cpp:(.text._ZN7sfc_gen8planPathIN9voxel_map8VoxelMapEEEdRKN5Eigen6MatrixIdLi3ELi1ELi0ELi3ELi1EEES7_S7_S7_PKT_RKdRSt6vectorIS5_SaIS5_EE[_ZN7sfc_gen8planPathIN9voxel_map8VoxelMapEEEdRKN5Eigen6MatrixIdLi3ELi1ELi0ELi3ELi1EEES7_S7_S7_PKT_RKdRSt6vectorIS5_SaIS5_EE]+0x77c): undefined reference to `typeinfo for ompl::geometric::PathGeometric'
/usr/bin/ld: bls.cpp:(.text._ZN7sfc_gen8planPathIN9voxel_map8VoxelMapEEEdRKN5Eigen6MatrixIdLi3ELi1ELi0ELi3ELi1EEES7_S7_S7_PKT_RKdRSt6vectorIS5_SaIS5_EE[_ZN7sfc_gen8planPathIN9voxel_map8VoxelMapEEEdRKN5Eigen6MatrixIdLi3ELi1ELi0ELi3ELi1EEES7_S7_S7_PKT_RKdRSt6vectorIS5_SaIS5_EE]+0x7a7): undefined reference to `ompl::geometric::PathGeometric::PathGeometric(ompl::geometric::PathGeometric const&)'
/usr/bin/ld: bls.cpp:(.text._ZN7sfc_gen8planPathIN9voxel_map8VoxelMapEEEdRKN5Eigen6MatrixIdLi3ELi1ELi0ELi3ELi1EEES7_S7_S7_PKT_RKdRSt6vectorIS5_SaIS5_EE[_ZN7sfc_gen8planPathIN9voxel_map8VoxelMapEEEdRKN5Eigen6MatrixIdLi3ELi1ELi0ELi3ELi1EEES7_S7_S7_PKT_RKdRSt6vectorIS5_SaIS5_EE]+0x8f3): undefined reference to `ompl::base::ProblemDefinition::getSolutionPath() const'
/usr/bin/ld: CMakeFiles/bls.dir/debug/bls.cpp.o: in function `void __gnu_cxx::new_allocator<ompl::base::SpaceInformation>::construct<ompl::base::SpaceInformation, std::shared_ptr<ompl::base::RealVectorStateSpace>&>(ompl::base::SpaceInformation*, std::shared_ptr<ompl::base::RealVectorStateSpace>&)':
bls.cpp:(.text._ZN9__gnu_cxx13new_allocatorIN4ompl4base16SpaceInformationEE9constructIS3_JRSt10shared_ptrINS2_20RealVectorStateSpaceEEEEEvPT_DpOT0_[_ZN9__gnu_cxx13new_allocatorIN4ompl4base16SpaceInformationEE9constructIS3_JRSt10shared_ptrINS2_20RealVectorStateSpaceEEEEEvPT_DpOT0_]+0x69): undefined reference to `ompl::base::SpaceInformation::SpaceInformation(std::shared_ptr<ompl::base::StateSpace>)'
/usr/bin/ld: CMakeFiles/bls.dir/debug/bls.cpp.o: in function `void __gnu_cxx::new_allocator<ompl::base::ProblemDefinition>::construct<ompl::base::ProblemDefinition, std::shared_ptr<ompl::base::SpaceInformation>&>(ompl::base::ProblemDefinition*, std::shared_ptr<ompl::base::SpaceInformation>&)':
bls.cpp:(.text._ZN9__gnu_cxx13new_allocatorIN4ompl4base17ProblemDefinitionEE9constructIS3_JRSt10shared_ptrINS2_16SpaceInformationEEEEEvPT_DpOT0_[_ZN9__gnu_cxx13new_allocatorIN4ompl4base17ProblemDefinitionEE9constructIS3_JRSt10shared_ptrINS2_16SpaceInformationEEEEEvPT_DpOT0_]+0x69): undefined reference to `ompl::base::ProblemDefinition::ProblemDefinition(std::shared_ptr<ompl::base::SpaceInformation>)'
/usr/bin/ld: CMakeFiles/bls.dir/debug/bls.cpp.o: in function `void __gnu_cxx::new_allocator<ompl::base::PathLengthOptimizationObjective>::construct<ompl::base::PathLengthOptimizationObjective, std::shared_ptr<ompl::base::SpaceInformation>&>(ompl::base::PathLengthOptimizationObjective*, std::shared_ptr<ompl::base::SpaceInformation>&)':
bls.cpp:(.text._ZN9__gnu_cxx13new_allocatorIN4ompl4base31PathLengthOptimizationObjectiveEE9constructIS3_JRSt10shared_ptrINS2_16SpaceInformationEEEEEvPT_DpOT0_[_ZN9__gnu_cxx13new_allocatorIN4ompl4base31PathLengthOptimizationObjectiveEE9constructIS3_JRSt10shared_ptrINS2_16SpaceInformationEEEEEvPT_DpOT0_]+0x47): undefined reference to `ompl::base::PathLengthOptimizationObjective::PathLengthOptimizationObjective(std::shared_ptr<ompl::base::SpaceInformation> const&)'
/usr/bin/ld: CMakeFiles/bls.dir/debug/bls.cpp.o: in function `void __gnu_cxx::new_allocator<ompl::geometric::InformedRRTstar>::construct<ompl::geometric::InformedRRTstar, std::shared_ptr<ompl::base::SpaceInformation>&>(ompl::geometric::InformedRRTstar*, std::shared_ptr<ompl::base::SpaceInformation>&)':
bls.cpp:(.text._ZN9__gnu_cxx13new_allocatorIN4ompl9geometric15InformedRRTstarEE9constructIS3_JRSt10shared_ptrINS1_4base16SpaceInformationEEEEEvPT_DpOT0_[_ZN9__gnu_cxx13new_allocatorIN4ompl9geometric15InformedRRTstarEE9constructIS3_JRSt10shared_ptrINS1_4base16SpaceInformationEEEEEvPT_DpOT0_]+0x47): undefined reference to `ompl::geometric::InformedRRTstar::InformedRRTstar(std::shared_ptr<ompl::base::SpaceInformation> const&)'
/usr/bin/ld: warning: creating DT_TEXTREL in a PIE
collect2: error: ld returned 1 exit status
gmake[2]: *** [CMakeFiles/bls.dir/build.make:97: bls] Error 1
gmake[1]: *** [CMakeFiles/Makefile2:137: CMakeFiles/bls.dir/all] Error 2
gmake: *** [Makefile:146: all] Error 2
