[0.004s] Invoking command in '/home/kiki/Workspace/drone_monitor/gcopter/build/gcopter': CMAKE_PREFIX_PATH=/opt/ros/humble /usr/bin/cmake --build /home/kiki/Workspace/drone_monitor/gcopter/build/gcopter -- -j32 -l32
[0.024s] [35m[1mConsolidate compiler generated dependencies of target global_planning[0m
[0.034s] [ 50%] [32mBuilding CXX object CMakeFiles/global_planning.dir/src/global_planning.cpp.o[0m
[0.817s] In file included from [01m[K/home/kiki/Workspace/drone_monitor/gcopter/include/gcopter/geo_utils.hpp:5[m[K,
[0.817s]                  from [01m[K/home/kiki/Workspace/drone_monitor/gcopter/include/misc/visualizer.hpp:6[m[K,
[0.817s]                  from [01m[K/home/kiki/Workspace/drone_monitor/gcopter/src/global_planning.cpp:1[m[K:
[0.817s] [01m[K/home/kiki/Workspace/drone_monitor/gcopter/include/gcopter/sdlp.hpp:[m[K In function ‘[01m[Kint sdlp::linfracprog(const double*, int, int, const double*, const double*, double*, double*, int*, int*) [with int d = 1][m[K’:
[0.817s] [01m[K/home/kiki/Workspace/drone_monitor/gcopter/include/gcopter/sdlp.hpp:666:41:[m[K [01;35m[Kwarning: [m[Kunused parameter ‘[01m[Kmax_size[m[K’ [[01;35m[K]8;;https://gcc.gnu.org/onlinedocs/gcc/Warning-Options.html#index-Wunused-parameter-Wunused-parameter]8;;[m[K]
[0.817s]   666 |                               [01;35m[Kconst int max_size[m[K,
[0.817s]       |                               [01;35m[K~~~~~~~~~~^~~~~~~~[m[K
[0.817s] [01m[K/home/kiki/Workspace/drone_monitor/gcopter/include/gcopter/sdlp.hpp:671:39:[m[K [01;35m[Kwarning: [m[Kunused parameter ‘[01m[Kwork[m[K’ [[01;35m[K]8;;https://gcc.gnu.org/onlinedocs/gcc/Warning-Options.html#index-Wunused-parameter-Wunused-parameter]8;;[m[K]
[0.817s]   671 |                               [01;35m[Kdouble *work[m[K,
[0.817s]       |                               [01;35m[K~~~~~~~~^~~~[m[K
[17.742s] [100%] [32m[1mLinking CXX executable global_planning[0m
[18.613s] [100%] Built target global_planning
[18.618s] Invoked command in '/home/kiki/Workspace/drone_monitor/gcopter/build/gcopter' returned '0': CMAKE_PREFIX_PATH=/opt/ros/humble /usr/bin/cmake --build /home/kiki/Workspace/drone_monitor/gcopter/build/gcopter -- -j32 -l32
[18.632s] Invoking command in '/home/kiki/Workspace/drone_monitor/gcopter/build/gcopter': CMAKE_PREFIX_PATH=/opt/ros/humble /usr/bin/cmake --install /home/kiki/Workspace/drone_monitor/gcopter/build/gcopter
[18.635s] -- Install configuration: ""
[18.635s] -- Installing: /home/kiki/Workspace/drone_monitor/gcopter/install/gcopter/lib/gcopter/global_planning
[18.642s] -- Set runtime path of "/home/kiki/Workspace/drone_monitor/gcopter/install/gcopter/lib/gcopter/global_planning" to ""
[18.642s] -- Up-to-date: /home/kiki/Workspace/drone_monitor/gcopter/install/gcopter/share/ament_index/resource_index/package_run_dependencies/gcopter
[18.642s] -- Up-to-date: /home/kiki/Workspace/drone_monitor/gcopter/install/gcopter/share/ament_index/resource_index/parent_prefix_path/gcopter
[18.642s] -- Up-to-date: /home/kiki/Workspace/drone_monitor/gcopter/install/gcopter/share/gcopter/environment/ament_prefix_path.dsv
[18.642s] -- Up-to-date: /home/kiki/Workspace/drone_monitor/gcopter/install/gcopter/share/gcopter/environment/path.dsv
[18.642s] -- Up-to-date: /home/kiki/Workspace/drone_monitor/gcopter/install/gcopter/share/gcopter/local_setup.bash
[18.642s] -- Up-to-date: /home/kiki/Workspace/drone_monitor/gcopter/install/gcopter/share/gcopter/local_setup.sh
[18.642s] -- Up-to-date: /home/kiki/Workspace/drone_monitor/gcopter/install/gcopter/share/gcopter/local_setup.zsh
[18.642s] -- Up-to-date: /home/kiki/Workspace/drone_monitor/gcopter/install/gcopter/share/gcopter/local_setup.dsv
[18.642s] -- Installing: /home/kiki/Workspace/drone_monitor/gcopter/install/gcopter/share/gcopter/package.dsv
[18.642s] -- Up-to-date: /home/kiki/Workspace/drone_monitor/gcopter/install/gcopter/share/ament_index/resource_index/packages/gcopter
[18.642s] -- Up-to-date: /home/kiki/Workspace/drone_monitor/gcopter/install/gcopter/share/gcopter/cmake/gcopterConfig.cmake
[18.642s] -- Up-to-date: /home/kiki/Workspace/drone_monitor/gcopter/install/gcopter/share/gcopter/cmake/gcopterConfig-version.cmake
[18.642s] -- Up-to-date: /home/kiki/Workspace/drone_monitor/gcopter/install/gcopter/share/gcopter/package.xml
[18.644s] Invoked command in '/home/kiki/Workspace/drone_monitor/gcopter/build/gcopter' returned '0': CMAKE_PREFIX_PATH=/opt/ros/humble /usr/bin/cmake --install /home/kiki/Workspace/drone_monitor/gcopter/build/gcopter
