[0.045s] DEBUG:colcon:Command line arguments: ['/usr/bin/colcon', 'build']
[0.045s] DEBUG:colcon:Parsed command line arguments: Namespace(log_base=None, log_level=None, verb_name='build', build_base='build', install_base='install', merge_install=False, symlink_install=False, test_result_base=None, continue_on_error=False, executor='parallel', parallel_workers=32, event_handlers=None, ignore_user_meta=False, metas=['./colcon.meta'], base_paths=['.'], packages_ignore=None, packages_ignore_regex=None, paths=None, packages_up_to=None, packages_up_to_regex=None, packages_above=None, packages_above_and_dependencies=None, packages_above_depth=None, packages_select_by_dep=None, packages_skip_by_dep=None, packages_skip_up_to=None, packages_select_build_failed=False, packages_skip_build_finished=False, packages_select_test_failures=False, packages_skip_test_passed=False, packages_select=None, packages_skip=None, packages_select_regex=None, packages_skip_regex=None, packages_start=None, packages_end=None, allow_overriding=[], cmake_args=None, cmake_target=None, cmake_target_skip_unavailable=False, cmake_clean_cache=False, cmake_clean_first=False, cmake_force_configure=False, ament_cmake_args=None, catkin_cmake_args=None, catkin_skip_building_tests=False, mixin_files=None, mixin=None, verb_parser=<colcon_mixin.mixin.mixin_argument.MixinArgumentDecorator object at 0x7f1abd8edf90>, verb_extension=<colcon_core.verb.build.BuildVerb object at 0x7f1abd9ee4a0>, main=<bound method BuildVerb.main of <colcon_core.verb.build.BuildVerb object at 0x7f1abd9ee4a0>>, mixin_verb=('build',))
[0.111s] Level 1:colcon.colcon_core.package_discovery:discover_packages(colcon_meta) check parameters
[0.111s] Level 1:colcon.colcon_core.package_discovery:discover_packages(recursive) check parameters
[0.111s] Level 1:colcon.colcon_core.package_discovery:discover_packages(ignore) check parameters
[0.111s] Level 1:colcon.colcon_core.package_discovery:discover_packages(path) check parameters
[0.111s] Level 1:colcon.colcon_core.package_discovery:discover_packages(colcon_meta) discover
[0.111s] Level 1:colcon.colcon_core.package_discovery:discover_packages(recursive) discover
[0.111s] INFO:colcon.colcon_core.package_discovery:Crawling recursively for packages in '/home/kiki/Workspace/drone_monitor/gcopter'
[0.111s] Level 1:colcon.colcon_core.package_identification:_identify(.) by extensions ['ignore', 'ignore_ament_install']
[0.112s] Level 1:colcon.colcon_core.package_identification:_identify(.) by extension 'ignore'
[0.112s] Level 1:colcon.colcon_core.package_identification:_identify(.) by extension 'ignore_ament_install'
[0.112s] Level 1:colcon.colcon_core.package_identification:_identify(.) by extensions ['colcon_pkg']
[0.112s] Level 1:colcon.colcon_core.package_identification:_identify(.) by extension 'colcon_pkg'
[0.112s] Level 1:colcon.colcon_core.package_identification:_identify(.) by extensions ['colcon_meta']
[0.112s] Level 1:colcon.colcon_core.package_identification:_identify(.) by extension 'colcon_meta'
[0.112s] Level 1:colcon.colcon_core.package_identification:_identify(.) by extensions ['ros']
[0.112s] Level 1:colcon.colcon_core.package_identification:_identify(.) by extension 'ros'
[0.118s] DEBUG:colcon.colcon_core.package_identification:Package '.' with type 'ros.ament_cmake' and name 'gcopter'
[0.118s] Level 1:colcon.colcon_core.package_discovery:discover_packages(recursive) using defaults
[0.118s] Level 1:colcon.colcon_core.package_discovery:discover_packages(ignore) discover
[0.118s] Level 1:colcon.colcon_core.package_discovery:discover_packages(ignore) using defaults
[0.118s] Level 1:colcon.colcon_core.package_discovery:discover_packages(path) discover
[0.118s] Level 1:colcon.colcon_core.package_discovery:discover_packages(path) using defaults
[0.129s] Level 1:colcon.colcon_core.package_discovery:discover_packages(prefix_path) check parameters
[0.129s] Level 1:colcon.colcon_core.package_discovery:discover_packages(prefix_path) discover
[0.136s] DEBUG:colcon.colcon_installed_package_information.package_discovery:Found 271 installed packages in /opt/ros/humble
[0.136s] Level 1:colcon.colcon_core.package_discovery:discover_packages(prefix_path) using defaults
[0.152s] Level 5:colcon.colcon_core.verb:set package 'gcopter' build argument 'cmake_args' from command line to 'None'
[0.152s] Level 5:colcon.colcon_core.verb:set package 'gcopter' build argument 'cmake_target' from command line to 'None'
[0.152s] Level 5:colcon.colcon_core.verb:set package 'gcopter' build argument 'cmake_target_skip_unavailable' from command line to 'False'
[0.152s] Level 5:colcon.colcon_core.verb:set package 'gcopter' build argument 'cmake_clean_cache' from command line to 'False'
[0.152s] Level 5:colcon.colcon_core.verb:set package 'gcopter' build argument 'cmake_clean_first' from command line to 'False'
[0.152s] Level 5:colcon.colcon_core.verb:set package 'gcopter' build argument 'cmake_force_configure' from command line to 'False'
[0.152s] Level 5:colcon.colcon_core.verb:set package 'gcopter' build argument 'ament_cmake_args' from command line to 'None'
[0.152s] Level 5:colcon.colcon_core.verb:set package 'gcopter' build argument 'catkin_cmake_args' from command line to 'None'
[0.152s] Level 5:colcon.colcon_core.verb:set package 'gcopter' build argument 'catkin_skip_building_tests' from command line to 'False'
[0.152s] DEBUG:colcon.colcon_core.verb:Building package 'gcopter' with the following arguments: {'ament_cmake_args': None, 'build_base': '/home/kiki/Workspace/drone_monitor/gcopter/build/gcopter', 'catkin_cmake_args': None, 'catkin_skip_building_tests': False, 'cmake_args': None, 'cmake_clean_cache': False, 'cmake_clean_first': False, 'cmake_force_configure': False, 'cmake_target': None, 'cmake_target_skip_unavailable': False, 'install_base': '/home/kiki/Workspace/drone_monitor/gcopter/install/gcopter', 'merge_install': False, 'path': '/home/kiki/Workspace/drone_monitor/gcopter', 'symlink_install': False, 'test_result_base': None}
[0.152s] INFO:colcon.colcon_core.executor:Executing jobs using 'parallel' executor
[0.153s] DEBUG:colcon.colcon_parallel_executor.executor.parallel:run_until_complete
[0.153s] INFO:colcon.colcon_ros.task.ament_cmake.build:Building ROS package in '/home/kiki/Workspace/drone_monitor/gcopter' with build type 'ament_cmake'
[0.153s] INFO:colcon.colcon_cmake.task.cmake.build:Building CMake package in '/home/kiki/Workspace/drone_monitor/gcopter'
[0.154s] INFO:colcon.colcon_core.plugin_system:Skipping extension 'colcon_core.shell.bat': Not used on non-Windows systems
[0.154s] INFO:colcon.colcon_core.shell:Skip shell extension 'powershell' for command environment: Not usable outside of PowerShell
[0.154s] DEBUG:colcon.colcon_core.shell:Skip shell extension 'dsv' for command environment
[0.157s] DEBUG:colcon.colcon_core.event_handler.log_command:Invoking command in '/home/kiki/Workspace/drone_monitor/gcopter/build/gcopter': CMAKE_PREFIX_PATH=/opt/ros/humble /usr/bin/cmake --build /home/kiki/Workspace/drone_monitor/gcopter/build/gcopter -- -j32 -l32
[18.771s] DEBUG:colcon.colcon_core.event_handler.log_command:Invoked command in '/home/kiki/Workspace/drone_monitor/gcopter/build/gcopter' returned '0': CMAKE_PREFIX_PATH=/opt/ros/humble /usr/bin/cmake --build /home/kiki/Workspace/drone_monitor/gcopter/build/gcopter -- -j32 -l32
[18.785s] DEBUG:colcon.colcon_core.event_handler.log_command:Invoking command in '/home/kiki/Workspace/drone_monitor/gcopter/build/gcopter': CMAKE_PREFIX_PATH=/opt/ros/humble /usr/bin/cmake --install /home/kiki/Workspace/drone_monitor/gcopter/build/gcopter
[18.797s] Level 1:colcon.colcon_core.environment:create_environment_scripts_only(gcopter)
[18.797s] DEBUG:colcon.colcon_core.event_handler.log_command:Invoked command in '/home/kiki/Workspace/drone_monitor/gcopter/build/gcopter' returned '0': CMAKE_PREFIX_PATH=/opt/ros/humble /usr/bin/cmake --install /home/kiki/Workspace/drone_monitor/gcopter/build/gcopter
[18.799s] Level 1:colcon.colcon_core.environment:checking '/home/kiki/Workspace/drone_monitor/gcopter/install/gcopter' for CMake module files
[18.799s] Level 1:colcon.colcon_core.environment:checking '/home/kiki/Workspace/drone_monitor/gcopter/install/gcopter' for CMake config files
[18.799s] Level 1:colcon.colcon_core.shell:create_environment_hook('gcopter', 'cmake_prefix_path')
[18.799s] INFO:colcon.colcon_core.shell:Creating environment hook '/home/kiki/Workspace/drone_monitor/gcopter/install/gcopter/share/gcopter/hook/cmake_prefix_path.ps1'
[18.800s] INFO:colcon.colcon_core.shell:Creating environment descriptor '/home/kiki/Workspace/drone_monitor/gcopter/install/gcopter/share/gcopter/hook/cmake_prefix_path.dsv'
[18.801s] INFO:colcon.colcon_core.shell:Creating environment hook '/home/kiki/Workspace/drone_monitor/gcopter/install/gcopter/share/gcopter/hook/cmake_prefix_path.sh'
[18.802s] Level 1:colcon.colcon_core.environment:checking '/home/kiki/Workspace/drone_monitor/gcopter/install/gcopter/lib'
[18.802s] Level 1:colcon.colcon_core.environment:checking '/home/kiki/Workspace/drone_monitor/gcopter/install/gcopter/bin'
[18.802s] Level 1:colcon.colcon_core.environment:checking '/home/kiki/Workspace/drone_monitor/gcopter/install/gcopter/lib/pkgconfig/gcopter.pc'
[18.803s] Level 1:colcon.colcon_core.environment:checking '/home/kiki/Workspace/drone_monitor/gcopter/install/gcopter/lib/python3.10/site-packages'
[18.803s] Level 1:colcon.colcon_core.environment:checking '/home/kiki/Workspace/drone_monitor/gcopter/install/gcopter/bin'
[18.803s] INFO:colcon.colcon_core.shell:Creating package script '/home/kiki/Workspace/drone_monitor/gcopter/install/gcopter/share/gcopter/package.ps1'
[18.804s] INFO:colcon.colcon_core.shell:Creating package descriptor '/home/kiki/Workspace/drone_monitor/gcopter/install/gcopter/share/gcopter/package.dsv'
[18.806s] INFO:colcon.colcon_core.shell:Creating package script '/home/kiki/Workspace/drone_monitor/gcopter/install/gcopter/share/gcopter/package.sh'
[18.807s] INFO:colcon.colcon_core.shell:Creating package script '/home/kiki/Workspace/drone_monitor/gcopter/install/gcopter/share/gcopter/package.bash'
[18.808s] INFO:colcon.colcon_core.shell:Creating package script '/home/kiki/Workspace/drone_monitor/gcopter/install/gcopter/share/gcopter/package.zsh'
[18.809s] Level 1:colcon.colcon_core.environment:create_file_with_runtime_dependencies(/home/kiki/Workspace/drone_monitor/gcopter/install/gcopter/share/colcon-core/packages/gcopter)
[18.820s] Level 1:colcon.colcon_core.environment:create_environment_scripts_only(gcopter)
[18.820s] Level 1:colcon.colcon_core.environment:checking '/home/kiki/Workspace/drone_monitor/gcopter/install/gcopter' for CMake module files
[18.821s] Level 1:colcon.colcon_core.environment:checking '/home/kiki/Workspace/drone_monitor/gcopter/install/gcopter' for CMake config files
[18.821s] Level 1:colcon.colcon_core.shell:create_environment_hook('gcopter', 'cmake_prefix_path')
[18.821s] INFO:colcon.colcon_core.shell:Creating environment hook '/home/kiki/Workspace/drone_monitor/gcopter/install/gcopter/share/gcopter/hook/cmake_prefix_path.ps1'
[18.821s] INFO:colcon.colcon_core.shell:Creating environment descriptor '/home/kiki/Workspace/drone_monitor/gcopter/install/gcopter/share/gcopter/hook/cmake_prefix_path.dsv'
[18.821s] INFO:colcon.colcon_core.shell:Creating environment hook '/home/kiki/Workspace/drone_monitor/gcopter/install/gcopter/share/gcopter/hook/cmake_prefix_path.sh'
[18.822s] Level 1:colcon.colcon_core.environment:checking '/home/kiki/Workspace/drone_monitor/gcopter/install/gcopter/lib'
[18.822s] Level 1:colcon.colcon_core.environment:checking '/home/kiki/Workspace/drone_monitor/gcopter/install/gcopter/bin'
[18.822s] Level 1:colcon.colcon_core.environment:checking '/home/kiki/Workspace/drone_monitor/gcopter/install/gcopter/lib/pkgconfig/gcopter.pc'
[18.822s] Level 1:colcon.colcon_core.environment:checking '/home/kiki/Workspace/drone_monitor/gcopter/install/gcopter/lib/python3.10/site-packages'
[18.822s] Level 1:colcon.colcon_core.environment:checking '/home/kiki/Workspace/drone_monitor/gcopter/install/gcopter/bin'
[18.822s] INFO:colcon.colcon_core.shell:Creating package script '/home/kiki/Workspace/drone_monitor/gcopter/install/gcopter/share/gcopter/package.ps1'
[18.823s] INFO:colcon.colcon_core.shell:Creating package descriptor '/home/kiki/Workspace/drone_monitor/gcopter/install/gcopter/share/gcopter/package.dsv'
[18.823s] INFO:colcon.colcon_core.shell:Creating package script '/home/kiki/Workspace/drone_monitor/gcopter/install/gcopter/share/gcopter/package.sh'
[18.823s] INFO:colcon.colcon_core.shell:Creating package script '/home/kiki/Workspace/drone_monitor/gcopter/install/gcopter/share/gcopter/package.bash'
[18.823s] INFO:colcon.colcon_core.shell:Creating package script '/home/kiki/Workspace/drone_monitor/gcopter/install/gcopter/share/gcopter/package.zsh'
[18.823s] Level 1:colcon.colcon_core.environment:create_file_with_runtime_dependencies(/home/kiki/Workspace/drone_monitor/gcopter/install/gcopter/share/colcon-core/packages/gcopter)
[18.823s] DEBUG:colcon.colcon_parallel_executor.executor.parallel:closing loop
[18.823s] DEBUG:colcon.colcon_parallel_executor.executor.parallel:loop closed
[18.823s] DEBUG:colcon.colcon_parallel_executor.executor.parallel:run_until_complete finished with '0'
[18.824s] DEBUG:colcon.colcon_core.event_reactor:joining thread
[18.826s] INFO:colcon.colcon_core.plugin_system:Skipping extension 'colcon_notification.desktop_notification.terminal_notifier': Not used on non-Darwin systems
[18.826s] INFO:colcon.colcon_core.plugin_system:Skipping extension 'colcon_notification.desktop_notification.win32': Not used on non-Windows systems
[18.826s] INFO:colcon.colcon_notification.desktop_notification:Sending desktop notification using 'notify2'
[18.838s] DEBUG:colcon.colcon_core.event_reactor:joined thread
[18.838s] INFO:colcon.colcon_core.shell:Creating prefix script '/home/kiki/Workspace/drone_monitor/gcopter/install/local_setup.ps1'
[18.839s] INFO:colcon.colcon_core.shell:Creating prefix util module '/home/kiki/Workspace/drone_monitor/gcopter/install/_local_setup_util_ps1.py'
[18.841s] INFO:colcon.colcon_core.shell:Creating prefix chain script '/home/kiki/Workspace/drone_monitor/gcopter/install/setup.ps1'
[18.842s] INFO:colcon.colcon_core.shell:Creating prefix script '/home/kiki/Workspace/drone_monitor/gcopter/install/local_setup.sh'
[18.843s] INFO:colcon.colcon_core.shell:Creating prefix util module '/home/kiki/Workspace/drone_monitor/gcopter/install/_local_setup_util_sh.py'
[18.844s] INFO:colcon.colcon_core.shell:Creating prefix chain script '/home/kiki/Workspace/drone_monitor/gcopter/install/setup.sh'
[18.846s] INFO:colcon.colcon_core.shell:Creating prefix script '/home/kiki/Workspace/drone_monitor/gcopter/install/local_setup.bash'
[18.847s] INFO:colcon.colcon_core.shell:Creating prefix chain script '/home/kiki/Workspace/drone_monitor/gcopter/install/setup.bash'
[18.848s] INFO:colcon.colcon_core.shell:Creating prefix script '/home/kiki/Workspace/drone_monitor/gcopter/install/local_setup.zsh'
[18.849s] INFO:colcon.colcon_core.shell:Creating prefix chain script '/home/kiki/Workspace/drone_monitor/gcopter/install/setup.zsh'
