[0.007s] Invoking command in '/home/kiki/Workspace/drone_monitor/gcopter/build/gcopter': CMAKE_PREFIX_PATH=${CMAKE_PREFIX_PATH}:/opt/ros/humble /usr/bin/cmake --build /home/kiki/Workspace/drone_monitor/gcopter/build/gcopter -- -j32 -l32
[0.019s] -- Found ament_cmake: 1.3.8 (/home/kiki/ros2_humble/install/ament_cmake/share/ament_cmake/cmake)
[0.074s] -- Found rclcpp: 16.0.8 (/home/kiki/ros2_humble/install/rclcpp/share/rclcpp/cmake)
[0.087s] -- Found rosidl_generator_c: 3.1.5 (/home/kiki/ros2_humble/install/rosidl_generator_c/share/rosidl_generator_c/cmake)
[0.088s] -- Found rosidl_adapter: 3.1.5 (/home/kiki/ros2_humble/install/rosidl_adapter/share/rosidl_adapter/cmake)
[0.091s] -- Found rosidl_generator_cpp: 3.1.5 (/home/kiki/ros2_humble/install/rosidl_generator_cpp/share/rosidl_generator_cpp/cmake)
[0.096s] -- Using all available rosidl_typesupport_c: rosidl_typesupport_fastrtps_c;rosidl_typesupport_introspection_c
[0.103s] -- Using all available rosidl_typesupport_cpp: rosidl_typesupport_fastrtps_cpp;rosidl_typesupport_introspection_cpp
[0.129s] -- Found rmw_implementation_cmake: 6.1.1 (/home/kiki/ros2_humble/install/rmw_implementation_cmake/share/rmw_implementation_cmake/cmake)
[0.130s] -- Found rmw_fastrtps_cpp: 6.2.6 (/home/kiki/ros2_humble/install/rmw_fastrtps_cpp/share/rmw_fastrtps_cpp/cmake)
[0.180s] -- Using RMW implementation 'rmw_fastrtps_cpp' as default
[0.250s] -- Found geometry_msgs: 4.2.3 (/home/kiki/ros2_humble/install/geometry_msgs/share/geometry_msgs/cmake)
[0.269s] -- Found sensor_msgs: 4.2.3 (/home/kiki/ros2_humble/install/sensor_msgs/share/sensor_msgs/cmake)
[0.306s] -- Found visualization_msgs: 4.2.3 (/home/kiki/ros2_humble/install/visualization_msgs/share/visualization_msgs/cmake)
[0.393s] -- Configuring done
[0.407s] -- Generating done
[0.408s] -- Build files have been written to: /home/kiki/Workspace/drone_monitor/gcopter/build/gcopter
[0.420s] [35m[1mConsolidate compiler generated dependencies of target global_planning[0m
[0.431s] [ 50%] [32mBuilding CXX object CMakeFiles/global_planning.dir/src/global_planning.cpp.o[0m
[1.152s] In file included from [01m[K/home/kiki/Workspace/drone_monitor/gcopter/include/gcopter/geo_utils.hpp:5[m[K,
[1.152s]                  from [01m[K/home/kiki/Workspace/drone_monitor/gcopter/include/misc/visualizer.hpp:6[m[K,
[1.152s]                  from [01m[K/home/kiki/Workspace/drone_monitor/gcopter/src/global_planning.cpp:1[m[K:
[1.152s] [01m[K/home/kiki/Workspace/drone_monitor/gcopter/include/gcopter/sdlp.hpp:[m[K In function ‘[01m[Kint sdlp::linfracprog(const double*, int, int, const double*, const double*, double*, double*, int*, int*) [with int d = 1][m[K’:
[1.152s] [01m[K/home/kiki/Workspace/drone_monitor/gcopter/include/gcopter/sdlp.hpp:666:41:[m[K [01;35m[Kwarning: [m[Kunused parameter ‘[01m[Kmax_size[m[K’ [[01;35m[K]8;;https://gcc.gnu.org/onlinedocs/gcc/Warning-Options.html#index-Wunused-parameter-Wunused-parameter]8;;[m[K]
[1.152s]   666 |                               [01;35m[Kconst int max_size[m[K,
[1.152s]       |                               [01;35m[K~~~~~~~~~~^~~~~~~~[m[K
[1.152s] [01m[K/home/kiki/Workspace/drone_monitor/gcopter/include/gcopter/sdlp.hpp:671:39:[m[K [01;35m[Kwarning: [m[Kunused parameter ‘[01m[Kwork[m[K’ [[01;35m[K]8;;https://gcc.gnu.org/onlinedocs/gcc/Warning-Options.html#index-Wunused-parameter-Wunused-parameter]8;;[m[K]
[1.152s]   671 |                               [01;35m[Kdouble *work[m[K,
[1.152s]       |                               [01;35m[K~~~~~~~~^~~~[m[K
[16.946s] [100%] [32m[1mLinking CXX executable global_planning[0m
[17.763s] [100%] Built target global_planning
[17.768s] Invoked command in '/home/kiki/Workspace/drone_monitor/gcopter/build/gcopter' returned '0': CMAKE_PREFIX_PATH=${CMAKE_PREFIX_PATH}:/opt/ros/humble /usr/bin/cmake --build /home/kiki/Workspace/drone_monitor/gcopter/build/gcopter -- -j32 -l32
[17.781s] Invoking command in '/home/kiki/Workspace/drone_monitor/gcopter/build/gcopter': CMAKE_PREFIX_PATH=${CMAKE_PREFIX_PATH}:/opt/ros/humble /usr/bin/cmake --install /home/kiki/Workspace/drone_monitor/gcopter/build/gcopter
[17.784s] -- Install configuration: ""
[17.784s] -- Installing: /home/kiki/Workspace/drone_monitor/gcopter/install/gcopter/lib/gcopter/global_planning
[17.792s] -- Set runtime path of "/home/kiki/Workspace/drone_monitor/gcopter/install/gcopter/lib/gcopter/global_planning" to ""
[17.792s] -- Up-to-date: /home/kiki/Workspace/drone_monitor/gcopter/install/gcopter/share/gcopter//launch
[17.792s] -- Up-to-date: /home/kiki/Workspace/drone_monitor/gcopter/install/gcopter/share/gcopter//launch/global_planning.launch
[17.792s] -- Up-to-date: /home/kiki/Workspace/drone_monitor/gcopter/install/gcopter/share/ament_index/resource_index/package_run_dependencies/gcopter
[17.792s] -- Up-to-date: /home/kiki/Workspace/drone_monitor/gcopter/install/gcopter/share/ament_index/resource_index/parent_prefix_path/gcopter
[17.792s] -- Installing: /home/kiki/Workspace/drone_monitor/gcopter/install/gcopter/share/gcopter/environment/ament_prefix_path.dsv
[17.792s] -- Installing: /home/kiki/Workspace/drone_monitor/gcopter/install/gcopter/share/gcopter/environment/path.dsv
[17.792s] -- Up-to-date: /home/kiki/Workspace/drone_monitor/gcopter/install/gcopter/share/gcopter/local_setup.bash
[17.792s] -- Up-to-date: /home/kiki/Workspace/drone_monitor/gcopter/install/gcopter/share/gcopter/local_setup.sh
[17.792s] -- Up-to-date: /home/kiki/Workspace/drone_monitor/gcopter/install/gcopter/share/gcopter/local_setup.zsh
[17.792s] -- Installing: /home/kiki/Workspace/drone_monitor/gcopter/install/gcopter/share/gcopter/local_setup.dsv
[17.792s] -- Installing: /home/kiki/Workspace/drone_monitor/gcopter/install/gcopter/share/gcopter/package.dsv
[17.792s] -- Up-to-date: /home/kiki/Workspace/drone_monitor/gcopter/install/gcopter/share/ament_index/resource_index/packages/gcopter
[17.792s] -- Up-to-date: /home/kiki/Workspace/drone_monitor/gcopter/install/gcopter/share/gcopter/cmake/gcopterConfig.cmake
[17.792s] -- Up-to-date: /home/kiki/Workspace/drone_monitor/gcopter/install/gcopter/share/gcopter/cmake/gcopterConfig-version.cmake
[17.792s] -- Up-to-date: /home/kiki/Workspace/drone_monitor/gcopter/install/gcopter/share/gcopter/package.xml
[17.794s] Invoked command in '/home/kiki/Workspace/drone_monitor/gcopter/build/gcopter' returned '0': CMAKE_PREFIX_PATH=${CMAKE_PREFIX_PATH}:/opt/ros/humble /usr/bin/cmake --install /home/kiki/Workspace/drone_monitor/gcopter/build/gcopter
