[0.045s] DEBUG:colcon:Command line arguments: ['/usr/bin/colcon', 'build', '--packages-select', 'gcopter']
[0.045s] DEBUG:colcon:Parsed command line arguments: Namespace(log_base=None, log_level=None, verb_name='build', build_base='build', install_base='install', merge_install=False, symlink_install=False, test_result_base=None, continue_on_error=False, executor='parallel', parallel_workers=32, event_handlers=None, ignore_user_meta=False, metas=['./colcon.meta'], base_paths=['.'], packages_ignore=None, packages_ignore_regex=None, paths=None, packages_up_to=None, packages_up_to_regex=None, packages_above=None, packages_above_and_dependencies=None, packages_above_depth=None, packages_select_by_dep=None, packages_skip_by_dep=None, packages_skip_up_to=None, packages_select_build_failed=False, packages_skip_build_finished=False, packages_select_test_failures=False, packages_skip_test_passed=False, packages_select=['gcopter'], packages_skip=None, packages_select_regex=None, packages_skip_regex=None, packages_start=None, packages_end=None, allow_overriding=[], cmake_args=None, cmake_target=None, cmake_target_skip_unavailable=False, cmake_clean_cache=False, cmake_clean_first=False, cmake_force_configure=False, ament_cmake_args=None, catkin_cmake_args=None, catkin_skip_building_tests=False, mixin_files=None, mixin=None, verb_parser=<colcon_mixin.mixin.mixin_argument.MixinArgumentDecorator object at 0x7da6dbb36f20>, verb_extension=<colcon_core.verb.build.BuildVerb object at 0x7da6dbcb3190>, main=<bound method BuildVerb.main of <colcon_core.verb.build.BuildVerb object at 0x7da6dbcb3190>>, mixin_verb=('build',))
[0.112s] Level 1:colcon.colcon_core.package_discovery:discover_packages(colcon_meta) check parameters
[0.112s] Level 1:colcon.colcon_core.package_discovery:discover_packages(recursive) check parameters
[0.112s] Level 1:colcon.colcon_core.package_discovery:discover_packages(ignore) check parameters
[0.112s] Level 1:colcon.colcon_core.package_discovery:discover_packages(path) check parameters
[0.112s] Level 1:colcon.colcon_core.package_discovery:discover_packages(colcon_meta) discover
[0.113s] Level 1:colcon.colcon_core.package_discovery:discover_packages(recursive) discover
[0.113s] INFO:colcon.colcon_core.package_discovery:Crawling recursively for packages in '/home/kiki/Workspace/drone_monitor'
[0.113s] Level 1:colcon.colcon_core.package_identification:_identify(.) by extensions ['ignore', 'ignore_ament_install']
[0.113s] Level 1:colcon.colcon_core.package_identification:_identify(.) by extension 'ignore'
[0.113s] Level 1:colcon.colcon_core.package_identification:_identify(.) by extension 'ignore_ament_install'
[0.113s] Level 1:colcon.colcon_core.package_identification:_identify(.) by extensions ['colcon_pkg']
[0.113s] Level 1:colcon.colcon_core.package_identification:_identify(.) by extension 'colcon_pkg'
[0.113s] Level 1:colcon.colcon_core.package_identification:_identify(.) by extensions ['colcon_meta']
[0.113s] Level 1:colcon.colcon_core.package_identification:_identify(.) by extension 'colcon_meta'
[0.113s] Level 1:colcon.colcon_core.package_identification:_identify(.) by extensions ['ros']
[0.113s] Level 1:colcon.colcon_core.package_identification:_identify(.) by extension 'ros'
[0.117s] Level 1:colcon.colcon_core.package_identification:_identify(.) by extensions ['cmake', 'python']
[0.118s] Level 1:colcon.colcon_core.package_identification:_identify(.) by extension 'cmake'
[0.118s] Level 1:colcon.colcon_core.package_identification:_identify(.) by extension 'python'
[0.118s] Level 1:colcon.colcon_core.package_identification:_identify(.) by extensions ['python_setup_py']
[0.118s] Level 1:colcon.colcon_core.package_identification:_identify(.) by extension 'python_setup_py'
[0.118s] Level 1:colcon.colcon_core.package_identification:_identify(build) by extensions ['ignore', 'ignore_ament_install']
[0.118s] Level 1:colcon.colcon_core.package_identification:_identify(build) by extension 'ignore'
[0.118s] Level 1:colcon.colcon_core.package_identification:_identify(build) ignored
[0.118s] Level 1:colcon.colcon_core.package_identification:_identify(gcopter) by extensions ['ignore', 'ignore_ament_install']
[0.118s] Level 1:colcon.colcon_core.package_identification:_identify(gcopter) by extension 'ignore'
[0.118s] Level 1:colcon.colcon_core.package_identification:_identify(gcopter) by extension 'ignore_ament_install'
[0.118s] Level 1:colcon.colcon_core.package_identification:_identify(gcopter) by extensions ['colcon_pkg']
[0.118s] Level 1:colcon.colcon_core.package_identification:_identify(gcopter) by extension 'colcon_pkg'
[0.118s] Level 1:colcon.colcon_core.package_identification:_identify(gcopter) by extensions ['colcon_meta']
[0.118s] Level 1:colcon.colcon_core.package_identification:_identify(gcopter) by extension 'colcon_meta'
[0.118s] Level 1:colcon.colcon_core.package_identification:_identify(gcopter) by extensions ['ros']
[0.118s] Level 1:colcon.colcon_core.package_identification:_identify(gcopter) by extension 'ros'
[0.119s] DEBUG:colcon.colcon_core.package_identification:Package 'gcopter' with type 'ros.ament_cmake' and name 'gcopter'
[0.119s] Level 1:colcon.colcon_core.package_identification:_identify(install) by extensions ['ignore', 'ignore_ament_install']
[0.119s] Level 1:colcon.colcon_core.package_identification:_identify(install) by extension 'ignore'
[0.119s] Level 1:colcon.colcon_core.package_identification:_identify(install) ignored
[0.119s] Level 1:colcon.colcon_core.package_identification:_identify(log) by extensions ['ignore', 'ignore_ament_install']
[0.119s] Level 1:colcon.colcon_core.package_identification:_identify(log) by extension 'ignore'
[0.119s] Level 1:colcon.colcon_core.package_identification:_identify(log) ignored
[0.119s] Level 1:colcon.colcon_core.package_identification:_identify(map_gen) by extensions ['ignore', 'ignore_ament_install']
[0.119s] Level 1:colcon.colcon_core.package_identification:_identify(map_gen) by extension 'ignore'
[0.119s] Level 1:colcon.colcon_core.package_identification:_identify(map_gen) by extension 'ignore_ament_install'
[0.119s] Level 1:colcon.colcon_core.package_identification:_identify(map_gen) by extensions ['colcon_pkg']
[0.119s] Level 1:colcon.colcon_core.package_identification:_identify(map_gen) by extension 'colcon_pkg'
[0.119s] Level 1:colcon.colcon_core.package_identification:_identify(map_gen) by extensions ['colcon_meta']
[0.119s] Level 1:colcon.colcon_core.package_identification:_identify(map_gen) by extension 'colcon_meta'
[0.119s] Level 1:colcon.colcon_core.package_identification:_identify(map_gen) by extensions ['ros']
[0.119s] Level 1:colcon.colcon_core.package_identification:_identify(map_gen) by extension 'ros'
[0.119s] Level 1:colcon.colcon_core.package_identification:_identify(map_gen) by extensions ['cmake', 'python']
[0.119s] Level 1:colcon.colcon_core.package_identification:_identify(map_gen) by extension 'cmake'
[0.119s] Level 1:colcon.colcon_core.package_identification:_identify(map_gen) by extension 'python'
[0.119s] Level 1:colcon.colcon_core.package_identification:_identify(map_gen) by extensions ['python_setup_py']
[0.119s] Level 1:colcon.colcon_core.package_identification:_identify(map_gen) by extension 'python_setup_py'
[0.119s] Level 1:colcon.colcon_core.package_identification:_identify(map_gen/build) by extensions ['ignore', 'ignore_ament_install']
[0.120s] Level 1:colcon.colcon_core.package_identification:_identify(map_gen/build) by extension 'ignore'
[0.120s] Level 1:colcon.colcon_core.package_identification:_identify(map_gen/build) ignored
[0.120s] Level 1:colcon.colcon_core.package_identification:_identify(map_gen/install) by extensions ['ignore', 'ignore_ament_install']
[0.120s] Level 1:colcon.colcon_core.package_identification:_identify(map_gen/install) by extension 'ignore'
[0.120s] Level 1:colcon.colcon_core.package_identification:_identify(map_gen/install) ignored
[0.120s] Level 1:colcon.colcon_core.package_identification:_identify(map_gen/log) by extensions ['ignore', 'ignore_ament_install']
[0.120s] Level 1:colcon.colcon_core.package_identification:_identify(map_gen/log) by extension 'ignore'
[0.120s] Level 1:colcon.colcon_core.package_identification:_identify(map_gen/log) ignored
[0.120s] Level 1:colcon.colcon_core.package_identification:_identify(map_gen/map_sensing) by extensions ['ignore', 'ignore_ament_install']
[0.120s] Level 1:colcon.colcon_core.package_identification:_identify(map_gen/map_sensing) by extension 'ignore'
[0.120s] Level 1:colcon.colcon_core.package_identification:_identify(map_gen/map_sensing) by extension 'ignore_ament_install'
[0.120s] Level 1:colcon.colcon_core.package_identification:_identify(map_gen/map_sensing) by extensions ['colcon_pkg']
[0.120s] Level 1:colcon.colcon_core.package_identification:_identify(map_gen/map_sensing) by extension 'colcon_pkg'
[0.120s] Level 1:colcon.colcon_core.package_identification:_identify(map_gen/map_sensing) by extensions ['colcon_meta']
[0.120s] Level 1:colcon.colcon_core.package_identification:_identify(map_gen/map_sensing) by extension 'colcon_meta'
[0.120s] Level 1:colcon.colcon_core.package_identification:_identify(map_gen/map_sensing) by extensions ['ros']
[0.120s] Level 1:colcon.colcon_core.package_identification:_identify(map_gen/map_sensing) by extension 'ros'
[0.120s] DEBUG:colcon.colcon_core.package_identification:Package 'map_gen/map_sensing' with type 'ros.ament_cmake' and name 'map_sensing'
[0.120s] Level 1:colcon.colcon_core.package_identification:_identify(map_gen/mockamap) by extensions ['ignore', 'ignore_ament_install']
[0.120s] Level 1:colcon.colcon_core.package_identification:_identify(map_gen/mockamap) by extension 'ignore'
[0.120s] Level 1:colcon.colcon_core.package_identification:_identify(map_gen/mockamap) by extension 'ignore_ament_install'
[0.120s] Level 1:colcon.colcon_core.package_identification:_identify(map_gen/mockamap) by extensions ['colcon_pkg']
[0.120s] Level 1:colcon.colcon_core.package_identification:_identify(map_gen/mockamap) by extension 'colcon_pkg'
[0.120s] Level 1:colcon.colcon_core.package_identification:_identify(map_gen/mockamap) by extensions ['colcon_meta']
[0.120s] Level 1:colcon.colcon_core.package_identification:_identify(map_gen/mockamap) by extension 'colcon_meta'
[0.120s] Level 1:colcon.colcon_core.package_identification:_identify(map_gen/mockamap) by extensions ['ros']
[0.120s] Level 1:colcon.colcon_core.package_identification:_identify(map_gen/mockamap) by extension 'ros'
[0.121s] DEBUG:colcon.colcon_core.package_identification:Package 'map_gen/mockamap' with type 'ros.ament_cmake' and name 'mockamap'
[0.121s] Level 1:colcon.colcon_core.package_identification:_identify(my_launch) by extensions ['ignore', 'ignore_ament_install']
[0.121s] Level 1:colcon.colcon_core.package_identification:_identify(my_launch) by extension 'ignore'
[0.121s] Level 1:colcon.colcon_core.package_identification:_identify(my_launch) by extension 'ignore_ament_install'
[0.121s] Level 1:colcon.colcon_core.package_identification:_identify(my_launch) by extensions ['colcon_pkg']
[0.121s] Level 1:colcon.colcon_core.package_identification:_identify(my_launch) by extension 'colcon_pkg'
[0.121s] Level 1:colcon.colcon_core.package_identification:_identify(my_launch) by extensions ['colcon_meta']
[0.121s] Level 1:colcon.colcon_core.package_identification:_identify(my_launch) by extension 'colcon_meta'
[0.121s] Level 1:colcon.colcon_core.package_identification:_identify(my_launch) by extensions ['ros']
[0.121s] Level 1:colcon.colcon_core.package_identification:_identify(my_launch) by extension 'ros'
[0.121s] Level 1:colcon.colcon_core.package_identification:_identify(my_launch) by extensions ['cmake', 'python']
[0.121s] Level 1:colcon.colcon_core.package_identification:_identify(my_launch) by extension 'cmake'
[0.121s] Level 1:colcon.colcon_core.package_identification:_identify(my_launch) by extension 'python'
[0.121s] Level 1:colcon.colcon_core.package_identification:_identify(my_launch) by extensions ['python_setup_py']
[0.121s] Level 1:colcon.colcon_core.package_identification:_identify(my_launch) by extension 'python_setup_py'
[0.121s] Level 1:colcon.colcon_core.package_identification:_identify(my_launch/launch) by extensions ['ignore', 'ignore_ament_install']
[0.121s] Level 1:colcon.colcon_core.package_identification:_identify(my_launch/launch) by extension 'ignore'
[0.121s] Level 1:colcon.colcon_core.package_identification:_identify(my_launch/launch) by extension 'ignore_ament_install'
[0.121s] Level 1:colcon.colcon_core.package_identification:_identify(my_launch/launch) by extensions ['colcon_pkg']
[0.121s] Level 1:colcon.colcon_core.package_identification:_identify(my_launch/launch) by extension 'colcon_pkg'
[0.121s] Level 1:colcon.colcon_core.package_identification:_identify(my_launch/launch) by extensions ['colcon_meta']
[0.121s] Level 1:colcon.colcon_core.package_identification:_identify(my_launch/launch) by extension 'colcon_meta'
[0.121s] Level 1:colcon.colcon_core.package_identification:_identify(my_launch/launch) by extensions ['ros']
[0.121s] Level 1:colcon.colcon_core.package_identification:_identify(my_launch/launch) by extension 'ros'
[0.121s] Level 1:colcon.colcon_core.package_identification:_identify(my_launch/launch) by extensions ['cmake', 'python']
[0.121s] Level 1:colcon.colcon_core.package_identification:_identify(my_launch/launch) by extension 'cmake'
[0.121s] Level 1:colcon.colcon_core.package_identification:_identify(my_launch/launch) by extension 'python'
[0.121s] Level 1:colcon.colcon_core.package_identification:_identify(my_launch/launch) by extensions ['python_setup_py']
[0.121s] Level 1:colcon.colcon_core.package_identification:_identify(my_launch/launch) by extension 'python_setup_py'
[0.121s] Level 1:colcon.colcon_core.package_identification:_identify(my_launch/launch/__pycache__) by extensions ['ignore', 'ignore_ament_install']
[0.121s] Level 1:colcon.colcon_core.package_identification:_identify(my_launch/launch/__pycache__) by extension 'ignore'
[0.121s] Level 1:colcon.colcon_core.package_identification:_identify(my_launch/launch/__pycache__) by extension 'ignore_ament_install'
[0.121s] Level 1:colcon.colcon_core.package_identification:_identify(my_launch/launch/__pycache__) by extensions ['colcon_pkg']
[0.121s] Level 1:colcon.colcon_core.package_identification:_identify(my_launch/launch/__pycache__) by extension 'colcon_pkg'
[0.121s] Level 1:colcon.colcon_core.package_identification:_identify(my_launch/launch/__pycache__) by extensions ['colcon_meta']
[0.121s] Level 1:colcon.colcon_core.package_identification:_identify(my_launch/launch/__pycache__) by extension 'colcon_meta'
[0.121s] Level 1:colcon.colcon_core.package_identification:_identify(my_launch/launch/__pycache__) by extensions ['ros']
[0.121s] Level 1:colcon.colcon_core.package_identification:_identify(my_launch/launch/__pycache__) by extension 'ros'
[0.121s] Level 1:colcon.colcon_core.package_identification:_identify(my_launch/launch/__pycache__) by extensions ['cmake', 'python']
[0.121s] Level 1:colcon.colcon_core.package_identification:_identify(my_launch/launch/__pycache__) by extension 'cmake'
[0.121s] Level 1:colcon.colcon_core.package_identification:_identify(my_launch/launch/__pycache__) by extension 'python'
[0.121s] Level 1:colcon.colcon_core.package_identification:_identify(my_launch/launch/__pycache__) by extensions ['python_setup_py']
[0.121s] Level 1:colcon.colcon_core.package_identification:_identify(my_launch/launch/__pycache__) by extension 'python_setup_py'
[0.122s] Level 1:colcon.colcon_core.package_identification:_identify(storage) by extensions ['ignore', 'ignore_ament_install']
[0.122s] Level 1:colcon.colcon_core.package_identification:_identify(storage) by extension 'ignore'
[0.122s] Level 1:colcon.colcon_core.package_identification:_identify(storage) by extension 'ignore_ament_install'
[0.122s] Level 1:colcon.colcon_core.package_identification:_identify(storage) by extensions ['colcon_pkg']
[0.122s] Level 1:colcon.colcon_core.package_identification:_identify(storage) by extension 'colcon_pkg'
[0.122s] Level 1:colcon.colcon_core.package_identification:_identify(storage) by extensions ['colcon_meta']
[0.122s] Level 1:colcon.colcon_core.package_identification:_identify(storage) by extension 'colcon_meta'
[0.122s] Level 1:colcon.colcon_core.package_identification:_identify(storage) by extensions ['ros']
[0.122s] Level 1:colcon.colcon_core.package_identification:_identify(storage) by extension 'ros'
[0.122s] Level 1:colcon.colcon_core.package_identification:_identify(storage) by extensions ['cmake', 'python']
[0.122s] Level 1:colcon.colcon_core.package_identification:_identify(storage) by extension 'cmake'
[0.122s] Level 1:colcon.colcon_core.package_identification:_identify(storage) by extension 'python'
[0.122s] Level 1:colcon.colcon_core.package_identification:_identify(storage) by extensions ['python_setup_py']
[0.122s] Level 1:colcon.colcon_core.package_identification:_identify(storage) by extension 'python_setup_py'
[0.122s] Level 1:colcon.colcon_core.package_identification:_identify(storage/build) by extensions ['ignore', 'ignore_ament_install']
[0.122s] Level 1:colcon.colcon_core.package_identification:_identify(storage/build) by extension 'ignore'
[0.122s] Level 1:colcon.colcon_core.package_identification:_identify(storage/build) ignored
[0.122s] Level 1:colcon.colcon_core.package_identification:_identify(storage/gcopter_s) by extensions ['ignore', 'ignore_ament_install']
[0.122s] Level 1:colcon.colcon_core.package_identification:_identify(storage/gcopter_s) by extension 'ignore'
[0.122s] Level 1:colcon.colcon_core.package_identification:_identify(storage/gcopter_s) by extension 'ignore_ament_install'
[0.122s] Level 1:colcon.colcon_core.package_identification:_identify(storage/gcopter_s) by extensions ['colcon_pkg']
[0.122s] Level 1:colcon.colcon_core.package_identification:_identify(storage/gcopter_s) by extension 'colcon_pkg'
[0.122s] Level 1:colcon.colcon_core.package_identification:_identify(storage/gcopter_s) by extensions ['colcon_meta']
[0.122s] Level 1:colcon.colcon_core.package_identification:_identify(storage/gcopter_s) by extension 'colcon_meta'
[0.122s] Level 1:colcon.colcon_core.package_identification:_identify(storage/gcopter_s) by extensions ['ros']
[0.122s] Level 1:colcon.colcon_core.package_identification:_identify(storage/gcopter_s) by extension 'ros'
[0.122s] Level 1:colcon.colcon_core.package_identification:_identify(storage/gcopter_s) by extensions ['cmake', 'python']
[0.122s] Level 1:colcon.colcon_core.package_identification:_identify(storage/gcopter_s) by extension 'cmake'
[0.122s] Level 1:colcon.colcon_core.package_identification:_identify(storage/gcopter_s) by extension 'python'
[0.122s] Level 1:colcon.colcon_core.package_identification:_identify(storage/gcopter_s) by extensions ['python_setup_py']
[0.122s] Level 1:colcon.colcon_core.package_identification:_identify(storage/gcopter_s) by extension 'python_setup_py'
[0.122s] Level 1:colcon.colcon_core.package_identification:_identify(storage/gcopter_s/config) by extensions ['ignore', 'ignore_ament_install']
[0.122s] Level 1:colcon.colcon_core.package_identification:_identify(storage/gcopter_s/config) by extension 'ignore'
[0.122s] Level 1:colcon.colcon_core.package_identification:_identify(storage/gcopter_s/config) by extension 'ignore_ament_install'
[0.122s] Level 1:colcon.colcon_core.package_identification:_identify(storage/gcopter_s/config) by extensions ['colcon_pkg']
[0.122s] Level 1:colcon.colcon_core.package_identification:_identify(storage/gcopter_s/config) by extension 'colcon_pkg'
[0.122s] Level 1:colcon.colcon_core.package_identification:_identify(storage/gcopter_s/config) by extensions ['colcon_meta']
[0.122s] Level 1:colcon.colcon_core.package_identification:_identify(storage/gcopter_s/config) by extension 'colcon_meta'
[0.122s] Level 1:colcon.colcon_core.package_identification:_identify(storage/gcopter_s/config) by extensions ['ros']
[0.122s] Level 1:colcon.colcon_core.package_identification:_identify(storage/gcopter_s/config) by extension 'ros'
[0.122s] Level 1:colcon.colcon_core.package_identification:_identify(storage/gcopter_s/config) by extensions ['cmake', 'python']
[0.122s] Level 1:colcon.colcon_core.package_identification:_identify(storage/gcopter_s/config) by extension 'cmake'
[0.122s] Level 1:colcon.colcon_core.package_identification:_identify(storage/gcopter_s/config) by extension 'python'
[0.122s] Level 1:colcon.colcon_core.package_identification:_identify(storage/gcopter_s/config) by extensions ['python_setup_py']
[0.122s] Level 1:colcon.colcon_core.package_identification:_identify(storage/gcopter_s/config) by extension 'python_setup_py'
[0.122s] Level 1:colcon.colcon_core.package_identification:_identify(storage/gcopter_s/launch) by extensions ['ignore', 'ignore_ament_install']
[0.122s] Level 1:colcon.colcon_core.package_identification:_identify(storage/gcopter_s/launch) by extension 'ignore'
[0.122s] Level 1:colcon.colcon_core.package_identification:_identify(storage/gcopter_s/launch) by extension 'ignore_ament_install'
[0.122s] Level 1:colcon.colcon_core.package_identification:_identify(storage/gcopter_s/launch) by extensions ['colcon_pkg']
[0.122s] Level 1:colcon.colcon_core.package_identification:_identify(storage/gcopter_s/launch) by extension 'colcon_pkg'
[0.122s] Level 1:colcon.colcon_core.package_identification:_identify(storage/gcopter_s/launch) by extensions ['colcon_meta']
[0.122s] Level 1:colcon.colcon_core.package_identification:_identify(storage/gcopter_s/launch) by extension 'colcon_meta'
[0.122s] Level 1:colcon.colcon_core.package_identification:_identify(storage/gcopter_s/launch) by extensions ['ros']
[0.122s] Level 1:colcon.colcon_core.package_identification:_identify(storage/gcopter_s/launch) by extension 'ros'
[0.122s] Level 1:colcon.colcon_core.package_identification:_identify(storage/gcopter_s/launch) by extensions ['cmake', 'python']
[0.122s] Level 1:colcon.colcon_core.package_identification:_identify(storage/gcopter_s/launch) by extension 'cmake'
[0.122s] Level 1:colcon.colcon_core.package_identification:_identify(storage/gcopter_s/launch) by extension 'python'
[0.122s] Level 1:colcon.colcon_core.package_identification:_identify(storage/gcopter_s/launch) by extensions ['python_setup_py']
[0.122s] Level 1:colcon.colcon_core.package_identification:_identify(storage/gcopter_s/launch) by extension 'python_setup_py'
[0.122s] Level 1:colcon.colcon_core.package_identification:_identify(storage/install) by extensions ['ignore', 'ignore_ament_install']
[0.123s] Level 1:colcon.colcon_core.package_identification:_identify(storage/install) by extension 'ignore'
[0.123s] Level 1:colcon.colcon_core.package_identification:_identify(storage/install) ignored
[0.123s] Level 1:colcon.colcon_core.package_identification:_identify(storage/log) by extensions ['ignore', 'ignore_ament_install']
[0.123s] Level 1:colcon.colcon_core.package_identification:_identify(storage/log) by extension 'ignore'
[0.123s] Level 1:colcon.colcon_core.package_identification:_identify(storage/log) ignored
[0.123s] Level 1:colcon.colcon_core.package_identification:_identify(storage/map_gen_s) by extensions ['ignore', 'ignore_ament_install']
[0.123s] Level 1:colcon.colcon_core.package_identification:_identify(storage/map_gen_s) by extension 'ignore'
[0.123s] Level 1:colcon.colcon_core.package_identification:_identify(storage/map_gen_s) by extension 'ignore_ament_install'
[0.123s] Level 1:colcon.colcon_core.package_identification:_identify(storage/map_gen_s) by extensions ['colcon_pkg']
[0.123s] Level 1:colcon.colcon_core.package_identification:_identify(storage/map_gen_s) by extension 'colcon_pkg'
[0.123s] Level 1:colcon.colcon_core.package_identification:_identify(storage/map_gen_s) by extensions ['colcon_meta']
[0.123s] Level 1:colcon.colcon_core.package_identification:_identify(storage/map_gen_s) by extension 'colcon_meta'
[0.123s] Level 1:colcon.colcon_core.package_identification:_identify(storage/map_gen_s) by extensions ['ros']
[0.123s] Level 1:colcon.colcon_core.package_identification:_identify(storage/map_gen_s) by extension 'ros'
[0.123s] DEBUG:colcon.colcon_core.package_identification:Package 'storage/map_gen_s' with type 'ros.catkin' and name 'mockamap'
[0.123s] Level 1:colcon.colcon_core.package_identification:_identify(storage/test) by extensions ['ignore', 'ignore_ament_install']
[0.123s] Level 1:colcon.colcon_core.package_identification:_identify(storage/test) by extension 'ignore'
[0.123s] Level 1:colcon.colcon_core.package_identification:_identify(storage/test) by extension 'ignore_ament_install'
[0.123s] Level 1:colcon.colcon_core.package_identification:_identify(storage/test) by extensions ['colcon_pkg']
[0.123s] Level 1:colcon.colcon_core.package_identification:_identify(storage/test) by extension 'colcon_pkg'
[0.123s] Level 1:colcon.colcon_core.package_identification:_identify(storage/test) by extensions ['colcon_meta']
[0.123s] Level 1:colcon.colcon_core.package_identification:_identify(storage/test) by extension 'colcon_meta'
[0.123s] Level 1:colcon.colcon_core.package_identification:_identify(storage/test) by extensions ['ros']
[0.123s] Level 1:colcon.colcon_core.package_identification:_identify(storage/test) by extension 'ros'
[0.124s] DEBUG:colcon.colcon_core.package_identification:Package 'storage/test' with type 'ros.ament_cmake' and name 'test'
[0.124s] Level 1:colcon.colcon_core.package_identification:_identify(template) by extensions ['ignore', 'ignore_ament_install']
[0.124s] Level 1:colcon.colcon_core.package_identification:_identify(template) by extension 'ignore'
[0.124s] Level 1:colcon.colcon_core.package_identification:_identify(template) by extension 'ignore_ament_install'
[0.124s] Level 1:colcon.colcon_core.package_identification:_identify(template) by extensions ['colcon_pkg']
[0.124s] Level 1:colcon.colcon_core.package_identification:_identify(template) by extension 'colcon_pkg'
[0.124s] Level 1:colcon.colcon_core.package_identification:_identify(template) by extensions ['colcon_meta']
[0.124s] Level 1:colcon.colcon_core.package_identification:_identify(template) by extension 'colcon_meta'
[0.124s] Level 1:colcon.colcon_core.package_identification:_identify(template) by extensions ['ros']
[0.124s] Level 1:colcon.colcon_core.package_identification:_identify(template) by extension 'ros'
[0.124s] Level 1:colcon.colcon_core.package_identification:_identify(template) by extensions ['cmake', 'python']
[0.124s] Level 1:colcon.colcon_core.package_identification:_identify(template) by extension 'cmake'
[0.124s] Level 1:colcon.colcon_core.package_identification:_identify(template) by extension 'python'
[0.124s] Level 1:colcon.colcon_core.package_identification:_identify(template) by extensions ['python_setup_py']
[0.124s] Level 1:colcon.colcon_core.package_identification:_identify(template) by extension 'python_setup_py'
[0.124s] Level 1:colcon.colcon_core.package_discovery:discover_packages(recursive) using defaults
[0.124s] Level 1:colcon.colcon_core.package_discovery:discover_packages(ignore) discover
[0.124s] Level 1:colcon.colcon_core.package_discovery:discover_packages(ignore) using defaults
[0.124s] Level 1:colcon.colcon_core.package_discovery:discover_packages(path) discover
[0.124s] Level 1:colcon.colcon_core.package_discovery:discover_packages(path) using defaults
[0.137s] INFO:colcon.colcon_core.package_selection:Skipping not selected package 'map_sensing' in 'map_gen/map_sensing'
[0.137s] INFO:colcon.colcon_core.package_selection:Skipping not selected package 'mockamap' in 'map_gen/mockamap'
[0.137s] INFO:colcon.colcon_core.package_selection:Skipping not selected package 'mockamap' in 'storage/map_gen_s'
[0.137s] INFO:colcon.colcon_core.package_selection:Skipping not selected package 'test' in 'storage/test'
[0.137s] Level 1:colcon.colcon_core.package_discovery:discover_packages(prefix_path) check parameters
[0.137s] Level 1:colcon.colcon_core.package_discovery:discover_packages(prefix_path) discover
[0.138s] DEBUG:colcon.colcon_installed_package_information.package_discovery:Found 289 installed packages in /opt/ros/humble
[0.139s] Level 1:colcon.colcon_core.package_discovery:discover_packages(prefix_path) using defaults
[0.154s] Level 5:colcon.colcon_core.verb:set package 'gcopter' build argument 'cmake_args' from command line to 'None'
[0.154s] Level 5:colcon.colcon_core.verb:set package 'gcopter' build argument 'cmake_target' from command line to 'None'
[0.154s] Level 5:colcon.colcon_core.verb:set package 'gcopter' build argument 'cmake_target_skip_unavailable' from command line to 'False'
[0.154s] Level 5:colcon.colcon_core.verb:set package 'gcopter' build argument 'cmake_clean_cache' from command line to 'False'
[0.154s] Level 5:colcon.colcon_core.verb:set package 'gcopter' build argument 'cmake_clean_first' from command line to 'False'
[0.154s] Level 5:colcon.colcon_core.verb:set package 'gcopter' build argument 'cmake_force_configure' from command line to 'False'
[0.154s] Level 5:colcon.colcon_core.verb:set package 'gcopter' build argument 'ament_cmake_args' from command line to 'None'
[0.154s] Level 5:colcon.colcon_core.verb:set package 'gcopter' build argument 'catkin_cmake_args' from command line to 'None'
[0.154s] Level 5:colcon.colcon_core.verb:set package 'gcopter' build argument 'catkin_skip_building_tests' from command line to 'False'
[0.154s] DEBUG:colcon.colcon_core.verb:Building package 'gcopter' with the following arguments: {'ament_cmake_args': None, 'build_base': '/home/kiki/Workspace/drone_monitor/build/gcopter', 'catkin_cmake_args': None, 'catkin_skip_building_tests': False, 'cmake_args': None, 'cmake_clean_cache': False, 'cmake_clean_first': False, 'cmake_force_configure': False, 'cmake_target': None, 'cmake_target_skip_unavailable': False, 'install_base': '/home/kiki/Workspace/drone_monitor/install/gcopter', 'merge_install': False, 'path': '/home/kiki/Workspace/drone_monitor/gcopter', 'symlink_install': False, 'test_result_base': None}
[0.155s] INFO:colcon.colcon_core.executor:Executing jobs using 'parallel' executor
[0.155s] DEBUG:colcon.colcon_parallel_executor.executor.parallel:run_until_complete
[0.155s] INFO:colcon.colcon_ros.task.ament_cmake.build:Building ROS package in '/home/kiki/Workspace/drone_monitor/gcopter' with build type 'ament_cmake'
[0.155s] INFO:colcon.colcon_cmake.task.cmake.build:Building CMake package in '/home/kiki/Workspace/drone_monitor/gcopter'
[0.156s] INFO:colcon.colcon_core.plugin_system:Skipping extension 'colcon_core.shell.bat': Not used on non-Windows systems
[0.156s] INFO:colcon.colcon_core.shell:Skip shell extension 'powershell' for command environment: Not usable outside of PowerShell
[0.156s] DEBUG:colcon.colcon_core.shell:Skip shell extension 'dsv' for command environment
[0.160s] DEBUG:colcon.colcon_core.event_handler.log_command:Invoking command in '/home/kiki/Workspace/drone_monitor/build/gcopter': CMAKE_PREFIX_PATH=/opt/ros/humble /usr/bin/cmake /home/kiki/Workspace/drone_monitor/gcopter -DCMAKE_INSTALL_PREFIX=/home/kiki/Workspace/drone_monitor/install/gcopter
[0.836s] DEBUG:colcon.colcon_core.event_handler.log_command:Invoked command in '/home/kiki/Workspace/drone_monitor/build/gcopter' returned '0': CMAKE_PREFIX_PATH=/opt/ros/humble /usr/bin/cmake /home/kiki/Workspace/drone_monitor/gcopter -DCMAKE_INSTALL_PREFIX=/home/kiki/Workspace/drone_monitor/install/gcopter
[0.837s] DEBUG:colcon.colcon_core.event_handler.log_command:Invoking command in '/home/kiki/Workspace/drone_monitor/build/gcopter': CMAKE_PREFIX_PATH=/opt/ros/humble /usr/bin/cmake --build /home/kiki/Workspace/drone_monitor/build/gcopter -- -j32 -l32
[12.783s] DEBUG:colcon.colcon_core.event_handler.log_command:Invoked command in '/home/kiki/Workspace/drone_monitor/build/gcopter' returned '2': CMAKE_PREFIX_PATH=/opt/ros/humble /usr/bin/cmake --build /home/kiki/Workspace/drone_monitor/build/gcopter -- -j32 -l32
[12.792s] Level 1:colcon.colcon_core.environment:create_environment_scripts_only(gcopter)
[12.793s] Level 1:colcon.colcon_core.environment:checking '/home/kiki/Workspace/drone_monitor/install/gcopter' for CMake module files
[12.793s] Level 1:colcon.colcon_core.environment:checking '/home/kiki/Workspace/drone_monitor/install/gcopter' for CMake config files
[12.794s] Level 1:colcon.colcon_core.environment:checking '/home/kiki/Workspace/drone_monitor/install/gcopter/bin'
[12.794s] Level 1:colcon.colcon_core.environment:checking '/home/kiki/Workspace/drone_monitor/install/gcopter/lib/pkgconfig/gcopter.pc'
[12.794s] Level 1:colcon.colcon_core.environment:checking '/home/kiki/Workspace/drone_monitor/install/gcopter/lib/python3.10/site-packages'
[12.794s] Level 1:colcon.colcon_core.environment:checking '/home/kiki/Workspace/drone_monitor/install/gcopter/bin'
[12.794s] INFO:colcon.colcon_core.shell:Creating package script '/home/kiki/Workspace/drone_monitor/install/gcopter/share/gcopter/package.ps1'
[12.794s] INFO:colcon.colcon_core.shell:Creating package descriptor '/home/kiki/Workspace/drone_monitor/install/gcopter/share/gcopter/package.dsv'
[12.795s] INFO:colcon.colcon_core.shell:Creating package script '/home/kiki/Workspace/drone_monitor/install/gcopter/share/gcopter/package.sh'
[12.795s] INFO:colcon.colcon_core.shell:Creating package script '/home/kiki/Workspace/drone_monitor/install/gcopter/share/gcopter/package.bash'
[12.795s] INFO:colcon.colcon_core.shell:Creating package script '/home/kiki/Workspace/drone_monitor/install/gcopter/share/gcopter/package.zsh'
[12.795s] Level 1:colcon.colcon_core.environment:create_file_with_runtime_dependencies(/home/kiki/Workspace/drone_monitor/install/gcopter/share/colcon-core/packages/gcopter)
[12.805s] DEBUG:colcon.colcon_parallel_executor.executor.parallel:closing loop
[12.805s] DEBUG:colcon.colcon_parallel_executor.executor.parallel:loop closed
[12.805s] DEBUG:colcon.colcon_parallel_executor.executor.parallel:run_until_complete finished with '2'
[12.806s] DEBUG:colcon.colcon_core.event_reactor:joining thread
[12.808s] INFO:colcon.colcon_core.plugin_system:Skipping extension 'colcon_notification.desktop_notification.terminal_notifier': Not used on non-Darwin systems
[12.808s] INFO:colcon.colcon_core.plugin_system:Skipping extension 'colcon_notification.desktop_notification.win32': Not used on non-Windows systems
[12.808s] INFO:colcon.colcon_notification.desktop_notification:Sending desktop notification using 'notify2'
[12.812s] DEBUG:colcon.colcon_core.event_reactor:joined thread
[12.813s] INFO:colcon.colcon_core.shell:Creating prefix script '/home/kiki/Workspace/drone_monitor/install/local_setup.ps1'
[12.813s] INFO:colcon.colcon_core.shell:Creating prefix util module '/home/kiki/Workspace/drone_monitor/install/_local_setup_util_ps1.py'
[12.814s] INFO:colcon.colcon_core.shell:Creating prefix chain script '/home/kiki/Workspace/drone_monitor/install/setup.ps1'
[12.814s] INFO:colcon.colcon_core.shell:Creating prefix script '/home/kiki/Workspace/drone_monitor/install/local_setup.sh'
[12.814s] INFO:colcon.colcon_core.shell:Creating prefix util module '/home/kiki/Workspace/drone_monitor/install/_local_setup_util_sh.py'
[12.815s] INFO:colcon.colcon_core.shell:Creating prefix chain script '/home/kiki/Workspace/drone_monitor/install/setup.sh'
[12.815s] INFO:colcon.colcon_core.shell:Creating prefix script '/home/kiki/Workspace/drone_monitor/install/local_setup.bash'
[12.815s] INFO:colcon.colcon_core.shell:Creating prefix chain script '/home/kiki/Workspace/drone_monitor/install/setup.bash'
[12.815s] INFO:colcon.colcon_core.shell:Creating prefix script '/home/kiki/Workspace/drone_monitor/install/local_setup.zsh'
[12.816s] INFO:colcon.colcon_core.shell:Creating prefix chain script '/home/kiki/Workspace/drone_monitor/install/setup.zsh'
