[35m[1mConsolidate compiler generated dependencies of target mockamap_node[0m
[ 33%] [32mBuilding CXX object CMakeFiles/mockamap_node.dir/src/mockamap.cpp.o[0m
[01m[K/home/kiki/Workspace/drone_monitor/map_gen/mockamap/src/mockamap.cpp:[m[K In member function ‘[01m[Kvoid mocka::Maps::recursiveDivision(int, int, int, int, Eigen::MatrixXi&)[m[K’:
[01m[K/home/kiki/Workspace/drone_monitor/map_gen/mockamap/src/mockamap.cpp:685:12:[m[K [01;35m[Kwarning: [m[Kunused variable ‘[01m[Kvalid[m[K’ [[01;35m[K]8;;https://gcc.gnu.org/onlinedocs/gcc/Warning-Options.html#index-Wunused-variable-Wunused-variable]8;;[m[K]
  685 |       bool [01;35m[Kvalid[m[K     = false; // used to judge whether the wall selection is valid
      |            [01;35m[K^~~~~[m[K
[ 66%] [32m[1mLinking CXX executable mockamap_node[0m
[100%] Built target mockamap_node
-- Install configuration: ""
-- Installing: /home/kiki/Workspace/drone_monitor/install/mockamap/lib/mockamap/mockamap_node
-- Set runtime path of "/home/kiki/Workspace/drone_monitor/install/mockamap/lib/mockamap/mockamap_node" to ""
-- Up-to-date: /home/kiki/Workspace/drone_monitor/install/mockamap/share/mockamap/launch
-- Up-to-date: /home/kiki/Workspace/drone_monitor/install/mockamap/share/mockamap/launch/mockamap.launch
-- Up-to-date: /home/kiki/Workspace/drone_monitor/install/mockamap/share/ament_index/resource_index/package_run_dependencies/mockamap
-- Up-to-date: /home/kiki/Workspace/drone_monitor/install/mockamap/share/ament_index/resource_index/parent_prefix_path/mockamap
-- Up-to-date: /home/kiki/Workspace/drone_monitor/install/mockamap/share/mockamap/environment/ament_prefix_path.sh
-- Up-to-date: /home/kiki/Workspace/drone_monitor/install/mockamap/share/mockamap/environment/ament_prefix_path.dsv
-- Up-to-date: /home/kiki/Workspace/drone_monitor/install/mockamap/share/mockamap/environment/path.sh
-- Up-to-date: /home/kiki/Workspace/drone_monitor/install/mockamap/share/mockamap/environment/path.dsv
-- Up-to-date: /home/kiki/Workspace/drone_monitor/install/mockamap/share/mockamap/local_setup.bash
-- Up-to-date: /home/kiki/Workspace/drone_monitor/install/mockamap/share/mockamap/local_setup.sh
-- Up-to-date: /home/kiki/Workspace/drone_monitor/install/mockamap/share/mockamap/local_setup.zsh
-- Up-to-date: /home/kiki/Workspace/drone_monitor/install/mockamap/share/mockamap/local_setup.dsv
-- Installing: /home/kiki/Workspace/drone_monitor/install/mockamap/share/mockamap/package.dsv
-- Up-to-date: /home/kiki/Workspace/drone_monitor/install/mockamap/share/ament_index/resource_index/packages/mockamap
-- Up-to-date: /home/kiki/Workspace/drone_monitor/install/mockamap/share/mockamap/cmake/mockamapConfig.cmake
-- Up-to-date: /home/kiki/Workspace/drone_monitor/install/mockamap/share/mockamap/cmake/mockamapConfig-version.cmake
-- Up-to-date: /home/kiki/Workspace/drone_monitor/install/mockamap/share/mockamap/package.xml
