[0.044s] DEBUG:colcon:Command line arguments: ['/usr/bin/colcon', 'build']
[0.044s] DEBUG:colcon:Parsed command line arguments: Namespace(log_base=None, log_level=None, verb_name='build', build_base='build', install_base='install', merge_install=False, symlink_install=False, test_result_base=None, continue_on_error=False, executor='parallel', parallel_workers=32, event_handlers=None, ignore_user_meta=False, metas=['./colcon.meta'], base_paths=['.'], packages_ignore=None, packages_ignore_regex=None, paths=None, packages_up_to=None, packages_up_to_regex=None, packages_above=None, packages_above_and_dependencies=None, packages_above_depth=None, packages_select_by_dep=None, packages_skip_by_dep=None, packages_skip_up_to=None, packages_select_build_failed=False, packages_skip_build_finished=False, packages_select_test_failures=False, packages_skip_test_passed=False, packages_select=None, packages_skip=None, packages_select_regex=None, packages_skip_regex=None, packages_start=None, packages_end=None, allow_overriding=[], cmake_args=None, cmake_target=None, cmake_target_skip_unavailable=False, cmake_clean_cache=False, cmake_clean_first=False, cmake_force_configure=False, ament_cmake_args=None, catkin_cmake_args=None, catkin_skip_building_tests=False, mixin_files=None, mixin=None, verb_parser=<colcon_mixin.mixin.mixin_argument.MixinArgumentDecorator object at 0x785ae8545f60>, verb_extension=<colcon_core.verb.build.BuildVerb object at 0x785ae8646470>, main=<bound method BuildVerb.main of <colcon_core.verb.build.BuildVerb object at 0x785ae8646470>>, mixin_verb=('build',))
[0.109s] Level 1:colcon.colcon_core.package_discovery:discover_packages(colcon_meta) check parameters
[0.109s] Level 1:colcon.colcon_core.package_discovery:discover_packages(recursive) check parameters
[0.109s] Level 1:colcon.colcon_core.package_discovery:discover_packages(ignore) check parameters
[0.109s] Level 1:colcon.colcon_core.package_discovery:discover_packages(path) check parameters
[0.109s] Level 1:colcon.colcon_core.package_discovery:discover_packages(colcon_meta) discover
[0.109s] Level 1:colcon.colcon_core.package_discovery:discover_packages(recursive) discover
[0.109s] INFO:colcon.colcon_core.package_discovery:Crawling recursively for packages in '/home/kiki/Workspace/drone_monitor/map_gen/mockamap'
[0.109s] Level 1:colcon.colcon_core.package_identification:_identify(.) by extensions ['ignore', 'ignore_ament_install']
[0.109s] Level 1:colcon.colcon_core.package_identification:_identify(.) by extension 'ignore'
[0.109s] Level 1:colcon.colcon_core.package_identification:_identify(.) by extension 'ignore_ament_install'
[0.109s] Level 1:colcon.colcon_core.package_identification:_identify(.) by extensions ['colcon_pkg']
[0.109s] Level 1:colcon.colcon_core.package_identification:_identify(.) by extension 'colcon_pkg'
[0.110s] Level 1:colcon.colcon_core.package_identification:_identify(.) by extensions ['colcon_meta']
[0.110s] Level 1:colcon.colcon_core.package_identification:_identify(.) by extension 'colcon_meta'
[0.110s] Level 1:colcon.colcon_core.package_identification:_identify(.) by extensions ['ros']
[0.110s] Level 1:colcon.colcon_core.package_identification:_identify(.) by extension 'ros'
[0.116s] DEBUG:colcon.colcon_core.package_identification:Package '.' with type 'ros.ament_cmake' and name 'mockamap'
[0.116s] Level 1:colcon.colcon_core.package_discovery:discover_packages(recursive) using defaults
[0.116s] Level 1:colcon.colcon_core.package_discovery:discover_packages(ignore) discover
[0.116s] Level 1:colcon.colcon_core.package_discovery:discover_packages(ignore) using defaults
[0.116s] Level 1:colcon.colcon_core.package_discovery:discover_packages(path) discover
[0.116s] Level 1:colcon.colcon_core.package_discovery:discover_packages(path) using defaults
[0.125s] Level 1:colcon.colcon_core.package_discovery:discover_packages(prefix_path) check parameters
[0.125s] Level 1:colcon.colcon_core.package_discovery:discover_packages(prefix_path) discover
[0.131s] DEBUG:colcon.colcon_installed_package_information.package_discovery:Found 1 installed packages in /home/kiki/Workspace/drone_monitor/map_gen/mockamap/install
[0.131s] DEBUG:colcon.colcon_installed_package_information.package_discovery:Found 1 installed packages in /home/kiki/Workspace/drone_monitor/gcopter/install
[0.131s] DEBUG:colcon.colcon_installed_package_information.package_discovery:Found 271 installed packages in /opt/ros/humble
[0.132s] Level 1:colcon.colcon_core.package_discovery:discover_packages(prefix_path) using defaults
[0.146s] Level 5:colcon.colcon_core.verb:set package 'mockamap' build argument 'cmake_args' from command line to 'None'
[0.146s] Level 5:colcon.colcon_core.verb:set package 'mockamap' build argument 'cmake_target' from command line to 'None'
[0.146s] Level 5:colcon.colcon_core.verb:set package 'mockamap' build argument 'cmake_target_skip_unavailable' from command line to 'False'
[0.146s] Level 5:colcon.colcon_core.verb:set package 'mockamap' build argument 'cmake_clean_cache' from command line to 'False'
[0.146s] Level 5:colcon.colcon_core.verb:set package 'mockamap' build argument 'cmake_clean_first' from command line to 'False'
[0.146s] Level 5:colcon.colcon_core.verb:set package 'mockamap' build argument 'cmake_force_configure' from command line to 'False'
[0.146s] Level 5:colcon.colcon_core.verb:set package 'mockamap' build argument 'ament_cmake_args' from command line to 'None'
[0.146s] Level 5:colcon.colcon_core.verb:set package 'mockamap' build argument 'catkin_cmake_args' from command line to 'None'
[0.146s] Level 5:colcon.colcon_core.verb:set package 'mockamap' build argument 'catkin_skip_building_tests' from command line to 'False'
[0.146s] DEBUG:colcon.colcon_core.verb:Building package 'mockamap' with the following arguments: {'ament_cmake_args': None, 'build_base': '/home/kiki/Workspace/drone_monitor/map_gen/mockamap/build/mockamap', 'catkin_cmake_args': None, 'catkin_skip_building_tests': False, 'cmake_args': None, 'cmake_clean_cache': False, 'cmake_clean_first': False, 'cmake_force_configure': False, 'cmake_target': None, 'cmake_target_skip_unavailable': False, 'install_base': '/home/kiki/Workspace/drone_monitor/map_gen/mockamap/install/mockamap', 'merge_install': False, 'path': '/home/kiki/Workspace/drone_monitor/map_gen/mockamap', 'symlink_install': False, 'test_result_base': None}
[0.146s] INFO:colcon.colcon_core.executor:Executing jobs using 'parallel' executor
[0.147s] DEBUG:colcon.colcon_parallel_executor.executor.parallel:run_until_complete
[0.147s] INFO:colcon.colcon_ros.task.ament_cmake.build:Building ROS package in '/home/kiki/Workspace/drone_monitor/map_gen/mockamap' with build type 'ament_cmake'
[0.147s] INFO:colcon.colcon_cmake.task.cmake.build:Building CMake package in '/home/kiki/Workspace/drone_monitor/map_gen/mockamap'
[0.148s] INFO:colcon.colcon_core.plugin_system:Skipping extension 'colcon_core.shell.bat': Not used on non-Windows systems
[0.148s] INFO:colcon.colcon_core.shell:Skip shell extension 'powershell' for command environment: Not usable outside of PowerShell
[0.148s] DEBUG:colcon.colcon_core.shell:Skip shell extension 'dsv' for command environment
[0.152s] DEBUG:colcon.colcon_core.event_handler.log_command:Invoking command in '/home/kiki/Workspace/drone_monitor/map_gen/mockamap/build/mockamap': CMAKE_PREFIX_PATH=${CMAKE_PREFIX_PATH}:/opt/ros/humble /usr/bin/cmake --build /home/kiki/Workspace/drone_monitor/map_gen/mockamap/build/mockamap -- -j32 -l32
[3.053s] DEBUG:colcon.colcon_core.event_handler.log_command:Invoked command in '/home/kiki/Workspace/drone_monitor/map_gen/mockamap/build/mockamap' returned '0': CMAKE_PREFIX_PATH=${CMAKE_PREFIX_PATH}:/opt/ros/humble /usr/bin/cmake --build /home/kiki/Workspace/drone_monitor/map_gen/mockamap/build/mockamap -- -j32 -l32
[3.071s] DEBUG:colcon.colcon_core.event_handler.log_command:Invoking command in '/home/kiki/Workspace/drone_monitor/map_gen/mockamap/build/mockamap': CMAKE_PREFIX_PATH=${CMAKE_PREFIX_PATH}:/opt/ros/humble /usr/bin/cmake --install /home/kiki/Workspace/drone_monitor/map_gen/mockamap/build/mockamap
[3.076s] Level 1:colcon.colcon_core.environment:create_environment_scripts_only(mockamap)
[3.077s] DEBUG:colcon.colcon_core.event_handler.log_command:Invoked command in '/home/kiki/Workspace/drone_monitor/map_gen/mockamap/build/mockamap' returned '0': CMAKE_PREFIX_PATH=${CMAKE_PREFIX_PATH}:/opt/ros/humble /usr/bin/cmake --install /home/kiki/Workspace/drone_monitor/map_gen/mockamap/build/mockamap
[3.078s] Level 1:colcon.colcon_core.environment:checking '/home/kiki/Workspace/drone_monitor/map_gen/mockamap/install/mockamap' for CMake module files
[3.079s] Level 1:colcon.colcon_core.environment:checking '/home/kiki/Workspace/drone_monitor/map_gen/mockamap/install/mockamap' for CMake config files
[3.079s] Level 1:colcon.colcon_core.shell:create_environment_hook('mockamap', 'cmake_prefix_path')
[3.079s] INFO:colcon.colcon_core.shell:Creating environment hook '/home/kiki/Workspace/drone_monitor/map_gen/mockamap/install/mockamap/share/mockamap/hook/cmake_prefix_path.ps1'
[3.081s] INFO:colcon.colcon_core.shell:Creating environment descriptor '/home/kiki/Workspace/drone_monitor/map_gen/mockamap/install/mockamap/share/mockamap/hook/cmake_prefix_path.dsv'
[3.083s] INFO:colcon.colcon_core.shell:Creating environment hook '/home/kiki/Workspace/drone_monitor/map_gen/mockamap/install/mockamap/share/mockamap/hook/cmake_prefix_path.sh'
[3.083s] Level 1:colcon.colcon_core.environment:checking '/home/kiki/Workspace/drone_monitor/map_gen/mockamap/install/mockamap/lib'
[3.083s] Level 1:colcon.colcon_core.environment:checking '/home/kiki/Workspace/drone_monitor/map_gen/mockamap/install/mockamap/bin'
[3.083s] Level 1:colcon.colcon_core.environment:checking '/home/kiki/Workspace/drone_monitor/map_gen/mockamap/install/mockamap/lib/pkgconfig/mockamap.pc'
[3.084s] Level 1:colcon.colcon_core.environment:checking '/home/kiki/Workspace/drone_monitor/map_gen/mockamap/install/mockamap/lib/python3.10/site-packages'
[3.084s] Level 1:colcon.colcon_core.environment:checking '/home/kiki/Workspace/drone_monitor/map_gen/mockamap/install/mockamap/bin'
[3.084s] INFO:colcon.colcon_core.shell:Creating package script '/home/kiki/Workspace/drone_monitor/map_gen/mockamap/install/mockamap/share/mockamap/package.ps1'
[3.084s] INFO:colcon.colcon_core.shell:Creating package descriptor '/home/kiki/Workspace/drone_monitor/map_gen/mockamap/install/mockamap/share/mockamap/package.dsv'
[3.086s] INFO:colcon.colcon_core.shell:Creating package script '/home/kiki/Workspace/drone_monitor/map_gen/mockamap/install/mockamap/share/mockamap/package.sh'
[3.087s] INFO:colcon.colcon_core.shell:Creating package script '/home/kiki/Workspace/drone_monitor/map_gen/mockamap/install/mockamap/share/mockamap/package.bash'
[3.088s] INFO:colcon.colcon_core.shell:Creating package script '/home/kiki/Workspace/drone_monitor/map_gen/mockamap/install/mockamap/share/mockamap/package.zsh'
[3.089s] Level 1:colcon.colcon_core.environment:create_file_with_runtime_dependencies(/home/kiki/Workspace/drone_monitor/map_gen/mockamap/install/mockamap/share/colcon-core/packages/mockamap)
[3.102s] Level 1:colcon.colcon_core.environment:create_environment_scripts_only(mockamap)
[3.102s] Level 1:colcon.colcon_core.environment:checking '/home/kiki/Workspace/drone_monitor/map_gen/mockamap/install/mockamap' for CMake module files
[3.102s] Level 1:colcon.colcon_core.environment:checking '/home/kiki/Workspace/drone_monitor/map_gen/mockamap/install/mockamap' for CMake config files
[3.103s] Level 1:colcon.colcon_core.shell:create_environment_hook('mockamap', 'cmake_prefix_path')
[3.103s] INFO:colcon.colcon_core.shell:Creating environment hook '/home/kiki/Workspace/drone_monitor/map_gen/mockamap/install/mockamap/share/mockamap/hook/cmake_prefix_path.ps1'
[3.103s] INFO:colcon.colcon_core.shell:Creating environment descriptor '/home/kiki/Workspace/drone_monitor/map_gen/mockamap/install/mockamap/share/mockamap/hook/cmake_prefix_path.dsv'
[3.103s] INFO:colcon.colcon_core.shell:Creating environment hook '/home/kiki/Workspace/drone_monitor/map_gen/mockamap/install/mockamap/share/mockamap/hook/cmake_prefix_path.sh'
[3.104s] Level 1:colcon.colcon_core.environment:checking '/home/kiki/Workspace/drone_monitor/map_gen/mockamap/install/mockamap/lib'
[3.104s] Level 1:colcon.colcon_core.environment:checking '/home/kiki/Workspace/drone_monitor/map_gen/mockamap/install/mockamap/bin'
[3.104s] Level 1:colcon.colcon_core.environment:checking '/home/kiki/Workspace/drone_monitor/map_gen/mockamap/install/mockamap/lib/pkgconfig/mockamap.pc'
[3.104s] Level 1:colcon.colcon_core.environment:checking '/home/kiki/Workspace/drone_monitor/map_gen/mockamap/install/mockamap/lib/python3.10/site-packages'
[3.104s] Level 1:colcon.colcon_core.environment:checking '/home/kiki/Workspace/drone_monitor/map_gen/mockamap/install/mockamap/bin'
[3.104s] INFO:colcon.colcon_core.shell:Creating package script '/home/kiki/Workspace/drone_monitor/map_gen/mockamap/install/mockamap/share/mockamap/package.ps1'
[3.105s] INFO:colcon.colcon_core.shell:Creating package descriptor '/home/kiki/Workspace/drone_monitor/map_gen/mockamap/install/mockamap/share/mockamap/package.dsv'
[3.106s] INFO:colcon.colcon_core.shell:Creating package script '/home/kiki/Workspace/drone_monitor/map_gen/mockamap/install/mockamap/share/mockamap/package.sh'
[3.107s] INFO:colcon.colcon_core.shell:Creating package script '/home/kiki/Workspace/drone_monitor/map_gen/mockamap/install/mockamap/share/mockamap/package.bash'
[3.108s] INFO:colcon.colcon_core.shell:Creating package script '/home/kiki/Workspace/drone_monitor/map_gen/mockamap/install/mockamap/share/mockamap/package.zsh'
[3.109s] Level 1:colcon.colcon_core.environment:create_file_with_runtime_dependencies(/home/kiki/Workspace/drone_monitor/map_gen/mockamap/install/mockamap/share/colcon-core/packages/mockamap)
[3.110s] DEBUG:colcon.colcon_parallel_executor.executor.parallel:closing loop
[3.110s] DEBUG:colcon.colcon_parallel_executor.executor.parallel:loop closed
[3.110s] DEBUG:colcon.colcon_parallel_executor.executor.parallel:run_until_complete finished with '0'
[3.110s] DEBUG:colcon.colcon_core.event_reactor:joining thread
[3.114s] INFO:colcon.colcon_core.plugin_system:Skipping extension 'colcon_notification.desktop_notification.terminal_notifier': Not used on non-Darwin systems
[3.114s] INFO:colcon.colcon_core.plugin_system:Skipping extension 'colcon_notification.desktop_notification.win32': Not used on non-Windows systems
[3.114s] INFO:colcon.colcon_notification.desktop_notification:Sending desktop notification using 'notify2'
[3.128s] DEBUG:colcon.colcon_core.event_reactor:joined thread
[3.129s] INFO:colcon.colcon_core.shell:Creating prefix script '/home/kiki/Workspace/drone_monitor/map_gen/mockamap/install/local_setup.ps1'
[3.130s] INFO:colcon.colcon_core.shell:Creating prefix util module '/home/kiki/Workspace/drone_monitor/map_gen/mockamap/install/_local_setup_util_ps1.py'
[3.131s] INFO:colcon.colcon_core.shell:Creating prefix chain script '/home/kiki/Workspace/drone_monitor/map_gen/mockamap/install/setup.ps1'
[3.132s] INFO:colcon.colcon_core.shell:Creating prefix script '/home/kiki/Workspace/drone_monitor/map_gen/mockamap/install/local_setup.sh'
[3.134s] INFO:colcon.colcon_core.shell:Creating prefix util module '/home/kiki/Workspace/drone_monitor/map_gen/mockamap/install/_local_setup_util_sh.py'
[3.135s] INFO:colcon.colcon_core.shell:Creating prefix chain script '/home/kiki/Workspace/drone_monitor/map_gen/mockamap/install/setup.sh'
[3.136s] INFO:colcon.colcon_core.shell:Creating prefix script '/home/kiki/Workspace/drone_monitor/map_gen/mockamap/install/local_setup.bash'
[3.137s] INFO:colcon.colcon_core.shell:Creating prefix chain script '/home/kiki/Workspace/drone_monitor/map_gen/mockamap/install/setup.bash'
[3.138s] INFO:colcon.colcon_core.shell:Creating prefix script '/home/kiki/Workspace/drone_monitor/map_gen/mockamap/install/local_setup.zsh'
[3.139s] INFO:colcon.colcon_core.shell:Creating prefix chain script '/home/kiki/Workspace/drone_monitor/map_gen/mockamap/install/setup.zsh'
