[0.007s] Invoking command in '/home/kiki/Workspace/drone_monitor/build/mockamap': CMAKE_PREFIX_PATH=${CMAKE_PREFIX_PATH}:/opt/ros/humble /usr/bin/cmake --build /home/kiki/Workspace/drone_monitor/build/mockamap -- -j32 -l32
[0.027s] [35m[1mConsolidate compiler generated dependencies of target mockamap_node[0m
[0.039s] [ 33%] [32mBuilding CXX object CMakeFiles/mockamap_node.dir/src/mockamap.cpp.o[0m
[2.122s] [01m[K/home/kiki/Workspace/drone_monitor/map_gen/mockamap/src/mockamap.cpp:[m[K In member function ‘[01m[Kvoid mocka::Maps::RandomMapGenerateCylinder()[m[K’:
[2.122s] [01m[K/home/kiki/Workspace/drone_monitor/map_gen/mockamap/src/mockamap.cpp:522:12:[m[K [01;35m[Kwarning: [m[Kunused variable ‘[01m[K_resolution[m[K’ [[01;35m[K]8;;https://gcc.gnu.org/onlinedocs/gcc/Warning-Options.html#index-Wunused-variable-Wunused-variable]8;;[m[K]
[2.122s]   522 |     double [01;35m[K_resolution[m[K = 1 / info.scale;
[2.122s]       |            [01;35m[K^~~~~~~~~~~[m[K
[2.124s] [01m[K/home/kiki/Workspace/drone_monitor/map_gen/mockamap/src/mockamap.cpp:[m[K In member function ‘[01m[Kvoid mocka::Maps::recursiveDivision(int, int, int, int, Eigen::MatrixXi&)[m[K’:
[2.124s] [01m[K/home/kiki/Workspace/drone_monitor/map_gen/mockamap/src/mockamap.cpp:696:12:[m[K [01;35m[Kwarning: [m[Kunused variable ‘[01m[Kvalid[m[K’ [[01;35m[K]8;;https://gcc.gnu.org/onlinedocs/gcc/Warning-Options.html#index-Wunused-variable-Wunused-variable]8;;[m[K]
[2.124s]   696 |       bool [01;35m[Kvalid[m[K     = false; // used to judge whether the wall selection is valid
[2.125s]       |            [01;35m[K^~~~~[m[K
[3.342s] [ 66%] [32m[1mLinking CXX executable mockamap_node[0m
[3.497s] [100%] Built target mockamap_node
[3.502s] Invoked command in '/home/kiki/Workspace/drone_monitor/build/mockamap' returned '0': CMAKE_PREFIX_PATH=${CMAKE_PREFIX_PATH}:/opt/ros/humble /usr/bin/cmake --build /home/kiki/Workspace/drone_monitor/build/mockamap -- -j32 -l32
[3.517s] Invoking command in '/home/kiki/Workspace/drone_monitor/build/mockamap': CMAKE_PREFIX_PATH=${CMAKE_PREFIX_PATH}:/opt/ros/humble /usr/bin/cmake --install /home/kiki/Workspace/drone_monitor/build/mockamap
[3.519s] -- Install configuration: ""
[3.519s] -- Installing: /home/kiki/Workspace/drone_monitor/install/mockamap/lib/mockamap/mockamap_node
[3.520s] -- Set runtime path of "/home/kiki/Workspace/drone_monitor/install/mockamap/lib/mockamap/mockamap_node" to ""
[3.520s] -- Up-to-date: /home/kiki/Workspace/drone_monitor/install/mockamap/share/mockamap/launch
[3.520s] -- Up-to-date: /home/kiki/Workspace/drone_monitor/install/mockamap/share/mockamap/launch/mockamap.launch
[3.520s] -- Up-to-date: /home/kiki/Workspace/drone_monitor/install/mockamap/share/ament_index/resource_index/package_run_dependencies/mockamap
[3.520s] -- Up-to-date: /home/kiki/Workspace/drone_monitor/install/mockamap/share/ament_index/resource_index/parent_prefix_path/mockamap
[3.520s] -- Up-to-date: /home/kiki/Workspace/drone_monitor/install/mockamap/share/mockamap/environment/ament_prefix_path.sh
[3.520s] -- Up-to-date: /home/kiki/Workspace/drone_monitor/install/mockamap/share/mockamap/environment/ament_prefix_path.dsv
[3.520s] -- Up-to-date: /home/kiki/Workspace/drone_monitor/install/mockamap/share/mockamap/environment/path.sh
[3.520s] -- Up-to-date: /home/kiki/Workspace/drone_monitor/install/mockamap/share/mockamap/environment/path.dsv
[3.521s] -- Up-to-date: /home/kiki/Workspace/drone_monitor/install/mockamap/share/mockamap/local_setup.bash
[3.521s] -- Up-to-date: /home/kiki/Workspace/drone_monitor/install/mockamap/share/mockamap/local_setup.sh
[3.521s] -- Up-to-date: /home/kiki/Workspace/drone_monitor/install/mockamap/share/mockamap/local_setup.zsh
[3.521s] -- Up-to-date: /home/kiki/Workspace/drone_monitor/install/mockamap/share/mockamap/local_setup.dsv
[3.521s] -- Installing: /home/kiki/Workspace/drone_monitor/install/mockamap/share/mockamap/package.dsv
[3.521s] -- Up-to-date: /home/kiki/Workspace/drone_monitor/install/mockamap/share/ament_index/resource_index/packages/mockamap
[3.521s] -- Up-to-date: /home/kiki/Workspace/drone_monitor/install/mockamap/share/mockamap/cmake/mockamapConfig.cmake
[3.521s] -- Up-to-date: /home/kiki/Workspace/drone_monitor/install/mockamap/share/mockamap/cmake/mockamapConfig-version.cmake
[3.521s] -- Up-to-date: /home/kiki/Workspace/drone_monitor/install/mockamap/share/mockamap/package.xml
[3.522s] Invoked command in '/home/kiki/Workspace/drone_monitor/build/mockamap' returned '0': CMAKE_PREFIX_PATH=${CMAKE_PREFIX_PATH}:/opt/ros/humble /usr/bin/cmake --install /home/kiki/Workspace/drone_monitor/build/mockamap
